<?xml version="1.0" encoding="UTF-8"?>
<testsuite name="boofcv.alg.geo.calibration.TestZhang99CalibrationMatrixFromHomography" tests="2" skipped="0" failures="0" errors="0" timestamp="2017-05-10T18:53:01" hostname="ashu-Lenovo-G50-70" time="0.002">
  <properties/>
  <testcase name="withSkew" classname="boofcv.alg.geo.calibration.TestZhang99CalibrationMatrixFromHomography" time="0.001"/>
  <testcase name="withNoSkew" classname="boofcv.alg.geo.calibration.TestZhang99CalibrationMatrixFromHomography" time="0.001"/>
  <system-out><![CDATA[]]></system-out>
  <system-err><![CDATA[]]></system-err>
</testsuite>
