<?xml version="1.0" encoding="UTF-8"?>
<testsuite name="boofcv.alg.geo.calibration.TestZhang99OptimizationFunction" tests="2" skipped="0" failures="0" errors="0" timestamp="2017-05-10T18:53:01" hostname="ashu-Lenovo-G50-70" time="0.005">
  <properties/>
  <testcase name="computeResidualsPerfect_partial" classname="boofcv.alg.geo.calibration.TestZhang99OptimizationFunction" time="0.004"/>
  <testcase name="computeResidualsPerfect" classname="boofcv.alg.geo.calibration.TestZhang99OptimizationFunction" time="0.0"/>
  <system-out><![CDATA[]]></system-out>
  <system-err><![CDATA[]]></system-err>
</testsuite>
