<?xml version="1.0" encoding="UTF-8"?>
<testsuite name="boofcv.alg.geo.calibration.TestZhang99OptimizationJacobian" tests="2" skipped="0" failures="0" errors="0" timestamp="2017-05-10T18:53:01" hostname="ashu-Lenovo-G50-70" time="0.015">
  <properties/>
  <testcase name="compareToNumeric" classname="boofcv.alg.geo.calibration.TestZhang99OptimizationJacobian" time="0.01"/>
  <testcase name="compareToNumeric_partial" classname="boofcv.alg.geo.calibration.TestZhang99OptimizationJacobian" time="0.005"/>
  <system-out><![CDATA[]]></system-out>
  <system-err><![CDATA[]]></system-err>
</testsuite>
