<?xml version="1.0" encoding="UTF-8"?>
<testsuite name="boofcv.alg.geo.calibration.TestZhang99ParamCamera" tests="3" skipped="0" failures="0" errors="0" timestamp="2017-05-10T18:53:01" hostname="ashu-Lenovo-G50-70" time="0.001">
  <properties/>
  <testcase name="numParameters" classname="boofcv.alg.geo.calibration.TestZhang99ParamCamera" time="0.0"/>
  <testcase name="setFromParam_convertToParam" classname="boofcv.alg.geo.calibration.TestZhang99ParamCamera" time="0.0"/>
  <testcase name="zeroNotUsed" classname="boofcv.alg.geo.calibration.TestZhang99ParamCamera" time="0.0"/>
  <system-out><![CDATA[]]></system-out>
  <system-err><![CDATA[]]></system-err>
</testsuite>
