<?xml version="1.0" encoding="UTF-8"?>
<testsuite name="boofcv.alg.feature.color.TestHistogram_F64" tests="12" skipped="0" failures="0" errors="0" timestamp="2017-05-10T18:53:21" hostname="ashu-Lenovo-G50-70" time="0.0">
  <properties/>
  <testcase name="getDimensionIndex_int" classname="boofcv.alg.feature.color.TestHistogram_F64" time="0.0"/>
  <testcase name="constructor" classname="boofcv.alg.feature.color.TestHistogram_F64" time="0.0"/>
  <testcase name="getIndex_N" classname="boofcv.alg.feature.color.TestHistogram_F64" time="0.0"/>
  <testcase name="getIndex_two" classname="boofcv.alg.feature.color.TestHistogram_F64" time="0.0"/>
  <testcase name="isRangeSet" classname="boofcv.alg.feature.color.TestHistogram_F64" time="0.0"/>
  <testcase name="get_two" classname="boofcv.alg.feature.color.TestHistogram_F64" time="0.0"/>
  <testcase name="get_N" classname="boofcv.alg.feature.color.TestHistogram_F64" time="0.0"/>
  <testcase name="getDimensions" classname="boofcv.alg.feature.color.TestHistogram_F64" time="0.0"/>
  <testcase name="getIndex_three" classname="boofcv.alg.feature.color.TestHistogram_F64" time="0.0"/>
  <testcase name="get_three" classname="boofcv.alg.feature.color.TestHistogram_F64" time="0.0"/>
  <testcase name="setRange" classname="boofcv.alg.feature.color.TestHistogram_F64" time="0.0"/>
  <testcase name="getDimensionIndex_double" classname="boofcv.alg.feature.color.TestHistogram_F64" time="0.0"/>
  <system-out><![CDATA[]]></system-out>
  <system-err><![CDATA[]]></system-err>
</testsuite>
