<?xml version="1.0" encoding="UTF-8"?>
<testsuite name="boofcv.alg.feature.detect.interest.TestEasyGeneralFeatureDetector" tests="3" skipped="0" failures="0" errors="0" timestamp="2017-05-10T18:53:23" hostname="ashu-Lenovo-G50-70" time="0.002">
  <properties/>
  <testcase name="requiresHessian" classname="boofcv.alg.feature.detect.interest.TestEasyGeneralFeatureDetector" time="0.001"/>
  <testcase name="checkExclude" classname="boofcv.alg.feature.detect.interest.TestEasyGeneralFeatureDetector" time="0.0"/>
  <testcase name="requiresGradient" classname="boofcv.alg.feature.detect.interest.TestEasyGeneralFeatureDetector" time="0.0"/>
  <system-out><![CDATA[]]></system-out>
  <system-err><![CDATA[]]></system-err>
</testsuite>
