<?xml version="1.0" encoding="UTF-8"?>
<testsuite name="boofcv.alg.feature.describe.TestDescribePointSurfPlanar" tests="1" skipped="0" failures="0" errors="0" timestamp="2017-05-10T18:53:21" hostname="ashu-Lenovo-G50-70" time="0.025">
  <properties/>
  <testcase name="compareToSingleBand" classname="boofcv.alg.feature.describe.TestDescribePointSurfPlanar" time="0.025"/>
  <system-out><![CDATA[]]></system-out>
  <system-err><![CDATA[]]></system-err>
</testsuite>
