<?xml version="1.0" encoding="UTF-8"?>
<testsuite name="boofcv.abst.feature.detect.extract.TestWrapperNonMaximumBlock" tests="6" skipped="0" failures="0" errors="0" timestamp="2017-05-10T18:53:16" hostname="ashu-Lenovo-G50-70" time="0.008">
  <properties/>
  <testcase name="checkRelaxed_Max" classname="boofcv.abst.feature.detect.extract.TestWrapperNonMaximumBlock" time="0.002"/>
  <testcase name="checkRelaxed_Min" classname="boofcv.abst.feature.detect.extract.TestWrapperNonMaximumBlock" time="0.001"/>
  <testcase name="checkStrict_MinMax" classname="boofcv.abst.feature.detect.extract.TestWrapperNonMaximumBlock" time="0.0"/>
  <testcase name="checkStrict_Max" classname="boofcv.abst.feature.detect.extract.TestWrapperNonMaximumBlock" time="0.001"/>
  <testcase name="checkStrict_Min" classname="boofcv.abst.feature.detect.extract.TestWrapperNonMaximumBlock" time="0.001"/>
  <testcase name="checkRelaxed_MinMax" classname="boofcv.abst.feature.detect.extract.TestWrapperNonMaximumBlock" time="0.002"/>
  <system-out><![CDATA[]]></system-out>
  <system-err><![CDATA[]]></system-err>
</testsuite>
