<?xml version="1.0" encoding="UTF-8"?>
<testsuite name="boofcv.alg.feature.detect.edge.TestCannyEdgeDynamic" tests="2" skipped="0" failures="0" errors="0" timestamp="2017-05-10T18:53:22" hostname="ashu-Lenovo-G50-70" time="0.028">
  <properties/>
  <testcase name="basicTestPoints" classname="boofcv.alg.feature.detect.edge.TestCannyEdgeDynamic" time="0.009"/>
  <testcase name="canHandleNoTexture" classname="boofcv.alg.feature.detect.edge.TestCannyEdgeDynamic" time="0.018"/>
  <system-out><![CDATA[]]></system-out>
  <system-err><![CDATA[]]></system-err>
</testsuite>
