<?xml version="1.0" encoding="UTF-8"?>
<testsuite name="boofcv.alg.segmentation.ms.TestRegionMergeTree" tests="4" skipped="0" failures="0" errors="0" timestamp="2017-05-10T18:53:29" hostname="ashu-Lenovo-G50-70" time="0.0">
  <properties/>
  <testcase name="flowIntoRootNode" classname="boofcv.alg.segmentation.ms.TestRegionMergeTree" time="0.0"/>
  <testcase name="markMerge_quick" classname="boofcv.alg.segmentation.ms.TestRegionMergeTree" time="0.0"/>
  <testcase name="setToRootNodeNewID" classname="boofcv.alg.segmentation.ms.TestRegionMergeTree" time="0.0"/>
  <testcase name="markMergee_merge" classname="boofcv.alg.segmentation.ms.TestRegionMergeTree" time="0.0"/>
  <system-out><![CDATA[]]></system-out>
  <system-err><![CDATA[]]></system-err>
</testsuite>
