<?xml version="1.0" encoding="UTF-8"?>
<testsuite name="boofcv.alg.shapes.ellipse.TestBinaryEllipseDetector" tests="4" skipped="0" failures="0" errors="0" timestamp="2017-05-10T18:53:30" hostname="ashu-Lenovo-G50-70" time="2.748">
  <properties/>
  <testcase name="distortedImage" classname="boofcv.alg.shapes.ellipse.TestBinaryEllipseDetector" time="2.72"/>
  <testcase name="simpleCase" classname="boofcv.alg.shapes.ellipse.TestBinaryEllipseDetector" time="0.013"/>
  <testcase name="autoRefineToggle" classname="boofcv.alg.shapes.ellipse.TestBinaryEllipseDetector" time="0.01"/>
  <testcase name="filterByEdge" classname="boofcv.alg.shapes.ellipse.TestBinaryEllipseDetector" time="0.004"/>
  <system-out><![CDATA[]]></system-out>
  <system-err><![CDATA[]]></system-err>
</testsuite>
