<?xml version="1.0" encoding="UTF-8"?>
<testsuite name="boofcv.alg.background.TestBackgroundModelMoving" tests="2" skipped="0" failures="0" errors="0" timestamp="2017-05-10T18:53:21" hostname="ashu-Lenovo-G50-70" time="0.003">
  <properties/>
  <testcase name="updateBackground" classname="boofcv.alg.background.TestBackgroundModelMoving" time="0.002"/>
  <testcase name="segment" classname="boofcv.alg.background.TestBackgroundModelMoving" time="0.001"/>
  <system-out><![CDATA[]]></system-out>
  <system-err><![CDATA[]]></system-err>
</testsuite>
