<?xml version="1.0" encoding="UTF-8"?>
<testsuite name="boofcv.alg.feature.associate.TestAssociateSurfBasic" tests="4" skipped="0" failures="0" errors="0" timestamp="2017-05-10T18:53:21" hostname="ashu-Lenovo-G50-70" time="0.0">
  <properties/>
  <testcase name="checkAssociateByIntensity" classname="boofcv.alg.feature.associate.TestAssociateSurfBasic" time="0.0"/>
  <testcase name="basicAssociation" classname="boofcv.alg.feature.associate.TestAssociateSurfBasic" time="0.0"/>
  <testcase name="handleEmptyLists" classname="boofcv.alg.feature.associate.TestAssociateSurfBasic" time="0.0"/>
  <testcase name="checkUnassociated" classname="boofcv.alg.feature.associate.TestAssociateSurfBasic" time="0.0"/>
  <system-out><![CDATA[]]></system-out>
  <system-err><![CDATA[]]></system-err>
</testsuite>
