<?xml version="1.0" encoding="UTF-8"?>
<testsuite name="boofcv.alg.feature.orientation.TestOrientationHistogramSift" tests="6" skipped="0" failures="0" errors="0" timestamp="2017-05-10T18:53:29" hostname="ashu-Lenovo-G50-70" time="0.003">
  <properties/>
  <testcase name="computeAngle" classname="boofcv.alg.feature.orientation.TestOrientationHistogramSift" time="0.0"/>
  <testcase name="interpolateAngle" classname="boofcv.alg.feature.orientation.TestOrientationHistogramSift" time="0.0"/>
  <testcase name="computeHistogram" classname="boofcv.alg.feature.orientation.TestOrientationHistogramSift" time="0.002"/>
  <testcase name="computeWeight" classname="boofcv.alg.feature.orientation.TestOrientationHistogramSift" time="0.0"/>
  <testcase name="findHistogramPeaks" classname="boofcv.alg.feature.orientation.TestOrientationHistogramSift" time="0.0"/>
  <testcase name="process_easy" classname="boofcv.alg.feature.orientation.TestOrientationHistogramSift" time="0.001"/>
  <system-out><![CDATA[]]></system-out>
  <system-err><![CDATA[]]></system-err>
</testsuite>
