<?xml version="1.0" encoding="UTF-8"?>
<testsuite name="boofcv.alg.feature.detect.intensity.impl.TestImplShiTomasiCorner_F32" tests="2" skipped="0" failures="0" errors="0" timestamp="2017-05-10T18:53:23" hostname="ashu-Lenovo-G50-70" time="0.009">
  <properties/>
  <testcase name="compareToNaive" classname="boofcv.alg.feature.detect.intensity.impl.TestImplShiTomasiCorner_F32" time="0.003"/>
  <testcase name="genericTests" classname="boofcv.alg.feature.detect.intensity.impl.TestImplShiTomasiCorner_F32" time="0.006"/>
  <system-out><![CDATA[]]></system-out>
  <system-err><![CDATA[]]></system-err>
</testsuite>
