<?xml version="1.0" encoding="UTF-8"?>
<testsuite name="boofcv.alg.flow.TestDenseOpticalFlowKlt" tests="2" skipped="0" failures="0" errors="0" timestamp="2017-05-10T18:53:29" hostname="ashu-Lenovo-G50-70" time="0.005">
  <properties/>
  <testcase name="positive" classname="boofcv.alg.flow.TestDenseOpticalFlowKlt" time="0.002"/>
  <testcase name="negative" classname="boofcv.alg.flow.TestDenseOpticalFlowKlt" time="0.003"/>
  <system-out><![CDATA[]]></system-out>
  <system-err><![CDATA[]]></system-err>
</testsuite>
