<?xml version="1.0" encoding="UTF-8"?>
<testsuite name="boofcv.abst.feature.detect.intensity.TestWrapperGradientCornerIntensity" tests="1" skipped="0" failures="0" errors="0" timestamp="2017-05-10T18:53:16" hostname="ashu-Lenovo-G50-70" time="0.022">
  <properties/>
  <testcase name="checkReshapeBorder" classname="boofcv.abst.feature.detect.intensity.TestWrapperGradientCornerIntensity" time="0.022"/>
  <system-out><![CDATA[]]></system-out>
  <system-err><![CDATA[]]></system-err>
</testsuite>
