<?xml version="1.0" encoding="UTF-8"?>
<testsuite name="boofcv.alg.feature.dense.TestDescribeDenseHogFastAlg" tests="6" skipped="0" failures="0" errors="0" timestamp="2017-05-10T18:53:21" hostname="ashu-Lenovo-G50-70" time="0.16">
  <properties/>
  <testcase name="computeCells" classname="boofcv.alg.feature.dense.TestDescribeDenseHogFastAlg" time="0.158"/>
  <testcase name="computeDescriptor" classname="boofcv.alg.feature.dense.TestDescribeDenseHogFastAlg" time="0.0"/>
  <testcase name="getRegionWidthPixel" classname="boofcv.alg.feature.dense.TestDescribeDenseHogFastAlg" time="0.0"/>
  <testcase name="process" classname="boofcv.alg.feature.dense.TestDescribeDenseHogFastAlg" time="0.0"/>
  <testcase name="getDescriptorsInRegion" classname="boofcv.alg.feature.dense.TestDescribeDenseHogFastAlg" time="0.002"/>
  <testcase name="growCellArray" classname="boofcv.alg.feature.dense.TestDescribeDenseHogFastAlg" time="0.0"/>
  <system-out><![CDATA[]]></system-out>
  <system-err><![CDATA[]]></system-err>
</testsuite>
