<?xml version="1.0" encoding="UTF-8"?>
<testsuite name="boofcv.alg.shapes.polyline.TestMinimizeEnergyPrune" tests="5" skipped="0" failures="0" errors="0" timestamp="2017-05-10T18:53:34" hostname="ashu-Lenovo-G50-70" time="0.001">
  <properties/>
  <testcase name="computeSegmentEnergy" classname="boofcv.alg.shapes.polyline.TestMinimizeEnergyPrune" time="0.0"/>
  <testcase name="energyRemoveCorner" classname="boofcv.alg.shapes.polyline.TestMinimizeEnergyPrune" time="0.0"/>
  <testcase name="removeDuplicates" classname="boofcv.alg.shapes.polyline.TestMinimizeEnergyPrune" time="0.0"/>
  <testcase name="prune_obvious" classname="boofcv.alg.shapes.polyline.TestMinimizeEnergyPrune" time="0.001"/>
  <testcase name="prine_no_change" classname="boofcv.alg.shapes.polyline.TestMinimizeEnergyPrune" time="0.0"/>
  <system-out><![CDATA[]]></system-out>
  <system-err><![CDATA[]]></system-err>
</testsuite>
