<?xml version="1.0" encoding="UTF-8"?>
<testsuite name="boofcv.abst.feature.associate.TestAssociateDescTo2D" tests="1" skipped="0" failures="0" errors="0" timestamp="2017-05-10T18:53:13" hostname="ashu-Lenovo-G50-70" time="0.025">
  <properties/>
  <testcase name="basic" classname="boofcv.abst.feature.associate.TestAssociateDescTo2D" time="0.025"/>
  <system-out><![CDATA[]]></system-out>
  <system-err><![CDATA[]]></system-err>
</testsuite>
