<?xml version="1.0" encoding="UTF-8"?>
<testsuite name="boofcv.abst.feature.detdesc.TestDetectDescribeMultiFusion" tests="3" skipped="0" failures="0" errors="0" timestamp="2017-05-10T18:53:14" hostname="ashu-Lenovo-G50-70" time="0.154">
  <properties/>
  <testcase name="checkWithOrientation" classname="boofcv.abst.feature.detdesc.TestDetectDescribeMultiFusion" time="0.101"/>
  <testcase name="checkWithoutOrientation" classname="boofcv.abst.feature.detdesc.TestDetectDescribeMultiFusion" time="0.035"/>
  <testcase name="checkFeatureNotInBounds" classname="boofcv.abst.feature.detdesc.TestDetectDescribeMultiFusion" time="0.018"/>
  <system-out><![CDATA[]]></system-out>
  <system-err><![CDATA[]]></system-err>
</testsuite>
