<?xml version="1.0" encoding="UTF-8"?>
<testsuite name="boofcv.alg.feature.associate.TestAssociateGreedy" tests="3" skipped="0" failures="0" errors="0" timestamp="2017-05-10T18:53:21" hostname="ashu-Lenovo-G50-70" time="0.0">
  <properties/>
  <testcase name="basic" classname="boofcv.alg.feature.associate.TestAssociateGreedy" time="0.0"/>
  <testcase name="maxError" classname="boofcv.alg.feature.associate.TestAssociateGreedy" time="0.0"/>
  <testcase name="backwards" classname="boofcv.alg.feature.associate.TestAssociateGreedy" time="0.0"/>
  <system-out><![CDATA[]]></system-out>
  <system-err><![CDATA[]]></system-err>
</testsuite>
