<?xml version="1.0" encoding="UTF-8"?>
<testsuite name="boofcv.alg.feature.describe.impl.TestImplSurfDescribeOps" tests="4" skipped="0" failures="0" errors="0" timestamp="2017-05-10T18:53:21" hostname="ashu-Lenovo-G50-70" time="0.026">
  <properties/>
  <testcase name="naiveGradient" classname="boofcv.alg.feature.describe.impl.TestImplSurfDescribeOps" time="0.018"/>
  <testcase name="gradientInner_F32" classname="boofcv.alg.feature.describe.impl.TestImplSurfDescribeOps" time="0.001"/>
  <testcase name="gradientInner_I32" classname="boofcv.alg.feature.describe.impl.TestImplSurfDescribeOps" time="0.003"/>
  <testcase name="naiveGradient_fraction" classname="boofcv.alg.feature.describe.impl.TestImplSurfDescribeOps" time="0.004"/>
  <system-out><![CDATA[]]></system-out>
  <system-err><![CDATA[]]></system-err>
</testsuite>
