<?xml version="1.0" encoding="UTF-8"?>
<testsuite name="boofcv.abst.flow.TestHornSchunck_to_DenseOpticalFlow" tests="1" skipped="0" failures="0" errors="0" timestamp="2017-05-10T18:53:18" hostname="ashu-Lenovo-G50-70" time="0.304">
  <properties/>
  <testcase name="allTests" classname="boofcv.abst.flow.TestHornSchunck_to_DenseOpticalFlow" time="0.304"/>
  <system-out><![CDATA[]]></system-out>
  <system-err><![CDATA[]]></system-err>
</testsuite>
