<?xml version="1.0" encoding="UTF-8"?>
<testsuite name="boofcv.struct.feature.TestMatrixOfList" tests="5" skipped="0" failures="0" errors="0" timestamp="2017-05-10T18:53:35" hostname="ashu-Lenovo-G50-70" time="0.0">
  <properties/>
  <testcase name="isInBounds" classname="boofcv.struct.feature.TestMatrixOfList" time="0.0"/>
  <testcase name="createSingleList" classname="boofcv.struct.feature.TestMatrixOfList" time="0.0"/>
  <testcase name="reset" classname="boofcv.struct.feature.TestMatrixOfList" time="0.0"/>
  <testcase name="getWidth_getHeight" classname="boofcv.struct.feature.TestMatrixOfList" time="0.0"/>
  <testcase name="reshape" classname="boofcv.struct.feature.TestMatrixOfList" time="0.0"/>
  <system-out><![CDATA[]]></system-out>
  <system-err><![CDATA[]]></system-err>
</testsuite>
