<?xml version="1.0" encoding="UTF-8"?>
<testsuite name="boofcv.alg.segmentation.TestImageSegmentationOps" tests="5" skipped="0" failures="0" errors="0" timestamp="2017-05-10T18:53:29" hostname="ashu-Lenovo-G50-70" time="0.0">
  <properties/>
  <testcase name="regionPixelId_to_Compact" classname="boofcv.alg.segmentation.TestImageSegmentationOps" time="0.0"/>
  <testcase name="markRegionBorders1" classname="boofcv.alg.segmentation.TestImageSegmentationOps" time="0.0"/>
  <testcase name="markRegionBorders2" classname="boofcv.alg.segmentation.TestImageSegmentationOps" time="0.0"/>
  <testcase name="countRegionPixels_single" classname="boofcv.alg.segmentation.TestImageSegmentationOps" time="0.0"/>
  <testcase name="countRegionPixels_all" classname="boofcv.alg.segmentation.TestImageSegmentationOps" time="0.0"/>
  <system-out><![CDATA[]]></system-out>
  <system-err><![CDATA[]]></system-err>
</testsuite>
