<?xml version="1.0" encoding="UTF-8"?>
<testsuite name="boofcv.alg.background.stationary.TestBackgroundStationaryBasic_SB" tests="7" skipped="0" failures="0" errors="0" timestamp="2017-05-10T18:53:21" hostname="ashu-Lenovo-G50-70" time="0.038">
  <properties/>
  <testcase name="checkLearnRate" classname="boofcv.alg.background.stationary.TestBackgroundStationaryBasic_SB" time="0.014"/>
  <testcase name="checkThreshold" classname="boofcv.alg.background.stationary.TestBackgroundStationaryBasic_SB" time="0.002"/>
  <testcase name="basicCheck" classname="boofcv.alg.background.stationary.TestBackgroundStationaryBasic_SB" time="0.007"/>
  <testcase name="segmentBeforeUpdateBackGround" classname="boofcv.alg.background.stationary.TestBackgroundStationaryBasic_SB" time="0.0"/>
  <testcase name="checkBandsUsed" classname="boofcv.alg.background.stationary.TestBackgroundStationaryBasic_SB" time="0.011"/>
  <testcase name="reset" classname="boofcv.alg.background.stationary.TestBackgroundStationaryBasic_SB" time="0.001"/>
  <testcase name="checkSubImage" classname="boofcv.alg.background.stationary.TestBackgroundStationaryBasic_SB" time="0.003"/>
  <system-out><![CDATA[]]></system-out>
  <system-err><![CDATA[]]></system-err>
</testsuite>
