<?xml version="1.0" encoding="UTF-8"?>
<testsuite name="boofcv.alg.flow.TestHornSchunck_U8" tests="4" skipped="0" failures="0" errors="0" timestamp="2017-05-10T18:53:29" hostname="ashu-Lenovo-G50-70" time="0.003">
  <properties/>
  <testcase name="process" classname="boofcv.alg.flow.TestHornSchunck_U8" time="0.001"/>
  <testcase name="computeDerivT" classname="boofcv.alg.flow.TestHornSchunck_U8" time="0.0"/>
  <testcase name="computeDerivX" classname="boofcv.alg.flow.TestHornSchunck_U8" time="0.001"/>
  <testcase name="computeDerivY" classname="boofcv.alg.flow.TestHornSchunck_U8" time="0.001"/>
  <system-out><![CDATA[]]></system-out>
  <system-err><![CDATA[]]></system-err>
</testsuite>
