<?xml version="1.0" encoding="UTF-8"?>
<testsuite name="boofcv.alg.segmentation.ms.TestSegmentMeanShift" tests="2" skipped="0" failures="0" errors="0" timestamp="2017-05-10T18:53:29" hostname="ashu-Lenovo-G50-70" time="0.007">
  <properties/>
  <testcase name="obviousSplit" classname="boofcv.alg.segmentation.ms.TestSegmentMeanShift" time="0.003"/>
  <testcase name="uniformRegion" classname="boofcv.alg.segmentation.ms.TestSegmentMeanShift" time="0.004"/>
  <system-out><![CDATA[]]></system-out>
  <system-err><![CDATA[]]></system-err>
</testsuite>
