<?xml version="1.0" encoding="UTF-8"?>
<testsuite name="boofcv.alg.segmentation.fh04.impl.TestFhEdgeWeights8_PLU8" tests="2" skipped="0" failures="0" errors="0" timestamp="2017-05-10T18:53:29" hostname="ashu-Lenovo-G50-70" time="0.015">
  <properties/>
  <testcase name="subimage" classname="boofcv.alg.segmentation.fh04.impl.TestFhEdgeWeights8_PLU8" time="0.014"/>
  <testcase name="basicTest" classname="boofcv.alg.segmentation.fh04.impl.TestFhEdgeWeights8_PLU8" time="0.001"/>
  <system-out><![CDATA[]]></system-out>
  <system-err><![CDATA[]]></system-err>
</testsuite>
