<?xml version="1.0" encoding="UTF-8"?>
<testsuite name="boofcv.abst.flow.TestBroxWarpingSpacial_to_DenseOpticalFlow" tests="4" skipped="0" failures="0" errors="0" timestamp="2017-05-10T18:53:17" hostname="ashu-Lenovo-G50-70" time="0.459">
  <properties/>
  <testcase name="checkSubImage" classname="boofcv.abst.flow.TestBroxWarpingSpacial_to_DenseOpticalFlow" time="0.12"/>
  <testcase name="checkChangeInputSize" classname="boofcv.abst.flow.TestBroxWarpingSpacial_to_DenseOpticalFlow" time="0.022"/>
  <testcase name="checkPlanarMotion" classname="boofcv.abst.flow.TestBroxWarpingSpacial_to_DenseOpticalFlow" time="0.277"/>
  <testcase name="processEdges" classname="boofcv.abst.flow.TestBroxWarpingSpacial_to_DenseOpticalFlow" time="0.039"/>
  <system-out><![CDATA[]]></system-out>
  <system-err><![CDATA[]]></system-err>
</testsuite>
