<?xml version="1.0" encoding="UTF-8"?>
<testsuite name="boofcv.abst.feature.detdesc.TestDetectDescribe_CompleteSift" tests="1" skipped="0" failures="0" errors="0" timestamp="2017-05-10T18:53:14" hostname="ashu-Lenovo-G50-70" time="1.666">
  <properties/>
  <testcase name="allTypes" classname="boofcv.abst.feature.detdesc.TestDetectDescribe_CompleteSift" time="1.666"/>
  <system-out><![CDATA[]]></system-out>
  <system-err><![CDATA[]]></system-err>
</testsuite>
