<?xml version="1.0" encoding="UTF-8"?>
<testsuite name="boofcv.struct.flow.TestImageFlow" tests="5" skipped="0" failures="0" errors="0" timestamp="2017-05-10T18:53:35" hostname="ashu-Lenovo-G50-70" time="0.0">
  <properties/>
  <testcase name="isInBounds" classname="boofcv.struct.flow.TestImageFlow" time="0.0"/>
  <testcase name="constructor" classname="boofcv.struct.flow.TestImageFlow" time="0.0"/>
  <testcase name="invalidateAll" classname="boofcv.struct.flow.TestImageFlow" time="0.0"/>
  <testcase name="get" classname="boofcv.struct.flow.TestImageFlow" time="0.0"/>
  <testcase name="reshape" classname="boofcv.struct.flow.TestImageFlow" time="0.0"/>
  <system-out><![CDATA[]]></system-out>
  <system-err><![CDATA[]]></system-err>
</testsuite>
