<?xml version="1.0" encoding="UTF-8"?>
<testsuite name="boofcv.alg.background.stationary.TestBackgroundStationaryGaussian_IL" tests="8" skipped="0" failures="0" errors="0" timestamp="2017-05-10T18:53:21" hostname="ashu-Lenovo-G50-70" time="0.178">
  <properties/>
  <testcase name="initialVariance" classname="boofcv.alg.background.stationary.TestBackgroundStationaryGaussian_IL" time="0.024"/>
  <testcase name="learnRate" classname="boofcv.alg.background.stationary.TestBackgroundStationaryGaussian_IL" time="0.049"/>
  <testcase name="minimumDifference" classname="boofcv.alg.background.stationary.TestBackgroundStationaryGaussian_IL" time="0.003"/>
  <testcase name="basicCheck" classname="boofcv.alg.background.stationary.TestBackgroundStationaryGaussian_IL" time="0.027"/>
  <testcase name="segmentBeforeUpdateBackGround" classname="boofcv.alg.background.stationary.TestBackgroundStationaryGaussian_IL" time="0.0"/>
  <testcase name="checkBandsUsed" classname="boofcv.alg.background.stationary.TestBackgroundStationaryGaussian_IL" time="0.066"/>
  <testcase name="reset" classname="boofcv.alg.background.stationary.TestBackgroundStationaryGaussian_IL" time="0.001"/>
  <testcase name="checkSubImage" classname="boofcv.alg.background.stationary.TestBackgroundStationaryGaussian_IL" time="0.007"/>
  <system-out><![CDATA[]]></system-out>
  <system-err><![CDATA[]]></system-err>
</testsuite>
