<?xml version="1.0" encoding="UTF-8"?>
<testsuite name="boofcv.alg.segmentation.ms.TestClusterLabeledImage" tests="4" skipped="0" failures="0" errors="0" timestamp="2017-05-10T18:53:29" hostname="ashu-Lenovo-G50-70" time="0.0">
  <properties/>
  <testcase name="case0_connect4" classname="boofcv.alg.segmentation.ms.TestClusterLabeledImage" time="0.0"/>
  <testcase name="case0_connect8" classname="boofcv.alg.segmentation.ms.TestClusterLabeledImage" time="0.0"/>
  <testcase name="sameColorIslands" classname="boofcv.alg.segmentation.ms.TestClusterLabeledImage" time="0.0"/>
  <testcase name="uniform" classname="boofcv.alg.segmentation.ms.TestClusterLabeledImage" time="0.0"/>
  <system-out><![CDATA[]]></system-out>
  <system-err><![CDATA[]]></system-err>
</testsuite>
