<?xml version="1.0" encoding="UTF-8"?>
<testsuite name="boofcv.abst.feature.interest.TestWrapFHtoInterestPoint" tests="1" skipped="0" failures="0" errors="0" timestamp="2017-05-10T18:53:17" hostname="ashu-Lenovo-G50-70" time="0.044">
  <properties/>
  <testcase name="standard" classname="boofcv.abst.feature.interest.TestWrapFHtoInterestPoint" time="0.044"/>
  <system-out><![CDATA[]]></system-out>
  <system-err><![CDATA[]]></system-err>
</testsuite>
