<?xml version="1.0" encoding="UTF-8"?>
<testsuite name="boofcv.alg.background.moving.TestBackgroundMovingGaussian_SB" tests="7" skipped="0" failures="0" errors="0" timestamp="2017-05-10T18:53:20" hostname="ashu-Lenovo-G50-70" time="0.046">
  <properties/>
  <testcase name="performStationaryTests" classname="boofcv.alg.background.moving.TestBackgroundMovingGaussian_SB" time="0.0"/>
  <testcase name="currentOutsideBackground" classname="boofcv.alg.background.moving.TestBackgroundMovingGaussian_SB" time="0.018"/>
  <testcase name="basicCheck" classname="boofcv.alg.background.moving.TestBackgroundMovingGaussian_SB" time="0.016"/>
  <testcase name="reset" classname="boofcv.alg.background.moving.TestBackgroundMovingGaussian_SB" time="0.002"/>
  <testcase name="checkSubImage" classname="boofcv.alg.background.moving.TestBackgroundMovingGaussian_SB" time="0.005"/>
  <testcase name="markUnobservedAsUnknown" classname="boofcv.alg.background.moving.TestBackgroundMovingGaussian_SB" time="0.002"/>
  <testcase name="markNoBackgroundAsBackground" classname="boofcv.alg.background.moving.TestBackgroundMovingGaussian_SB" time="0.003"/>
  <system-out><![CDATA[]]></system-out>
  <system-err><![CDATA[]]></system-err>
</testsuite>
