<?xml version="1.0" encoding="UTF-8"?>
<testsuite name="boofcv.alg.feature.dense.TestDescribeDenseHogAlg" tests="4" skipped="0" failures="0" errors="0" timestamp="2017-05-10T18:53:21" hostname="ashu-Lenovo-G50-70" time="0.002">
  <properties/>
  <testcase name="computeCellHistogram" classname="boofcv.alg.feature.dense.TestDescribeDenseHogAlg" time="0.001"/>
  <testcase name="process" classname="boofcv.alg.feature.dense.TestDescribeDenseHogAlg" time="0.0"/>
  <testcase name="computeWeightBlockPixels" classname="boofcv.alg.feature.dense.TestDescribeDenseHogAlg" time="0.0"/>
  <testcase name="addToHistogram" classname="boofcv.alg.feature.dense.TestDescribeDenseHogAlg" time="0.001"/>
  <system-out><![CDATA[]]></system-out>
  <system-err><![CDATA[]]></system-err>
</testsuite>
