<?xml version="1.0" encoding="UTF-8"?>
<testsuite name="boofcv.alg.segmentation.watershed.TestWatershedVincentSoille1991_Connect4" tests="9" skipped="0" failures="0" errors="0" timestamp="2017-05-10T18:53:29" hostname="ashu-Lenovo-G50-70" time="0.017">
  <properties/>
  <testcase name="basic" classname="boofcv.alg.segmentation.watershed.TestWatershedVincentSoille1991_Connect4" time="0.016"/>
  <testcase name="exampleSeeds0" classname="boofcv.alg.segmentation.watershed.TestWatershedVincentSoille1991_Connect4" time="0.0"/>
  <testcase name="exampleSeeds1" classname="boofcv.alg.segmentation.watershed.TestWatershedVincentSoille1991_Connect4" time="0.0"/>
  <testcase name="exampleSeeds2" classname="boofcv.alg.segmentation.watershed.TestWatershedVincentSoille1991_Connect4" time="0.0"/>
  <testcase name="example0" classname="boofcv.alg.segmentation.watershed.TestWatershedVincentSoille1991_Connect4" time="0.0"/>
  <testcase name="example1" classname="boofcv.alg.segmentation.watershed.TestWatershedVincentSoille1991_Connect4" time="0.001"/>
  <testcase name="example2" classname="boofcv.alg.segmentation.watershed.TestWatershedVincentSoille1991_Connect4" time="0.0"/>
  <testcase name="example4" classname="boofcv.alg.segmentation.watershed.TestWatershedVincentSoille1991_Connect4" time="0.0"/>
  <testcase name="example5" classname="boofcv.alg.segmentation.watershed.TestWatershedVincentSoille1991_Connect4" time="0.0"/>
  <system-out><![CDATA[]]></system-out>
  <system-err><![CDATA[]]></system-err>
</testsuite>
