<?xml version="1.0" encoding="UTF-8"?>
<testsuite name="boofcv.alg.background.moving.TestBackgroundMovingBasic_PL" tests="7" skipped="0" failures="0" errors="0" timestamp="2017-05-10T18:53:20" hostname="ashu-Lenovo-G50-70" time="0.226">
  <properties/>
  <testcase name="performStationaryTests" classname="boofcv.alg.background.moving.TestBackgroundMovingBasic_PL" time="0.0"/>
  <testcase name="currentOutsideBackground" classname="boofcv.alg.background.moving.TestBackgroundMovingBasic_PL" time="0.094"/>
  <testcase name="basicCheck" classname="boofcv.alg.background.moving.TestBackgroundMovingBasic_PL" time="0.084"/>
  <testcase name="reset" classname="boofcv.alg.background.moving.TestBackgroundMovingBasic_PL" time="0.019"/>
  <testcase name="checkSubImage" classname="boofcv.alg.background.moving.TestBackgroundMovingBasic_PL" time="0.024"/>
  <testcase name="markUnobservedAsUnknown" classname="boofcv.alg.background.moving.TestBackgroundMovingBasic_PL" time="0.002"/>
  <testcase name="markNoBackgroundAsBackground" classname="boofcv.alg.background.moving.TestBackgroundMovingBasic_PL" time="0.002"/>
  <system-out><![CDATA[]]></system-out>
  <system-err><![CDATA[]]></system-err>
</testsuite>
