<?xml version="1.0" encoding="UTF-8"?>
<testsuite name="boofcv.abst.flow.TestHornSchunckPyramid_to_DenseOpticalFlow" tests="4" skipped="0" failures="0" errors="0" timestamp="2017-05-10T18:53:18" hostname="ashu-Lenovo-G50-70" time="0.568">
  <properties/>
  <testcase name="checkSubImage" classname="boofcv.abst.flow.TestHornSchunckPyramid_to_DenseOpticalFlow" time="0.14"/>
  <testcase name="checkChangeInputSize" classname="boofcv.abst.flow.TestHornSchunckPyramid_to_DenseOpticalFlow" time="0.012"/>
  <testcase name="checkPlanarMotion" classname="boofcv.abst.flow.TestHornSchunckPyramid_to_DenseOpticalFlow" time="0.376"/>
  <testcase name="processEdges" classname="boofcv.abst.flow.TestHornSchunckPyramid_to_DenseOpticalFlow" time="0.039"/>
  <system-out><![CDATA[]]></system-out>
  <system-err><![CDATA[]]></system-err>
</testsuite>
