<?xml version="1.0" encoding="UTF-8"?>
<testsuite name="boofcv.alg.feature.detect.line.TestConnectLinesGrid" tests="6" skipped="0" failures="0" errors="0" timestamp="2017-05-10T18:53:27" hostname="ashu-Lenovo-G50-70" time="0.016">
  <properties/>
  <testcase name="connectToNeighborRegion" classname="boofcv.alg.feature.detect.line.TestConnectLinesGrid" time="0.015"/>
  <testcase name="checkAngleTolerance" classname="boofcv.alg.feature.detect.line.TestConnectLinesGrid" time="0.0"/>
  <testcase name="checkParallelTolerance" classname="boofcv.alg.feature.detect.line.TestConnectLinesGrid" time="0.0"/>
  <testcase name="checkHalfCircleAngle" classname="boofcv.alg.feature.detect.line.TestConnectLinesGrid" time="0.0"/>
  <testcase name="checkTangentTolerance" classname="boofcv.alg.feature.detect.line.TestConnectLinesGrid" time="0.0"/>
  <testcase name="connectInSameRegion" classname="boofcv.alg.feature.detect.line.TestConnectLinesGrid" time="0.0"/>
  <system-out><![CDATA[]]></system-out>
  <system-err><![CDATA[]]></system-err>
</testsuite>
