<?xml version="1.0" encoding="UTF-8"?>
<testsuite name="boofcv.alg.shapes.corner.TestRefineCornerLinesToImage" tests="3" skipped="0" failures="0" errors="0" timestamp="2017-05-10T18:53:29" hostname="ashu-Lenovo-G50-70" time="0.547">
  <properties/>
  <testcase name="noisyDistorted" classname="boofcv.alg.shapes.corner.TestRefineCornerLinesToImage" time="0.497"/>
  <testcase name="perfectRectangle" classname="boofcv.alg.shapes.corner.TestRefineCornerLinesToImage" time="0.047"/>
  <testcase name="optimize" classname="boofcv.alg.shapes.corner.TestRefineCornerLinesToImage" time="0.003"/>
  <system-out><![CDATA[]]></system-out>
  <system-err><![CDATA[]]></system-err>
</testsuite>
