<?xml version="1.0" encoding="UTF-8"?>
<testsuite name="boofcv.alg.tracker.combined.TestCombinedTrackerScalePoint" tests="4" skipped="0" failures="0" errors="0" timestamp="2017-05-10T18:53:34" hostname="ashu-Lenovo-G50-70" time="0.387">
  <properties/>
  <testcase name="associateAllToDetected" classname="boofcv.alg.tracker.combined.TestCombinedTrackerScalePoint" time="0.387"/>
  <testcase name="updateTracks" classname="boofcv.alg.tracker.combined.TestCombinedTrackerScalePoint" time="0.0"/>
  <testcase name="reset" classname="boofcv.alg.tracker.combined.TestCombinedTrackerScalePoint" time="0.0"/>
  <testcase name="dropAllTracks" classname="boofcv.alg.tracker.combined.TestCombinedTrackerScalePoint" time="0.0"/>
  <system-out><![CDATA[]]></system-out>
  <system-err><![CDATA[]]></system-err>
</testsuite>
