<?xml version="1.0" encoding="UTF-8"?>
<testsuite name="boofcv.alg.feature.detect.intensity.impl.TestImplKitRosCornerIntensity" tests="2" skipped="0" failures="0" errors="0" timestamp="2017-05-10T18:53:23" hostname="ashu-Lenovo-G50-70" time="0.005">
  <properties/>
  <testcase name="test_F32" classname="boofcv.alg.feature.detect.intensity.impl.TestImplKitRosCornerIntensity" time="0.002"/>
  <testcase name="test_S16" classname="boofcv.alg.feature.detect.intensity.impl.TestImplKitRosCornerIntensity" time="0.003"/>
  <system-out><![CDATA[]]></system-out>
  <system-err><![CDATA[]]></system-err>
</testsuite>
