<?xml version="1.0" encoding="UTF-8"?>
<testsuite name="boofcv.abst.feature.associate.TestAssociateNearestNeighbor" tests="8" skipped="0" failures="0" errors="0" timestamp="2017-05-10T18:53:13" hostname="ashu-Lenovo-G50-70" time="0.04">
  <properties/>
  <testcase name="various" classname="boofcv.abst.feature.associate.TestAssociateNearestNeighbor" time="0.017"/>
  <testcase name="checkDefaultThreshold" classname="boofcv.abst.feature.associate.TestAssociateNearestNeighbor" time="0.018"/>
  <testcase name="basicTests" classname="boofcv.abst.feature.associate.TestAssociateNearestNeighbor" time="0.001"/>
  <testcase name="checkScoreType" classname="boofcv.abst.feature.associate.TestAssociateNearestNeighbor" time="0.0"/>
  <testcase name="uniqueSource" classname="boofcv.abst.feature.associate.TestAssociateNearestNeighbor" time="0.001"/>
  <testcase name="checkSetThreshold" classname="boofcv.abst.feature.associate.TestAssociateNearestNeighbor" time="0.001"/>
  <testcase name="uniqueDestination" classname="boofcv.abst.feature.associate.TestAssociateNearestNeighbor" time="0.0"/>
  <testcase name="checkUnassociatedLists" classname="boofcv.abst.feature.associate.TestAssociateNearestNeighbor" time="0.0"/>
  <system-out><![CDATA[]]></system-out>
  <system-err><![CDATA[]]></system-err>
</testsuite>
