<?xml version="1.0" encoding="UTF-8"?>
<testsuite name="boofcv.alg.shapes.edge.TestSnapToLineEdge" tests="6" skipped="0" failures="0" errors="0" timestamp="2017-05-10T18:53:30" hostname="ashu-Lenovo-G50-70" time="0.032">
  <properties/>
  <testcase name="subimage" classname="boofcv.alg.shapes.edge.TestSnapToLineEdge" time="0.001"/>
  <testcase name="computePointsAndWeights" classname="boofcv.alg.shapes.edge.TestSnapToLineEdge" time="0.001"/>
  <testcase name="easy_aligned" classname="boofcv.alg.shapes.edge.TestSnapToLineEdge" time="0.001"/>
  <testcase name="fit_noisy_affine" classname="boofcv.alg.shapes.edge.TestSnapToLineEdge" time="0.027"/>
  <testcase name="localToGlobal" classname="boofcv.alg.shapes.edge.TestSnapToLineEdge" time="0.0"/>
  <testcase name="computePointsAndWeights_border" classname="boofcv.alg.shapes.edge.TestSnapToLineEdge" time="0.001"/>
  <system-out><![CDATA[]]></system-out>
  <system-err><![CDATA[]]></system-err>
</testsuite>
