<?xml version="1.0" encoding="UTF-8"?>
<testsuite name="boofcv.alg.feature.detect.line.gridline.TestGridLineModelFitter" tests="2" skipped="0" failures="0" errors="0" timestamp="2017-05-10T18:53:27" hostname="ashu-Lenovo-G50-70" time="0.011">
  <properties/>
  <testcase name="checkFailInCompatible" classname="boofcv.alg.feature.detect.line.gridline.TestGridLineModelFitter" time="0.011"/>
  <testcase name="checkFit" classname="boofcv.alg.feature.detect.line.gridline.TestGridLineModelFitter" time="0.0"/>
  <system-out><![CDATA[]]></system-out>
  <system-err><![CDATA[]]></system-err>
</testsuite>
