<?xml version="1.0" encoding="UTF-8"?>
<testsuite name="boofcv.alg.segmentation.TestComputeRegionMeanColor" tests="5" skipped="0" failures="0" errors="0" timestamp="2017-05-10T18:53:29" hostname="ashu-Lenovo-G50-70" time="0.002">
  <properties/>
  <testcase name="specific_F32" classname="boofcv.alg.segmentation.TestComputeRegionMeanColor" time="0.0"/>
  <testcase name="specific_PL_F32" classname="boofcv.alg.segmentation.TestComputeRegionMeanColor" time="0.0"/>
  <testcase name="specific_U8" classname="boofcv.alg.segmentation.TestComputeRegionMeanColor" time="0.0"/>
  <testcase name="process" classname="boofcv.alg.segmentation.TestComputeRegionMeanColor" time="0.002"/>
  <testcase name="specific_PL_U8" classname="boofcv.alg.segmentation.TestComputeRegionMeanColor" time="0.0"/>
  <system-out><![CDATA[]]></system-out>
  <system-err><![CDATA[]]></system-err>
</testsuite>
