<?xml version="1.0" encoding="UTF-8"?>
<testsuite name="boofcv.alg.flow.TestBroxWarpingSpacial" tests="4" skipped="0" failures="0" errors="0" timestamp="2017-05-10T18:53:29" hostname="ashu-Lenovo-G50-70" time="0.159">
  <properties/>
  <testcase name="computeDivUVD_safe" classname="boofcv.alg.flow.TestBroxWarpingSpacial" time="0.0"/>
  <testcase name="process" classname="boofcv.alg.flow.TestBroxWarpingSpacial" time="0.158"/>
  <testcase name="s" classname="boofcv.alg.flow.TestBroxWarpingSpacial" time="0.0"/>
  <testcase name="computePsiDataPsiGradient" classname="boofcv.alg.flow.TestBroxWarpingSpacial" time="0.001"/>
  <system-out><![CDATA[]]></system-out>
  <system-err><![CDATA[]]></system-err>
</testsuite>
