<?xml version="1.0" encoding="UTF-8"?>
<testsuite name="boofcv.alg.feature.color.TestGHistogramFeatureOps" tests="3" skipped="0" failures="0" errors="0" timestamp="2017-05-10T18:53:21" hostname="ashu-Lenovo-G50-70" time="0.005">
  <properties/>
  <testcase name="histogram_array" classname="boofcv.alg.feature.color.TestGHistogramFeatureOps" time="0.003"/>
  <testcase name="histogram_pl" classname="boofcv.alg.feature.color.TestGHistogramFeatureOps" time="0.001"/>
  <testcase name="histogram_sb" classname="boofcv.alg.feature.color.TestGHistogramFeatureOps" time="0.001"/>
  <system-out><![CDATA[]]></system-out>
  <system-err><![CDATA[]]></system-err>
</testsuite>
