<?xml version="1.0" encoding="UTF-8"?>
<testsuite name="boofcv.alg.feature.detect.template.TestTemplateDiffSquared" tests="2" skipped="0" failures="0" errors="0" timestamp="2017-05-10T18:53:28" hostname="ashu-Lenovo-G50-70" time="0.054">
  <properties/>
  <testcase name="instanceF32" classname="boofcv.alg.feature.detect.template.TestTemplateDiffSquared" time="0.039"/>
  <testcase name="instanceU8" classname="boofcv.alg.feature.detect.template.TestTemplateDiffSquared" time="0.015"/>
  <system-out><![CDATA[]]></system-out>
  <system-err><![CDATA[]]></system-err>
</testsuite>
