<?xml version="1.0" encoding="UTF-8"?>
<testsuite name="boofcv.alg.tracker.combined.TestPyramidKltForCombined" tests="2" skipped="0" failures="0" errors="0" timestamp="2017-05-10T18:53:35" hostname="ashu-Lenovo-G50-70" time="0.005">
  <properties/>
  <testcase name="setDescription" classname="boofcv.alg.tracker.combined.TestPyramidKltForCombined" time="0.002"/>
  <testcase name="performTracking" classname="boofcv.alg.tracker.combined.TestPyramidKltForCombined" time="0.003"/>
  <system-out><![CDATA[]]></system-out>
  <system-err><![CDATA[]]></system-err>
</testsuite>
