<?xml version="1.0" encoding="UTF-8"?>
<testsuite name="boofcv.alg.shapes.polyline.TestSplitMergeLineFitSegment" tests="7" skipped="0" failures="0" errors="0" timestamp="2017-05-10T18:53:34" hostname="ashu-Lenovo-G50-70" time="0.02">
  <properties/>
  <testcase name="simpleCase" classname="boofcv.alg.shapes.polyline.TestSplitMergeLineFitSegment" time="0.02"/>
  <testcase name="selectSplitOffset" classname="boofcv.alg.shapes.polyline.TestSplitMergeLineFitSegment" time="0.0"/>
  <testcase name="checkZeroOne" classname="boofcv.alg.shapes.polyline.TestSplitMergeLineFitSegment" time="0.0"/>
  <testcase name="mergeSegments" classname="boofcv.alg.shapes.polyline.TestSplitMergeLineFitSegment" time="0.0"/>
  <testcase name="splitSegments" classname="boofcv.alg.shapes.polyline.TestSplitMergeLineFitSegment" time="0.0"/>
  <testcase name="selectSplitBetween_minimumSideLengthPixel" classname="boofcv.alg.shapes.polyline.TestSplitMergeLineFitSegment" time="0.0"/>
  <testcase name="set_minimumSideLengthPixel" classname="boofcv.alg.shapes.polyline.TestSplitMergeLineFitSegment" time="0.0"/>
  <system-out><![CDATA[]]></system-out>
  <system-err><![CDATA[]]></system-err>
</testsuite>
