<?xml version="1.0" encoding="UTF-8"?>
<testsuite name="boofcv.alg.feature.detect.edge.TestHysteresisEdgeTraceMark" tests="5" skipped="0" failures="0" errors="0" timestamp="2017-05-10T18:53:22" hostname="ashu-Lenovo-G50-70" time="0.002">
  <properties/>
  <testcase name="test0" classname="boofcv.alg.feature.detect.edge.TestHysteresisEdgeTraceMark" time="0.001"/>
  <testcase name="test1" classname="boofcv.alg.feature.detect.edge.TestHysteresisEdgeTraceMark" time="0.0"/>
  <testcase name="test2" classname="boofcv.alg.feature.detect.edge.TestHysteresisEdgeTraceMark" time="0.0"/>
  <testcase name="test3" classname="boofcv.alg.feature.detect.edge.TestHysteresisEdgeTraceMark" time="0.0"/>
  <testcase name="test4" classname="boofcv.alg.feature.detect.edge.TestHysteresisEdgeTraceMark" time="0.0"/>
  <system-out><![CDATA[]]></system-out>
  <system-err><![CDATA[]]></system-err>
</testsuite>
