<?xml version="1.0" encoding="UTF-8"?>
<testsuite name="boofcv.alg.shapes.polygon.TestRefinePolygonLineToImage" tests="8" skipped="0" failures="0" errors="0" timestamp="2017-05-10T18:53:34" hostname="ashu-Lenovo-G50-70" time="0.18">
  <properties/>
  <testcase name="fit_tooSmall" classname="boofcv.alg.shapes.polygon.TestRefinePolygonLineToImage" time="0.009"/>
  <testcase name="fit_noisy_affine" classname="boofcv.alg.shapes.polygon.TestRefinePolygonLineToImage" time="0.066"/>
  <testcase name="fit_perfect_affine" classname="boofcv.alg.shapes.polygon.TestRefinePolygonLineToImage" time="0.046"/>
  <testcase name="fit_perfect_transform" classname="boofcv.alg.shapes.polygon.TestRefinePolygonLineToImage" time="0.024"/>
  <testcase name="alignedSquare" classname="boofcv.alg.shapes.polygon.TestRefinePolygonLineToImage" time="0.022"/>
  <testcase name="optimize_line_perfect" classname="boofcv.alg.shapes.polygon.TestRefinePolygonLineToImage" time="0.002"/>
  <testcase name="fitWithEdgeOnBorder" classname="boofcv.alg.shapes.polygon.TestRefinePolygonLineToImage" time="0.001"/>
  <testcase name="fit_subimage" classname="boofcv.alg.shapes.polygon.TestRefinePolygonLineToImage" time="0.009"/>
  <system-out><![CDATA[]]></system-out>
  <system-err><![CDATA[]]></system-err>
</testsuite>
