<?xml version="1.0" encoding="UTF-8"?>
<testsuite name="boofcv.abst.feature.dense.TestGenericDenseDescribeImage" tests="2" skipped="0" failures="0" errors="0" timestamp="2017-05-10T18:53:13" hostname="ashu-Lenovo-G50-70" time="0.019">
  <properties/>
  <testcase name="process" classname="boofcv.abst.feature.dense.TestGenericDenseDescribeImage" time="0.018"/>
  <testcase name="checkDescriptorScale" classname="boofcv.abst.feature.dense.TestGenericDenseDescribeImage" time="0.001"/>
  <system-out><![CDATA[]]></system-out>
  <system-err><![CDATA[]]></system-err>
</testsuite>
