<?xml version="1.0" encoding="UTF-8"?>
<testsuite name="boofcv.abst.feature.detect.interest.TestInterestPointDetectorOverride" tests="3" skipped="0" failures="0" errors="0" timestamp="2017-05-10T18:53:17" hostname="ashu-Lenovo-G50-70" time="0.002">
  <properties/>
  <testcase name="checkOrientation_flags" classname="boofcv.abst.feature.detect.interest.TestInterestPointDetectorOverride" time="0.002"/>
  <testcase name="checkNoOverride_flags" classname="boofcv.abst.feature.detect.interest.TestInterestPointDetectorOverride" time="0.0"/>
  <testcase name="checkOrientation_process" classname="boofcv.abst.feature.detect.interest.TestInterestPointDetectorOverride" time="0.0"/>
  <system-out><![CDATA[]]></system-out>
  <system-err><![CDATA[]]></system-err>
</testsuite>
