<?xml version="1.0" encoding="UTF-8"?>
<testsuite name="boofcv.alg.feature.detdesc.TestDetectDescribeSurfPlanar" tests="1" skipped="0" failures="0" errors="0" timestamp="2017-05-10T18:53:22" hostname="ashu-Lenovo-G50-70" time="0.048">
  <properties/>
  <testcase name="basicTest" classname="boofcv.alg.feature.detdesc.TestDetectDescribeSurfPlanar" time="0.048"/>
  <system-out><![CDATA[]]></system-out>
  <system-err><![CDATA[]]></system-err>
</testsuite>
