<?xml version="1.0" encoding="UTF-8"?>
<testsuite name="boofcv.numerics.TestInterpolateArray" tests="2" skipped="0" failures="0" errors="0" timestamp="2017-05-10T18:53:35" hostname="ashu-Lenovo-G50-70" time="0.0">
  <properties/>
  <testcase name="linearCase" classname="boofcv.numerics.TestInterpolateArray" time="0.0"/>
  <testcase name="checkBounds" classname="boofcv.numerics.TestInterpolateArray" time="0.0"/>
  <system-out><![CDATA[]]></system-out>
  <system-err><![CDATA[]]></system-err>
</testsuite>
