<?xml version="1.0" encoding="UTF-8"?>
<testsuite name="boofcv.alg.feature.detdesc.TestCompleteSift" tests="1" skipped="0" failures="0" errors="0" timestamp="2017-05-10T18:53:21" hostname="ashu-Lenovo-G50-70" time="0.139">
  <properties/>
  <testcase name="basic" classname="boofcv.alg.feature.detdesc.TestCompleteSift" time="0.139"/>
  <system-out><![CDATA[]]></system-out>
  <system-err><![CDATA[]]></system-err>
</testsuite>
