<?xml version="1.0" encoding="UTF-8"?>
<testsuite name="boofcv.alg.feature.detect.edge.impl.TestImplGradientToEdgeFeatures" tests="4" skipped="0" failures="0" errors="0" timestamp="2017-05-10T18:53:22" hostname="ashu-Lenovo-G50-70" time="0.007">
  <properties/>
  <testcase name="intensityE" classname="boofcv.alg.feature.detect.edge.impl.TestImplGradientToEdgeFeatures" time="0.001"/>
  <testcase name="direction" classname="boofcv.alg.feature.detect.edge.impl.TestImplGradientToEdgeFeatures" time="0.002"/>
  <testcase name="direction2" classname="boofcv.alg.feature.detect.edge.impl.TestImplGradientToEdgeFeatures" time="0.002"/>
  <testcase name="intensityAbs" classname="boofcv.alg.feature.detect.edge.impl.TestImplGradientToEdgeFeatures" time="0.001"/>
  <system-out><![CDATA[]]></system-out>
  <system-err><![CDATA[]]></system-err>
</testsuite>
