<?xml version="1.0" encoding="UTF-8"?>
<testsuite name="boofcv.alg.segmentation.slic.TestSegmentSlic" tests="7" skipped="0" failures="0" errors="0" timestamp="2017-05-10T18:53:29" hostname="ashu-Lenovo-G50-70" time="0.0">
  <properties/>
  <testcase name="computeClusterDistance" classname="boofcv.alg.segmentation.slic.TestSegmentSlic" time="0.0"/>
  <testcase name="Pixel_computeWeights" classname="boofcv.alg.segmentation.slic.TestSegmentSlic" time="0.0"/>
  <testcase name="Cluster_update" classname="boofcv.alg.segmentation.slic.TestSegmentSlic" time="0.0"/>
  <testcase name="initializeClusters" classname="boofcv.alg.segmentation.slic.TestSegmentSlic" time="0.0"/>
  <testcase name="assignLabelsToPixels" classname="boofcv.alg.segmentation.slic.TestSegmentSlic" time="0.0"/>
  <testcase name="Pixel_add" classname="boofcv.alg.segmentation.slic.TestSegmentSlic" time="0.0"/>
  <testcase name="updateClusters" classname="boofcv.alg.segmentation.slic.TestSegmentSlic" time="0.0"/>
  <system-out><![CDATA[]]></system-out>
  <system-err><![CDATA[]]></system-err>
</testsuite>
