<?xml version="1.0" encoding="UTF-8"?>
<testsuite name="boofcv.alg.feature.describe.TestDescribePlanar" tests="3" skipped="0" failures="0" errors="0" timestamp="2017-05-10T18:53:21" hostname="ashu-Lenovo-G50-70" time="0.002">
  <properties/>
  <testcase name="various" classname="boofcv.alg.feature.describe.TestDescribePlanar" time="0.002"/>
  <testcase name="checkNumBands" classname="boofcv.alg.feature.describe.TestDescribePlanar" time="0.0"/>
  <testcase name="checkRequires" classname="boofcv.alg.feature.describe.TestDescribePlanar" time="0.0"/>
  <system-out><![CDATA[]]></system-out>
  <system-err><![CDATA[]]></system-err>
</testsuite>
