<?xml version="1.0" encoding="UTF-8"?>
<testsuite name="boofcv.alg.feature.detect.edge.TestGradientToEdgeFeatures" tests="7" skipped="0" failures="0" errors="0" timestamp="2017-05-10T18:53:22" hostname="ashu-Lenovo-G50-70" time="0.016">
  <properties/>
  <testcase name="intensityE" classname="boofcv.alg.feature.detect.edge.TestGradientToEdgeFeatures" time="0.004"/>
  <testcase name="direction" classname="boofcv.alg.feature.detect.edge.TestGradientToEdgeFeatures" time="0.003"/>
  <testcase name="nonMaxSuppression4" classname="boofcv.alg.feature.detect.edge.TestGradientToEdgeFeatures" time="0.003"/>
  <testcase name="nonMaxSuppression8" classname="boofcv.alg.feature.detect.edge.TestGradientToEdgeFeatures" time="0.001"/>
  <testcase name="discretizeDirection4" classname="boofcv.alg.feature.detect.edge.TestGradientToEdgeFeatures" time="0.0"/>
  <testcase name="discretizeDirection8" classname="boofcv.alg.feature.detect.edge.TestGradientToEdgeFeatures" time="0.0"/>
  <testcase name="intensityAbs" classname="boofcv.alg.feature.detect.edge.TestGradientToEdgeFeatures" time="0.001"/>
  <system-out><![CDATA[]]></system-out>
  <system-err><![CDATA[]]></system-err>
</testsuite>
