<?xml version="1.0" encoding="UTF-8"?>
<testsuite name="boofcv.abst.feature.dense.TestDescribeImageDenseSift" tests="2" skipped="0" failures="0" errors="0" timestamp="2017-05-10T18:53:13" hostname="ashu-Lenovo-G50-70" time="0.072">
  <properties/>
  <testcase name="checkBorder" classname="boofcv.abst.feature.dense.TestDescribeImageDenseSift" time="0.032"/>
  <testcase name="checkSampleLocations" classname="boofcv.abst.feature.dense.TestDescribeImageDenseSift" time="0.04"/>
  <system-out><![CDATA[]]></system-out>
  <system-err><![CDATA[]]></system-err>
</testsuite>
