<?xml version="1.0" encoding="UTF-8"?>
<testsuite name="boofcv.alg.feature.detect.interest.TestSiftScaleSpace" tests="4" skipped="0" failures="0" errors="0" timestamp="2017-05-10T18:53:23" hostname="ashu-Lenovo-G50-70" time="0.417">
  <properties/>
  <testcase name="checkImageTooSmallForOctaves" classname="boofcv.alg.feature.detect.interest.TestSiftScaleSpace" time="0.0"/>
  <testcase name="checkScaleBlur" classname="boofcv.alg.feature.detect.interest.TestSiftScaleSpace" time="0.051"/>
  <testcase name="computeSigmaScale" classname="boofcv.alg.feature.detect.interest.TestSiftScaleSpace" time="0.001"/>
  <testcase name="checkOctaveBlur" classname="boofcv.alg.feature.detect.interest.TestSiftScaleSpace" time="0.365"/>
  <system-out><![CDATA[]]></system-out>
  <system-err><![CDATA[]]></system-err>
</testsuite>
