<?xml version="1.0" encoding="UTF-8"?>
<testsuite name="boofcv.alg.feature.detect.intensity.impl.TestImplIntegralImageFeatureIntensity" tests="2" skipped="0" failures="0" errors="0" timestamp="2017-05-10T18:53:22" hostname="ashu-Lenovo-G50-70" time="0.006">
  <properties/>
  <testcase name="inner_F32" classname="boofcv.alg.feature.detect.intensity.impl.TestImplIntegralImageFeatureIntensity" time="0.001"/>
  <testcase name="inner_S32" classname="boofcv.alg.feature.detect.intensity.impl.TestImplIntegralImageFeatureIntensity" time="0.005"/>
  <system-out><![CDATA[]]></system-out>
  <system-err><![CDATA[]]></system-err>
</testsuite>
