<?xml version="1.0" encoding="UTF-8"?>
<testsuite name="boofcv.alg.flow.TestDenseOpticalFlowBlockPyramid" tests="2" skipped="0" failures="0" errors="0" timestamp="2017-05-10T18:53:29" hostname="ashu-Lenovo-G50-70" time="0.001">
  <properties/>
  <testcase name="checkNeighbors" classname="boofcv.alg.flow.TestDenseOpticalFlowBlockPyramid" time="0.001"/>
  <testcase name="findFlow" classname="boofcv.alg.flow.TestDenseOpticalFlowBlockPyramid" time="0.0"/>
  <system-out><![CDATA[]]></system-out>
  <system-err><![CDATA[]]></system-err>
</testsuite>
