<?xml version="1.0" encoding="UTF-8"?>
<testsuite name="boofcv.abst.feature.associate.TestScoreAssociateHamming_B" tests="3" skipped="0" failures="0" errors="0" timestamp="2017-05-10T18:53:13" hostname="ashu-Lenovo-G50-70" time="0.002">
  <properties/>
  <testcase name="testRandom" classname="boofcv.abst.feature.associate.TestScoreAssociateHamming_B" time="0.001"/>
  <testcase name="empiricalCheckOnType" classname="boofcv.abst.feature.associate.TestScoreAssociateHamming_B" time="0.0"/>
  <testcase name="checkScoreType" classname="boofcv.abst.feature.associate.TestScoreAssociateHamming_B" time="0.0"/>
  <system-out><![CDATA[]]></system-out>
  <system-err><![CDATA[]]></system-err>
</testsuite>
