<?xml version="1.0" encoding="UTF-8"?>
<testsuite name="boofcv.alg.segmentation.slic.TestSegmentSlic_U8" tests="5" skipped="0" failures="0" errors="0" timestamp="2017-05-10T18:53:29" hostname="ashu-Lenovo-G50-70" time="0.008">
  <properties/>
  <testcase name="addColor" classname="boofcv.alg.segmentation.slic.TestSegmentSlic_U8" time="0.0"/>
  <testcase name="easyTest" classname="boofcv.alg.segmentation.slic.TestSegmentSlic_U8" time="0.006"/>
  <testcase name="getIntensity" classname="boofcv.alg.segmentation.slic.TestSegmentSlic_U8" time="0.001"/>
  <testcase name="setColor" classname="boofcv.alg.segmentation.slic.TestSegmentSlic_U8" time="0.0"/>
  <testcase name="colorDistance" classname="boofcv.alg.segmentation.slic.TestSegmentSlic_U8" time="0.0"/>
  <system-out><![CDATA[]]></system-out>
  <system-err><![CDATA[]]></system-err>
</testsuite>
