<?xml version="1.0" encoding="UTF-8"?>
<testsuite name="boofcv.abst.feature.associate.TestWrapAssociateGreedy" tests="2" skipped="0" failures="0" errors="0" timestamp="2017-05-10T18:53:13" hostname="ashu-Lenovo-G50-70" time="0.006">
  <properties/>
  <testcase name="normal" classname="boofcv.abst.feature.associate.TestWrapAssociateGreedy" time="0.004"/>
  <testcase name="backwards" classname="boofcv.abst.feature.associate.TestWrapAssociateGreedy" time="0.002"/>
  <system-out><![CDATA[]]></system-out>
  <system-err><![CDATA[]]></system-err>
</testsuite>
