<?xml version="1.0" encoding="UTF-8"?>
<testsuite name="boofcv.alg.flow.TestHornSchunck" tests="1" skipped="0" failures="0" errors="0" timestamp="2017-05-10T18:53:29" hostname="ashu-Lenovo-G50-70" time="0.002">
  <properties/>
  <testcase name="innerAverageFlow_borderAverageFlow" classname="boofcv.alg.flow.TestHornSchunck" time="0.002"/>
  <system-out><![CDATA[]]></system-out>
  <system-err><![CDATA[]]></system-err>
</testsuite>
