<?xml version="1.0" encoding="UTF-8"?>
<testsuite name="boofcv.abst.flow.TestFlowKlt_to_DenseOpticalFlow" tests="4" skipped="0" failures="0" errors="0" timestamp="2017-05-10T18:53:18" hostname="ashu-Lenovo-G50-70" time="0.181">
  <properties/>
  <testcase name="checkSubImage" classname="boofcv.abst.flow.TestFlowKlt_to_DenseOpticalFlow" time="0.062"/>
  <testcase name="checkChangeInputSize" classname="boofcv.abst.flow.TestFlowKlt_to_DenseOpticalFlow" time="0.009"/>
  <testcase name="checkPlanarMotion" classname="boofcv.abst.flow.TestFlowKlt_to_DenseOpticalFlow" time="0.084"/>
  <testcase name="processEdges" classname="boofcv.abst.flow.TestFlowKlt_to_DenseOpticalFlow" time="0.026"/>
  <system-out><![CDATA[]]></system-out>
  <system-err><![CDATA[]]></system-err>
</testsuite>
