<?xml version="1.0" encoding="UTF-8"?>
<testsuite name="boofcv.alg.feature.detect.interest.TestFeaturePyramid" tests="4" skipped="0" failures="0" errors="0" timestamp="2017-05-10T18:53:23" hostname="ashu-Lenovo-G50-70" time="0.016">
  <properties/>
  <testcase name="checkNegativeMaxFeatures" classname="boofcv.alg.feature.detect.interest.TestFeaturePyramid" time="0.003"/>
  <testcase name="checkMultipleCalls" classname="boofcv.alg.feature.detect.interest.TestFeaturePyramid" time="0.005"/>
  <testcase name="compareBlankImage" classname="boofcv.alg.feature.detect.interest.TestFeaturePyramid" time="0.003"/>
  <testcase name="checkFlushFeatures" classname="boofcv.alg.feature.detect.interest.TestFeaturePyramid" time="0.004"/>
  <system-out><![CDATA[]]></system-out>
  <system-err><![CDATA[]]></system-err>
</testsuite>
