<?xml version="1.0" encoding="UTF-8"?>
<testsuite name="boofcv.abst.feature.detect.peak.TestMeanShiftPeak_to_SearchLocalPeak" tests="6" skipped="0" failures="0" errors="0" timestamp="2017-05-10T18:53:17" hostname="ashu-Lenovo-G50-70" time="0.024">
  <properties/>
  <testcase name="gaussian" classname="boofcv.abst.feature.detect.peak.TestMeanShiftPeak_to_SearchLocalPeak" time="0.021"/>
  <testcase name="edgeCaseLeft" classname="boofcv.abst.feature.detect.peak.TestMeanShiftPeak_to_SearchLocalPeak" time="0.0"/>
  <testcase name="edgeCaseRight" classname="boofcv.abst.feature.detect.peak.TestMeanShiftPeak_to_SearchLocalPeak" time="0.0"/>
  <testcase name="edgeCaseBottom" classname="boofcv.abst.feature.detect.peak.TestMeanShiftPeak_to_SearchLocalPeak" time="0.001"/>
  <testcase name="edgeCaseTop" classname="boofcv.abst.feature.detect.peak.TestMeanShiftPeak_to_SearchLocalPeak" time="0.0"/>
  <testcase name="impulse" classname="boofcv.abst.feature.detect.peak.TestMeanShiftPeak_to_SearchLocalPeak" time="0.001"/>
  <system-out><![CDATA[]]></system-out>
  <system-err><![CDATA[]]></system-err>
</testsuite>
