<?xml version="1.0" encoding="UTF-8"?>
<testsuite name="boofcv.abst.feature.interest.TestWrapSiftDetector" tests="1" skipped="0" failures="0" errors="0" timestamp="2017-05-10T18:53:17" hostname="ashu-Lenovo-G50-70" time="0.041">
  <properties/>
  <testcase name="testAllImageTypes" classname="boofcv.abst.feature.interest.TestWrapSiftDetector" time="0.041"/>
  <system-out><![CDATA[]]></system-out>
  <system-err><![CDATA[]]></system-err>
</testsuite>
