<?xml version="1.0" encoding="UTF-8"?>
<testsuite name="boofcv.alg.flow.TestDenseFlowPyramidBase" tests="2" skipped="0" failures="0" errors="0" timestamp="2017-05-10T18:53:29" hostname="ashu-Lenovo-G50-70" time="0.001">
  <properties/>
  <testcase name="imageNormalization" classname="boofcv.alg.flow.TestDenseFlowPyramidBase" time="0.0"/>
  <testcase name="interpolateFlow" classname="boofcv.alg.flow.TestDenseFlowPyramidBase" time="0.001"/>
  <system-out><![CDATA[]]></system-out>
  <system-err><![CDATA[]]></system-err>
</testsuite>
