<?xml version="1.0" encoding="UTF-8"?>
<testsuite name="boofcv.alg.feature.detect.edge.impl.TestImplEdgeNonMaxSuppression" tests="8" skipped="0" failures="0" errors="0" timestamp="2017-05-10T18:53:22" hostname="ashu-Lenovo-G50-70" time="0.012">
  <properties/>
  <testcase name="naive4_equal" classname="boofcv.alg.feature.detect.edge.impl.TestImplEdgeNonMaxSuppression" time="0.002"/>
  <testcase name="inner4" classname="boofcv.alg.feature.detect.edge.impl.TestImplEdgeNonMaxSuppression" time="0.003"/>
  <testcase name="inner8" classname="boofcv.alg.feature.detect.edge.impl.TestImplEdgeNonMaxSuppression" time="0.003"/>
  <testcase name="naive4" classname="boofcv.alg.feature.detect.edge.impl.TestImplEdgeNonMaxSuppression" time="0.0"/>
  <testcase name="naive8" classname="boofcv.alg.feature.detect.edge.impl.TestImplEdgeNonMaxSuppression" time="0.0"/>
  <testcase name="border4" classname="boofcv.alg.feature.detect.edge.impl.TestImplEdgeNonMaxSuppression" time="0.002"/>
  <testcase name="border8" classname="boofcv.alg.feature.detect.edge.impl.TestImplEdgeNonMaxSuppression" time="0.002"/>
  <testcase name="naive8_equal" classname="boofcv.alg.feature.detect.edge.impl.TestImplEdgeNonMaxSuppression" time="0.0"/>
  <system-out><![CDATA[]]></system-out>
  <system-err><![CDATA[]]></system-err>
</testsuite>
