<?xml version="1.0" encoding="UTF-8"?>
<testsuite name="boofcv.alg.feature.disparity.impl.TestSelectSparseStandardSubpixel_S32" tests="5" skipped="0" failures="0" errors="0" timestamp="2017-05-10T18:53:28" hostname="ashu-Lenovo-G50-70" time="0.0">
  <properties/>
  <testcase name="addSubpixelBias" classname="boofcv.alg.feature.disparity.impl.TestSelectSparseStandardSubpixel_S32" time="0.0"/>
  <testcase name="confidenceFlatRegion" classname="boofcv.alg.feature.disparity.impl.TestSelectSparseStandardSubpixel_S32" time="0.0"/>
  <testcase name="everythingOff" classname="boofcv.alg.feature.disparity.impl.TestSelectSparseStandardSubpixel_S32" time="0.0"/>
  <testcase name="multiplePeakFirstAtIndexZero" classname="boofcv.alg.feature.disparity.impl.TestSelectSparseStandardSubpixel_S32" time="0.0"/>
  <testcase name="confidenceMultiplePeak" classname="boofcv.alg.feature.disparity.impl.TestSelectSparseStandardSubpixel_S32" time="0.0"/>
  <system-out><![CDATA[]]></system-out>
  <system-err><![CDATA[]]></system-err>
</testsuite>
