<?xml version="1.0" encoding="UTF-8"?>
<testsuite name="boofcv.alg.descriptor.TestHammingTable16" tests="1" skipped="0" failures="0" errors="0" timestamp="2017-05-10T18:53:21" hostname="ashu-Lenovo-G50-70" time="0.012">
  <properties/>
  <testcase name="exhaustive" classname="boofcv.alg.descriptor.TestHammingTable16" time="0.012"/>
  <system-out><![CDATA[]]></system-out>
  <system-err><![CDATA[]]></system-err>
</testsuite>
