<?xml version="1.0" encoding="UTF-8"?>
<testsuite name="boofcv.alg.feature.dense.TestDescribeDenseSiftAlg" tests="3" skipped="0" failures="0" errors="0" timestamp="2017-05-10T18:53:21" hostname="ashu-Lenovo-G50-70" time="0.041">
  <properties/>
  <testcase name="computeDescriptor" classname="boofcv.alg.feature.dense.TestDescribeDenseSiftAlg" time="0.003"/>
  <testcase name="precomputeAngles" classname="boofcv.alg.feature.dense.TestDescribeDenseSiftAlg" time="0.002"/>
  <testcase name="process" classname="boofcv.alg.feature.dense.TestDescribeDenseSiftAlg" time="0.036"/>
  <system-out><![CDATA[]]></system-out>
  <system-err><![CDATA[]]></system-err>
</testsuite>
