<?xml version="1.0" encoding="UTF-8"?>
<testsuite name="boofcv.alg.feature.detect.line.gridline.TestImplGridRansacLineDetector_F32" tests="1" skipped="0" failures="0" errors="0" timestamp="2017-05-10T18:53:27" hostname="ashu-Lenovo-G50-70" time="0.016">
  <properties/>
  <testcase name="checkObvious" classname="boofcv.alg.feature.detect.line.gridline.TestImplGridRansacLineDetector_F32" time="0.016"/>
  <system-out><![CDATA[]]></system-out>
  <system-err><![CDATA[]]></system-err>
</testsuite>
