<?xml version="1.0" encoding="UTF-8"?>
<testsuite name="boofcv.abst.segmentation.TestSlic_to_ImageSuperpixels" tests="5" skipped="0" failures="0" errors="0" timestamp="2017-05-10T18:53:19" hostname="ashu-Lenovo-G50-70" time="0.29">
  <properties/>
  <testcase name="subimage" classname="boofcv.abst.segmentation.TestSlic_to_ImageSuperpixels" time="0.142"/>
  <testcase name="changeInImageSize" classname="boofcv.abst.segmentation.TestSlic_to_ImageSuperpixels" time="0.037"/>
  <testcase name="multipleCalls" classname="boofcv.abst.segmentation.TestSlic_to_ImageSuperpixels" time="0.058"/>
  <testcase name="sequentialNumbers" classname="boofcv.abst.segmentation.TestSlic_to_ImageSuperpixels" time="0.024"/>
  <testcase name="connectivity" classname="boofcv.abst.segmentation.TestSlic_to_ImageSuperpixels" time="0.028"/>
  <system-out><![CDATA[]]></system-out>
  <system-err><![CDATA[]]></system-err>
</testsuite>
