<?xml version="1.0" encoding="UTF-8"?>
<testsuite name="boofcv.alg.flow.TestDenseOpticalFlowBlockPyramid_F32" tests="3" skipped="0" failures="0" errors="0" timestamp="2017-05-10T18:53:29" hostname="ashu-Lenovo-G50-70" time="0.05">
  <properties/>
  <testcase name="computeError" classname="boofcv.alg.flow.TestDenseOpticalFlowBlockPyramid_F32" time="0.0"/>
  <testcase name="extractTemplate" classname="boofcv.alg.flow.TestDenseOpticalFlowBlockPyramid_F32" time="0.0"/>
  <testcase name="processImageDontBlowUp" classname="boofcv.alg.flow.TestDenseOpticalFlowBlockPyramid_F32" time="0.05"/>
  <system-out><![CDATA[]]></system-out>
  <system-err><![CDATA[]]></system-err>
</testsuite>
