<?xml version="1.0" encoding="UTF-8"?>
<testsuite name="boofcv.abst.feature.detect.extract.TestWrapperNonMaxCandidate" tests="2" skipped="0" failures="0" errors="0" timestamp="2017-05-10T18:53:16" hostname="ashu-Lenovo-G50-70" time="0.003">
  <properties/>
  <testcase name="checkStrict" classname="boofcv.abst.feature.detect.extract.TestWrapperNonMaxCandidate" time="0.002"/>
  <testcase name="checkRelaxed" classname="boofcv.abst.feature.detect.extract.TestWrapperNonMaxCandidate" time="0.0"/>
  <system-out><![CDATA[]]></system-out>
  <system-err><![CDATA[]]></system-err>
</testsuite>
