<?xml version="1.0" encoding="UTF-8"?>
<testsuite name="boofcv.abst.feature.describe.TestDescribeRegionPoint_SIFT" tests="2" skipped="0" failures="0" errors="0" timestamp="2017-05-10T18:53:13" hostname="ashu-Lenovo-G50-70" time="0.242">
  <properties/>
  <testcase name="process" classname="boofcv.abst.feature.describe.TestDescribeRegionPoint_SIFT" time="0.242"/>
  <testcase name="flags" classname="boofcv.abst.feature.describe.TestDescribeRegionPoint_SIFT" time="0.0"/>
  <system-out><![CDATA[]]></system-out>
  <system-err><![CDATA[]]></system-err>
</testsuite>
