<?xml version="1.0" encoding="UTF-8"?>
<testsuite name="boofcv.alg.feature.detect.intensity.impl.TestImplFastHelper_U8" tests="4" skipped="0" failures="0" errors="0" timestamp="2017-05-10T18:53:22" hostname="ashu-Lenovo-G50-70" time="0.0">
  <properties/>
  <testcase name="checkPixelLower" classname="boofcv.alg.feature.detect.intensity.impl.TestImplFastHelper_U8" time="0.0"/>
  <testcase name="checkPixelUpper" classname="boofcv.alg.feature.detect.intensity.impl.TestImplFastHelper_U8" time="0.0"/>
  <testcase name="scoreLower" classname="boofcv.alg.feature.detect.intensity.impl.TestImplFastHelper_U8" time="0.0"/>
  <testcase name="scoreUpper" classname="boofcv.alg.feature.detect.intensity.impl.TestImplFastHelper_U8" time="0.0"/>
  <system-out><![CDATA[]]></system-out>
  <system-err><![CDATA[]]></system-err>
</testsuite>
