<?xml version="1.0" encoding="UTF-8"?>
<testsuite name="boofcv.alg.shapes.ellipse.TestEdgeIntensityEllipse" tests="3" skipped="0" failures="0" errors="0" timestamp="2017-05-10T18:53:33" hostname="ashu-Lenovo-G50-70" time="0.002">
  <properties/>
  <testcase name="fullyInside" classname="boofcv.alg.shapes.ellipse.TestEdgeIntensityEllipse" time="0.001"/>
  <testcase name="partiallyInside" classname="boofcv.alg.shapes.ellipse.TestEdgeIntensityEllipse" time="0.0"/>
  <testcase name="scoreInsideAndOutside" classname="boofcv.alg.shapes.ellipse.TestEdgeIntensityEllipse" time="0.001"/>
  <system-out><![CDATA[]]></system-out>
  <system-err><![CDATA[]]></system-err>
</testsuite>
