<?xml version="1.0" encoding="UTF-8"?>
<testsuite name="boofcv.alg.feature.detect.interest.TestUnrollSiftScaleSpaceGradient" tests="2" skipped="0" failures="0" errors="0" timestamp="2017-05-10T18:53:23" hostname="ashu-Lenovo-G50-70" time="3.713">
  <properties/>
  <testcase name="lookup" classname="boofcv.alg.feature.detect.interest.TestUnrollSiftScaleSpaceGradient" time="0.165"/>
  <testcase name="setImage" classname="boofcv.alg.feature.detect.interest.TestUnrollSiftScaleSpaceGradient" time="3.548"/>
  <system-out><![CDATA[]]></system-out>
  <system-err><![CDATA[]]></system-err>
</testsuite>
