<?xml version="1.0" encoding="UTF-8"?>
<testsuite name="boofcv.alg.shapes.polyline.TestRefinePolyLineCorner" tests="7" skipped="0" failures="0" errors="0" timestamp="2017-05-10T18:53:34" hostname="ashu-Lenovo-G50-70" time="0.002">
  <properties/>
  <testcase name="fit_quad_segment" classname="boofcv.alg.shapes.polyline.TestRefinePolyLineCorner" time="0.001"/>
  <testcase name="tooFewPoints" classname="boofcv.alg.shapes.polyline.TestRefinePolyLineCorner" time="0.0"/>
  <testcase name="optimize_kinky" classname="boofcv.alg.shapes.polyline.TestRefinePolyLineCorner" time="0.0"/>
  <testcase name="distanceSum" classname="boofcv.alg.shapes.polyline.TestRefinePolyLineCorner" time="0.0"/>
  <testcase name="fit_quad" classname="boofcv.alg.shapes.polyline.TestRefinePolyLineCorner" time="0.0"/>
  <testcase name="fit_six_sides" classname="boofcv.alg.shapes.polyline.TestRefinePolyLineCorner" time="0.001"/>
  <testcase name="optimize_easy" classname="boofcv.alg.shapes.polyline.TestRefinePolyLineCorner" time="0.0"/>
  <system-out><![CDATA[]]></system-out>
  <system-err><![CDATA[]]></system-err>
</testsuite>
