<?xml version="1.0" encoding="UTF-8"?>
<testsuite name="boofcv.io.TestUtilIO" tests="4" skipped="0" failures="0" errors="0" timestamp="2017-05-10T18:53:50" hostname="ashu-Lenovo-G50-70" time="0.974">
  <properties/>
  <testcase name="getSourcePath" classname="boofcv.io.TestUtilIO" time="0.024"/>
  <testcase name="indexOfSourceStart" classname="boofcv.io.TestUtilIO" time="0.0"/>
  <testcase name="readAsString" classname="boofcv.io.TestUtilIO" time="0.033"/>
  <testcase name="getGithubLink" classname="boofcv.io.TestUtilIO" time="0.917"/>
  <system-out><![CDATA[]]></system-out>
  <system-err><![CDATA[]]></system-err>
</testsuite>
