<?xml version="1.0" encoding="UTF-8"?>
<testsuite name="boofcv.io.image.TestConvertBufferedImage" tests="25" skipped="0" failures="1" errors="0" timestamp="2017-05-10T18:53:50" hostname="ashu-Lenovo-G50-70" time="0.36">
  <properties/>
  <testcase name="extractImageInt8_indexed" classname="boofcv.io.image.TestConvertBufferedImage" time="0.014"/>
  <testcase name="convertFrom_interlaced_orderRgb" classname="boofcv.io.image.TestConvertBufferedImage" time="0.024"/>
  <testcase name="orderBandsIntoRGB" classname="boofcv.io.image.TestConvertBufferedImage" time="0.001"/>
  <testcase name="convertFromSingle_I16" classname="boofcv.io.image.TestConvertBufferedImage" time="0.039"/>
  <testcase name="convertFromSingle" classname="boofcv.io.image.TestConvertBufferedImage" time="0.01"/>
  <testcase name="convertFromMulti" classname="boofcv.io.image.TestConvertBufferedImage" time="0.011"/>
  <testcase name="extractBuffered_InterleavedU8" classname="boofcv.io.image.TestConvertBufferedImage" time="0.004"/>
  <testcase name="extractGrayU8" classname="boofcv.io.image.TestConvertBufferedImage" time="0.001"/>
  <testcase name="convertFrom_PL_orderRgb" classname="boofcv.io.image.TestConvertBufferedImage" time="0.003"/>
  <testcase name="extractInterleavedU8" classname="boofcv.io.image.TestConvertBufferedImage" time="0.002">
    <failure message="java.lang.NullPointerException" type="java.lang.NullPointerException">java.lang.NullPointerException
	at java.lang.reflect.Array.getLength(Native Method)
	at boofcv.struct.image.ImageInterleaved.setNumBands(ImageInterleaved.java:168)
	at boofcv.io.image.ConvertBufferedImage.extractInterleavedU8(ConvertBufferedImage.java:135)
	at boofcv.io.image.TestConvertBufferedImage.extractInterleavedU8(TestConvertBufferedImage.java:86)
	at sun.reflect.NativeMethodAccessorImpl.invoke0(Native Method)
	at sun.reflect.NativeMethodAccessorImpl.invoke(NativeMethodAccessorImpl.java:62)
	at sun.reflect.DelegatingMethodAccessorImpl.invoke(DelegatingMethodAccessorImpl.java:43)
	at java.lang.reflect.Method.invoke(Method.java:498)
	at org.junit.runners.model.FrameworkMethod$1.runReflectiveCall(FrameworkMethod.java:50)
	at org.junit.internal.runners.model.ReflectiveCallable.run(ReflectiveCallable.java:12)
	at org.junit.runners.model.FrameworkMethod.invokeExplosively(FrameworkMethod.java:47)
	at org.junit.internal.runners.statements.InvokeMethod.evaluate(InvokeMethod.java:17)
	at org.junit.runners.ParentRunner.runLeaf(ParentRunner.java:325)
	at org.junit.runners.BlockJUnit4ClassRunner.runChild(BlockJUnit4ClassRunner.java:78)
	at org.junit.runners.BlockJUnit4ClassRunner.runChild(BlockJUnit4ClassRunner.java:57)
	at org.junit.runners.ParentRunner$3.run(ParentRunner.java:290)
	at org.junit.runners.ParentRunner$1.schedule(ParentRunner.java:71)
	at org.junit.runners.ParentRunner.runChildren(ParentRunner.java:288)
	at org.junit.runners.ParentRunner.access$000(ParentRunner.java:58)
	at org.junit.runners.ParentRunner$2.evaluate(ParentRunner.java:268)
	at org.junit.runners.ParentRunner.run(ParentRunner.java:363)
	at org.gradle.api.internal.tasks.testing.junit.JUnitTestClassExecuter.runTestClass(JUnitTestClassExecuter.java:114)
	at org.gradle.api.internal.tasks.testing.junit.JUnitTestClassExecuter.execute(JUnitTestClassExecuter.java:57)
	at org.gradle.api.internal.tasks.testing.junit.JUnitTestClassProcessor.processTestClass(JUnitTestClassProcessor.java:66)
	at org.gradle.api.internal.tasks.testing.SuiteTestClassProcessor.processTestClass(SuiteTestClassProcessor.java:51)
	at sun.reflect.NativeMethodAccessorImpl.invoke0(Native Method)
	at sun.reflect.NativeMethodAccessorImpl.invoke(NativeMethodAccessorImpl.java:62)
	at sun.reflect.DelegatingMethodAccessorImpl.invoke(DelegatingMethodAccessorImpl.java:43)
	at java.lang.reflect.Method.invoke(Method.java:498)
	at org.gradle.internal.dispatch.ReflectionDispatch.dispatch(ReflectionDispatch.java:35)
	at org.gradle.internal.dispatch.ReflectionDispatch.dispatch(ReflectionDispatch.java:24)
	at org.gradle.internal.dispatch.ContextClassLoaderDispatch.dispatch(ContextClassLoaderDispatch.java:32)
	at org.gradle.internal.dispatch.ProxyDispatchAdapter$DispatchingInvocationHandler.invoke(ProxyDispatchAdapter.java:93)
	at com.sun.proxy.$Proxy2.processTestClass(Unknown Source)
	at org.gradle.api.internal.tasks.testing.worker.TestWorker.processTestClass(TestWorker.java:109)
	at sun.reflect.NativeMethodAccessorImpl.invoke0(Native Method)
	at sun.reflect.NativeMethodAccessorImpl.invoke(NativeMethodAccessorImpl.java:62)
	at sun.reflect.DelegatingMethodAccessorImpl.invoke(DelegatingMethodAccessorImpl.java:43)
	at java.lang.reflect.Method.invoke(Method.java:498)
	at org.gradle.internal.dispatch.ReflectionDispatch.dispatch(ReflectionDispatch.java:35)
	at org.gradle.internal.dispatch.ReflectionDispatch.dispatch(ReflectionDispatch.java:24)
	at org.gradle.internal.remote.internal.hub.MessageHub$Handler.run(MessageHub.java:377)
	at org.gradle.internal.concurrent.ExecutorPolicy$CatchAndRecordFailures.onExecute(ExecutorPolicy.java:54)
	at org.gradle.internal.concurrent.StoppableExecutorImpl$1.run(StoppableExecutorImpl.java:40)
	at java.util.concurrent.ThreadPoolExecutor.runWorker(ThreadPoolExecutor.java:1142)
	at java.util.concurrent.ThreadPoolExecutor$Worker.run(ThreadPoolExecutor.java:617)
	at java.lang.Thread.run(Thread.java:748)
</failure>
  </testcase>
  <testcase name="extractInterleavedU8_fail" classname="boofcv.io.image.TestConvertBufferedImage" time="0.0"/>
  <testcase name="convertTo_PL_orderRgb" classname="boofcv.io.image.TestConvertBufferedImage" time="0.003"/>
  <testcase name="checkCopy" classname="boofcv.io.image.TestConvertBufferedImage" time="0.001"/>
  <testcase name="checkInputs" classname="boofcv.io.image.TestConvertBufferedImage" time="0.0"/>
  <testcase name="extractInterleavedInt8_indexed" classname="boofcv.io.image.TestConvertBufferedImage" time="0.0"/>
  <testcase name="convertTo_IL" classname="boofcv.io.image.TestConvertBufferedImage" time="0.013"/>
  <testcase name="convertTo_PL" classname="boofcv.io.image.TestConvertBufferedImage" time="0.004"/>
  <testcase name="convertTo_SB" classname="boofcv.io.image.TestConvertBufferedImage" time="0.004"/>
  <testcase name="extractImageInt8_fail" classname="boofcv.io.image.TestConvertBufferedImage" time="0.0"/>
  <testcase name="convertFromInterleaved" classname="boofcv.io.image.TestConvertBufferedImage" time="0.024"/>
  <testcase name="stripAlphaChannel" classname="boofcv.io.image.TestConvertBufferedImage" time="0.028"/>
  <testcase name="isSubImage" classname="boofcv.io.image.TestConvertBufferedImage" time="0.001"/>
  <testcase name="extractBuffered_Int8" classname="boofcv.io.image.TestConvertBufferedImage" time="0.0"/>
  <testcase name="convertTo_interleaved_orderRgb" classname="boofcv.io.image.TestConvertBufferedImage" time="0.002"/>
  <testcase name="convertTo_JComponent" classname="boofcv.io.image.TestConvertBufferedImage" time="0.165"/>
  <system-out><![CDATA[]]></system-out>
  <system-err><![CDATA[]]></system-err>
</testsuite>
