<?xml version="1.0" encoding="UTF-8"?>
<testsuite name="boofcv.io.image.TestConvertRaster" tests="3" skipped="0" failures="0" errors="0" timestamp="2017-05-10T18:53:50" hostname="ashu-Lenovo-G50-70" time="0.057">
  <properties/>
  <testcase name="checkGray_To_U16" classname="boofcv.io.image.TestConvertRaster" time="0.001"/>
  <testcase name="performTests" classname="boofcv.io.image.TestConvertRaster" time="0.055"/>
  <testcase name="checkGrayBug_To" classname="boofcv.io.image.TestConvertRaster" time="0.0"/>
  <system-out><![CDATA[]]></system-out>
  <system-err><![CDATA[]]></system-err>
</testsuite>
