<?xml version="1.0" encoding="UTF-8"?>
<testsuite name="boofcv.io.image.TestUtilImageIO" tests="4" skipped="0" failures="0" errors="0" timestamp="2017-05-10T18:53:50" hostname="ashu-Lenovo-G50-70" time="0.085">
  <properties/>
  <testcase name="loadImage_negative" classname="boofcv.io.image.TestUtilImageIO" time="0.065"/>
  <testcase name="loadImage_saveImage_PGM" classname="boofcv.io.image.TestUtilImageIO" time="0.003"/>
  <testcase name="loadImage_saveImage_PPM" classname="boofcv.io.image.TestUtilImageIO" time="0.003"/>
  <testcase name="loadImage_saveImage" classname="boofcv.io.image.TestUtilImageIO" time="0.013"/>
  <system-out><![CDATA[]]></system-out>
  <system-err><![CDATA[]]></system-err>
</testsuite>
