<?xml version="1.0" encoding="UTF-8"?>
<testsuite name="boofcv.javacv.TestUtilOpenCV" tests="2" skipped="0" failures="0" errors="0" timestamp="2017-05-10T18:52:57" hostname="ashu-Lenovo-G50-70" time="0.044">
  <properties/>
  <testcase name="loadPinholeRadial" classname="boofcv.javacv.TestUtilOpenCV" time="0.01"/>
  <testcase name="savePinholeRadial" classname="boofcv.javacv.TestUtilOpenCV" time="0.033"/>
  <system-out><![CDATA[]]></system-out>
  <system-err><![CDATA[]]></system-err>
</testsuite>
