<?xml version="1.0" encoding="UTF-8"?>
<testsuite name="boofcv.javacv.TestConvertIplImage" tests="10" skipped="0" failures="0" errors="0" timestamp="2017-05-10T18:52:57" hostname="ashu-Lenovo-G50-70" time="0.35">
  <properties/>
  <testcase name="convertFrom_1F32" classname="boofcv.javacv.TestConvertIplImage" time="0.326"/>
  <testcase name="convertFrom_1F64" classname="boofcv.javacv.TestConvertIplImage" time="0.013"/>
  <testcase name="convertFrom_1S16" classname="boofcv.javacv.TestConvertIplImage" time="0.002"/>
  <testcase name="convertFrom_1S32" classname="boofcv.javacv.TestConvertIplImage" time="0.0"/>
  <testcase name="convertFrom_2F32" classname="boofcv.javacv.TestConvertIplImage" time="0.002"/>
  <testcase name="convertFrom_2F64" classname="boofcv.javacv.TestConvertIplImage" time="0.001"/>
  <testcase name="convertFrom_2S16" classname="boofcv.javacv.TestConvertIplImage" time="0.0"/>
  <testcase name="convertFrom_2S32" classname="boofcv.javacv.TestConvertIplImage" time="0.004"/>
  <testcase name="convertFrom_1U8" classname="boofcv.javacv.TestConvertIplImage" time="0.0"/>
  <testcase name="convertFrom_2U8" classname="boofcv.javacv.TestConvertIplImage" time="0.001"/>
  <system-out><![CDATA[]]></system-out>
  <system-err><![CDATA[]]></system-err>
</testsuite>
