<?xml version="1.0" encoding="UTF-8"?>
<testsuite name="boofcv.struct.learning.TestConfusion" tests="1" skipped="0" failures="0" errors="0" timestamp="2017-05-10T18:54:30" hostname="ashu-Lenovo-G50-70" time="0.0">
  <properties/>
  <testcase name="computeAccuracy" classname="boofcv.struct.learning.TestConfusion" time="0.0"/>
  <system-out><![CDATA[]]></system-out>
  <system-err><![CDATA[]]></system-err>
</testsuite>
