<?xml version="1.0" encoding="UTF-8"?>
<testsuite name="boofcv.alg.transform.pyramid.TestPyramidOps" tests="4" skipped="0" failures="0" errors="0" timestamp="2017-05-10T18:54:25" hostname="ashu-Lenovo-G50-70" time="0.004">
  <properties/>
  <testcase name="filter" classname="boofcv.alg.transform.pyramid.TestPyramidOps" time="0.003"/>
  <testcase name="declareOutput" classname="boofcv.alg.transform.pyramid.TestPyramidOps" time="0.0"/>
  <testcase name="gradient" classname="boofcv.alg.transform.pyramid.TestPyramidOps" time="0.0"/>
  <testcase name="hessian" classname="boofcv.alg.transform.pyramid.TestPyramidOps" time="0.001"/>
  <system-out><![CDATA[]]></system-out>
  <system-err><![CDATA[]]></system-err>
</testsuite>
