<?xml version="1.0" encoding="UTF-8"?>
<testsuite name="boofcv.alg.distort.TestPixelDistortAffine_F32" tests="1" skipped="0" failures="0" errors="0" timestamp="2017-05-10T18:54:18" hostname="ashu-Lenovo-G50-70" time="0.0">
  <properties/>
  <testcase name="constructor_32" classname="boofcv.alg.distort.TestPixelDistortAffine_F32" time="0.0"/>
  <system-out><![CDATA[]]></system-out>
  <system-err><![CDATA[]]></system-err>
</testsuite>
