<?xml version="1.0" encoding="UTF-8"?>
<testsuite name="boofcv.alg.filter.derivative.impl.TestGradientSobel_UnrolledOuter" tests="3" skipped="0" failures="0" errors="0" timestamp="2017-05-10T18:54:21" hostname="ashu-Lenovo-G50-70" time="0.21">
  <properties/>
  <testcase name="process_F32_sub_naive" classname="boofcv.alg.filter.derivative.impl.TestGradientSobel_UnrolledOuter" time="0.12"/>
  <testcase name="process_F32_naive" classname="boofcv.alg.filter.derivative.impl.TestGradientSobel_UnrolledOuter" time="0.046"/>
  <testcase name="process_I8_naive" classname="boofcv.alg.filter.derivative.impl.TestGradientSobel_UnrolledOuter" time="0.043"/>
  <system-out><![CDATA[]]></system-out>
  <system-err><![CDATA[]]></system-err>
</testsuite>
