<?xml version="1.0" encoding="UTF-8"?>
<testsuite name="boofcv.alg.distort.TestDistortImageOps" tests="6" skipped="0" failures="0" errors="0" timestamp="2017-05-10T18:54:18" hostname="ashu-Lenovo-G50-70" time="0.016">
  <properties/>
  <testcase name="boundBox" classname="boofcv.alg.distort.TestDistortImageOps" time="0.002"/>
  <testcase name="boundBox_check" classname="boofcv.alg.distort.TestDistortImageOps" time="0.0"/>
  <testcase name="boundBox_F32" classname="boofcv.alg.distort.TestDistortImageOps" time="0.009"/>
  <testcase name="boundBox_F64" classname="boofcv.alg.distort.TestDistortImageOps" time="0.004"/>
  <testcase name="rotate_SanityCheck" classname="boofcv.alg.distort.TestDistortImageOps" time="0.001"/>
  <testcase name="scale_InterpTypeStyle" classname="boofcv.alg.distort.TestDistortImageOps" time="0.0"/>
  <system-out><![CDATA[]]></system-out>
  <system-err><![CDATA[]]></system-err>
</testsuite>
