<?xml version="1.0" encoding="UTF-8"?>
<testsuite name="boofcv.alg.filter.derivative.TestGradientSobel" tests="4" skipped="0" failures="0" errors="0" timestamp="2017-05-10T18:54:22" hostname="ashu-Lenovo-G50-70" time="0.016">
  <properties/>
  <testcase name="compareToConvolve_F32" classname="boofcv.alg.filter.derivative.TestGradientSobel" time="0.003"/>
  <testcase name="compareToConvolve_I16" classname="boofcv.alg.filter.derivative.TestGradientSobel" time="0.003"/>
  <testcase name="compareToConvolve_I8" classname="boofcv.alg.filter.derivative.TestGradientSobel" time="0.006"/>
  <testcase name="testStandard" classname="boofcv.alg.filter.derivative.TestGradientSobel" time="0.003"/>
  <system-out><![CDATA[]]></system-out>
  <system-err><![CDATA[]]></system-err>
</testsuite>
