<?xml version="1.0" encoding="UTF-8"?>
<testsuite name="boofcv.alg.filter.convolve.TestConvolveNormalized" tests="1" skipped="0" failures="0" errors="0" timestamp="2017-05-10T18:54:20" hostname="ashu-Lenovo-G50-70" time="0.39">
  <properties/>
  <testcase name="compareToNaive" classname="boofcv.alg.filter.convolve.TestConvolveNormalized" time="0.39"/>
  <system-out><![CDATA[]]></system-out>
  <system-err><![CDATA[]]></system-err>
</testsuite>
