<?xml version="1.0" encoding="UTF-8"?>
<testsuite name="boofcv.core.encoding.TestConvertYV12" tests="2" skipped="0" failures="0" errors="0" timestamp="2017-05-10T18:54:28" hostname="ashu-Lenovo-G50-70" time="0.011">
  <properties/>
  <testcase name="testColor" classname="boofcv.core.encoding.TestConvertYV12" time="0.011"/>
  <testcase name="testGray" classname="boofcv.core.encoding.TestConvertYV12" time="0.0"/>
  <system-out><![CDATA[]]></system-out>
  <system-err><![CDATA[]]></system-err>
</testsuite>
