<?xml version="1.0" encoding="UTF-8"?>
<testsuite name="boofcv.abst.filter.convolve.TestFactoryConvolveDown" tests="4" skipped="0" failures="0" errors="0" timestamp="2017-05-10T18:54:17" hostname="ashu-Lenovo-G50-70" time="0.041">
  <properties/>
  <testcase name="convolve1D_F32" classname="boofcv.abst.filter.convolve.TestFactoryConvolveDown" time="0.035"/>
  <testcase name="convolve1D_I32" classname="boofcv.abst.filter.convolve.TestFactoryConvolveDown" time="0.003"/>
  <testcase name="convolve2D_F32" classname="boofcv.abst.filter.convolve.TestFactoryConvolveDown" time="0.001"/>
  <testcase name="convolve2D_I32" classname="boofcv.abst.filter.convolve.TestFactoryConvolveDown" time="0.001"/>
  <system-out><![CDATA[]]></system-out>
  <system-err><![CDATA[]]></system-err>
</testsuite>
