<?xml version="1.0" encoding="UTF-8"?>
<testsuite name="boofcv.struct.image.TestInterleavedS32" tests="7" skipped="0" failures="0" errors="0" timestamp="2017-05-10T18:54:28" hostname="ashu-Lenovo-G50-70" time="0.01">
  <properties/>
  <testcase name="getBand_setBand" classname="boofcv.struct.image.TestInterleavedS32" time="0.004"/>
  <testcase name="checkNoArgumentConstructor" classname="boofcv.struct.image.TestInterleavedS32" time="0.0"/>
  <testcase name="accessorBounds" classname="boofcv.struct.image.TestInterleavedS32" time="0.001"/>
  <testcase name="get_set" classname="boofcv.struct.image.TestInterleavedS32" time="0.004"/>
  <testcase name="setNumBands" classname="boofcv.struct.image.TestInterleavedS32" time="0.0"/>
  <testcase name="checkImageTypeSet" classname="boofcv.struct.image.TestInterleavedS32" time="0.0"/>
  <testcase name="isSubimage" classname="boofcv.struct.image.TestInterleavedS32" time="0.0"/>
  <system-out><![CDATA[]]></system-out>
  <system-err><![CDATA[]]></system-err>
</testsuite>
