<?xml version="1.0" encoding="UTF-8"?>
<testsuite name="boofcv.alg.transform.pyramid.TestPyramidDiscreteSampleBlur" tests="3" skipped="0" failures="0" errors="0" timestamp="2017-05-10T18:54:24" hostname="ashu-Lenovo-G50-70" time="0.025">
  <properties/>
  <testcase name="checkSigmas" classname="boofcv.alg.transform.pyramid.TestPyramidDiscreteSampleBlur" time="0.001"/>
  <testcase name="_update" classname="boofcv.alg.transform.pyramid.TestPyramidDiscreteSampleBlur" time="0.021"/>
  <testcase name="checkModifiesLayersOnUpdate" classname="boofcv.alg.transform.pyramid.TestPyramidDiscreteSampleBlur" time="0.003"/>
  <system-out><![CDATA[]]></system-out>
  <system-err><![CDATA[]]></system-err>
</testsuite>
