<?xml version="1.0" encoding="UTF-8"?>
<testsuite name="boofcv.alg.distort.TestPixelTransformHomography_F32" tests="2" skipped="0" failures="0" errors="0" timestamp="2017-05-10T18:54:18" hostname="ashu-Lenovo-G50-70" time="0.007">
  <properties/>
  <testcase name="constructor_32" classname="boofcv.alg.distort.TestPixelTransformHomography_F32" time="0.004"/>
  <testcase name="constructor_64" classname="boofcv.alg.distort.TestPixelTransformHomography_F32" time="0.003"/>
  <system-out><![CDATA[]]></system-out>
  <system-err><![CDATA[]]></system-err>
</testsuite>
