<?xml version="1.0" encoding="UTF-8"?>
<testsuite name="boofcv.alg.filter.convolve.TestConvolveWithBorderSparse" tests="3" skipped="0" failures="0" errors="0" timestamp="2017-05-10T18:54:20" hostname="ashu-Lenovo-G50-70" time="0.004">
  <properties/>
  <testcase name="testVertical" classname="boofcv.alg.filter.convolve.TestConvolveWithBorderSparse" time="0.002"/>
  <testcase name="testConvolve" classname="boofcv.alg.filter.convolve.TestConvolveWithBorderSparse" time="0.001"/>
  <testcase name="testHorizontal" classname="boofcv.alg.filter.convolve.TestConvolveWithBorderSparse" time="0.001"/>
  <system-out><![CDATA[]]></system-out>
  <system-err><![CDATA[]]></system-err>
</testsuite>
