<?xml version="1.0" encoding="UTF-8"?>
<testsuite name="boofcv.abst.transform.wavelet.impl.TestWaveletTransformFloat32" tests="1" skipped="0" failures="0" errors="0" timestamp="2017-05-10T18:54:17" hostname="ashu-Lenovo-G50-70" time="0.029">
  <properties/>
  <testcase name="compareToWaveletTransformOps" classname="boofcv.abst.transform.wavelet.impl.TestWaveletTransformFloat32" time="0.029"/>
  <system-out><![CDATA[]]></system-out>
  <system-err><![CDATA[]]></system-err>
</testsuite>
