<?xml version="1.0" encoding="UTF-8"?>
<testsuite name="boofcv.factory.filter.kernel.TestFactorySteerCoefficients" tests="2" skipped="0" failures="0" errors="0" timestamp="2017-05-10T18:54:28" hostname="ashu-Lenovo-G50-70" time="0.009">
  <properties/>
  <testcase name="polynomialZeros" classname="boofcv.factory.filter.kernel.TestFactorySteerCoefficients" time="0.001"/>
  <testcase name="separableZeros" classname="boofcv.factory.filter.kernel.TestFactorySteerCoefficients" time="0.008"/>
  <system-out><![CDATA[]]></system-out>
  <system-err><![CDATA[]]></system-err>
</testsuite>
