<?xml version="1.0" encoding="UTF-8"?>
<testsuite name="boofcv.alg.filter.convolve.down.TestConvolveDownNormalized_JustBorder" tests="1" skipped="0" failures="0" errors="0" timestamp="2017-05-10T18:54:21" hostname="ashu-Lenovo-G50-70" time="0.022">
  <properties/>
  <testcase name="compareToFullNaive" classname="boofcv.alg.filter.convolve.down.TestConvolveDownNormalized_JustBorder" time="0.022"/>
  <system-out><![CDATA[]]></system-out>
  <system-err><![CDATA[]]></system-err>
</testsuite>
