<?xml version="1.0" encoding="UTF-8"?>
<testsuite name="boofcv.alg.transform.pyramid.TestPyramidDiscreteAverage" tests="1" skipped="0" failures="0" errors="0" timestamp="2017-05-10T18:54:24" hostname="ashu-Lenovo-G50-70" time="0.049">
  <properties/>
  <testcase name="basicTest" classname="boofcv.alg.transform.pyramid.TestPyramidDiscreteAverage" time="0.049"/>
  <system-out><![CDATA[]]></system-out>
  <system-err><![CDATA[]]></system-err>
</testsuite>
