<?xml version="1.0" encoding="UTF-8"?>
<testsuite name="boofcv.alg.filter.convolve.noborder.TestConvolveImageUnrolled_S16_I16_Div" tests="3" skipped="0" failures="0" errors="0" timestamp="2017-05-10T18:54:19" hostname="ashu-Lenovo-G50-70" time="0.021">
  <properties/>
  <testcase name="vertical" classname="boofcv.alg.filter.convolve.noborder.TestConvolveImageUnrolled_S16_I16_Div" time="0.005"/>
  <testcase name="convolve" classname="boofcv.alg.filter.convolve.noborder.TestConvolveImageUnrolled_S16_I16_Div" time="0.012"/>
  <testcase name="horizontal" classname="boofcv.alg.filter.convolve.noborder.TestConvolveImageUnrolled_S16_I16_Div" time="0.004"/>
  <system-out><![CDATA[]]></system-out>
  <system-err><![CDATA[]]></system-err>
</testsuite>
