<?xml version="1.0" encoding="UTF-8"?>
<testsuite name="boofcv.alg.color.TestColorXyz" tests="5" skipped="0" failures="0" errors="0" timestamp="2017-05-10T18:54:17" hostname="ashu-Lenovo-G50-70" time="0.002">
  <properties/>
  <testcase name="rgbToXyz_F32" classname="boofcv.alg.color.TestColorXyz" time="0.001"/>
  <testcase name="compareRGB_to_SRGB_F32" classname="boofcv.alg.color.TestColorXyz" time="0.0"/>
  <testcase name="compareRGB_to_SRGB_F64" classname="boofcv.alg.color.TestColorXyz" time="0.0"/>
  <testcase name="rgbToXyz_U8" classname="boofcv.alg.color.TestColorXyz" time="0.001"/>
  <testcase name="backAndForth_srgb_F64_and_F32" classname="boofcv.alg.color.TestColorXyz" time="0.0"/>
  <system-out><![CDATA[]]></system-out>
  <system-err><![CDATA[]]></system-err>
</testsuite>
