<?xml version="1.0" encoding="UTF-8"?>
<testsuite name="boofcv.alg.filter.binary.impl.TestBinaryBorderOps" tests="1" skipped="0" failures="0" errors="0" timestamp="2017-05-10T18:54:18" hostname="ashu-Lenovo-G50-70" time="0.016">
  <properties/>
  <testcase name="compareToNaive" classname="boofcv.alg.filter.binary.impl.TestBinaryBorderOps" time="0.016"/>
  <system-out><![CDATA[]]></system-out>
  <system-err><![CDATA[]]></system-err>
</testsuite>
