<?xml version="1.0" encoding="UTF-8"?>
<testsuite name="boofcv.alg.transform.ii.impl.TestImplIntegralImageOps" tests="6" skipped="0" failures="0" errors="0" timestamp="2017-05-10T18:54:24" hostname="ashu-Lenovo-G50-70" time="0.065">
  <properties/>
  <testcase name="convolveSparse" classname="boofcv.alg.transform.ii.impl.TestImplIntegralImageOps" time="0.008"/>
  <testcase name="convolve" classname="boofcv.alg.transform.ii.impl.TestImplIntegralImageOps" time="0.006"/>
  <testcase name="block_unsafe" classname="boofcv.alg.transform.ii.impl.TestImplIntegralImageOps" time="0.0"/>
  <testcase name="transform" classname="boofcv.alg.transform.ii.impl.TestImplIntegralImageOps" time="0.047"/>
  <testcase name="block_zero" classname="boofcv.alg.transform.ii.impl.TestImplIntegralImageOps" time="0.001"/>
  <testcase name="convolveBorder" classname="boofcv.alg.transform.ii.impl.TestImplIntegralImageOps" time="0.002"/>
  <system-out><![CDATA[]]></system-out>
  <system-err><![CDATA[]]></system-err>
</testsuite>
