<?xml version="1.0" encoding="UTF-8"?>
<testsuite name="boofcv.alg.filter.derivative.impl.TestGradientSobel_Naive" tests="2" skipped="0" failures="0" errors="0" timestamp="2017-05-10T18:54:21" hostname="ashu-Lenovo-G50-70" time="0.002">
  <properties/>
  <testcase name="compareToKnown_F32" classname="boofcv.alg.filter.derivative.impl.TestGradientSobel_Naive" time="0.001"/>
  <testcase name="compareToKnown_I8" classname="boofcv.alg.filter.derivative.impl.TestGradientSobel_Naive" time="0.0"/>
  <system-out><![CDATA[]]></system-out>
  <system-err><![CDATA[]]></system-err>
</testsuite>
