<?xml version="1.0" encoding="UTF-8"?>
<testsuite name="boofcv.factory.filter.kernel.TestFactoryKernelGaussian" tests="6" skipped="0" failures="0" errors="0" timestamp="2017-05-10T18:54:28" hostname="ashu-Lenovo-G50-70" time="0.002">
  <properties/>
  <testcase name="derivative1D_F32" classname="boofcv.factory.filter.kernel.TestFactoryKernelGaussian" time="0.001"/>
  <testcase name="gaussianWidth_odd" classname="boofcv.factory.filter.kernel.TestFactoryKernelGaussian" time="0.0"/>
  <testcase name="gaussian1D_F32" classname="boofcv.factory.filter.kernel.TestFactoryKernelGaussian" time="0.0"/>
  <testcase name="gaussian2D_F32" classname="boofcv.factory.filter.kernel.TestFactoryKernelGaussian" time="0.0"/>
  <testcase name="gaussian" classname="boofcv.factory.filter.kernel.TestFactoryKernelGaussian" time="0.0"/>
  <testcase name="gaussianWidth_even" classname="boofcv.factory.filter.kernel.TestFactoryKernelGaussian" time="0.0"/>
  <system-out><![CDATA[]]></system-out>
  <system-err><![CDATA[]]></system-err>
</testsuite>
