<?xml version="1.0" encoding="UTF-8"?>
<testsuite name="boofcv.abst.filter.TestFilterImageReflection" tests="2" skipped="0" failures="0" errors="0" timestamp="2017-05-10T18:54:17" hostname="ashu-Lenovo-G50-70" time="0.002">
  <properties/>
  <testcase name="basicTest2" classname="boofcv.abst.filter.TestFilterImageReflection" time="0.002"/>
  <testcase name="basicTest3" classname="boofcv.abst.filter.TestFilterImageReflection" time="0.0"/>
  <system-out><![CDATA[]]></system-out>
  <system-err><![CDATA[]]></system-err>
</testsuite>
