<?xml version="1.0" encoding="UTF-8"?>
<testsuite name="boofcv.core.image.TestImageInterleavedTestingOps" tests="2" skipped="0" failures="0" errors="0" timestamp="2017-05-10T18:54:28" hostname="ashu-Lenovo-G50-70" time="0.002">
  <properties/>
  <testcase name="randomize" classname="boofcv.core.image.TestImageInterleavedTestingOps" time="0.001"/>
  <testcase name="fill" classname="boofcv.core.image.TestImageInterleavedTestingOps" time="0.0"/>
  <system-out><![CDATA[]]></system-out>
  <system-err><![CDATA[]]></system-err>
</testsuite>
