<?xml version="1.0" encoding="UTF-8"?>
<testsuite name="boofcv.abst.filter.binary.TestGlobalFixedBinaryFilter" tests="1" skipped="0" failures="0" errors="0" timestamp="2017-05-10T18:54:16" hostname="ashu-Lenovo-G50-70" time="0.001">
  <properties/>
  <testcase name="compare" classname="boofcv.abst.filter.binary.TestGlobalFixedBinaryFilter" time="0.001"/>
  <system-out><![CDATA[]]></system-out>
  <system-err><![CDATA[]]></system-err>
</testsuite>
