<?xml version="1.0" encoding="UTF-8"?>
<testsuite name="boofcv.alg.interpolate.impl.TestBilinearRectangle_S16" tests="6" skipped="0" failures="0" errors="0" timestamp="2017-05-10T18:54:22" hostname="ashu-Lenovo-G50-70" time="0.023">
  <properties/>
  <testcase name="outsideImageBorder2_barely" classname="boofcv.alg.interpolate.impl.TestBilinearRectangle_S16" time="0.015"/>
  <testcase name="checkCenter" classname="boofcv.alg.interpolate.impl.TestBilinearRectangle_S16" time="0.001"/>
  <testcase name="checkSubImage" classname="boofcv.alg.interpolate.impl.TestBilinearRectangle_S16" time="0.001"/>
  <testcase name="outsideImageBorder1_barely" classname="boofcv.alg.interpolate.impl.TestBilinearRectangle_S16" time="0.001"/>
  <testcase name="outsideImageBorder" classname="boofcv.alg.interpolate.impl.TestBilinearRectangle_S16" time="0.0"/>
  <testcase name="checkBottomRightEdge" classname="boofcv.alg.interpolate.impl.TestBilinearRectangle_S16" time="0.003"/>
  <system-out><![CDATA[]]></system-out>
  <system-err><![CDATA[]]></system-err>
</testsuite>
