<?xml version="1.0" encoding="UTF-8"?>
<testsuite name="boofcv.abst.filter.interpolate.TestInterpolatePixel_PL_using_SB" tests="1" skipped="0" failures="0" errors="0" timestamp="2017-05-10T18:54:17" hostname="ashu-Lenovo-G50-70" time="0.004">
  <properties/>
  <testcase name="compareToIndividual" classname="boofcv.abst.filter.interpolate.TestInterpolatePixel_PL_using_SB" time="0.004"/>
  <system-out><![CDATA[]]></system-out>
  <system-err><![CDATA[]]></system-err>
</testsuite>
