<?xml version="1.0" encoding="UTF-8"?>
<testsuite name="boofcv.alg.filter.derivative.impl.TestGradientSparseTwo0_F32" tests="2" skipped="0" failures="0" errors="0" timestamp="2017-05-10T18:54:22" hostname="ashu-Lenovo-G50-70" time="0.004">
  <properties/>
  <testcase name="compareToFullImage_noBorder" classname="boofcv.alg.filter.derivative.impl.TestGradientSparseTwo0_F32" time="0.004"/>
  <testcase name="compareToFullImage_Border" classname="boofcv.alg.filter.derivative.impl.TestGradientSparseTwo0_F32" time="0.0"/>
  <system-out><![CDATA[]]></system-out>
  <system-err><![CDATA[]]></system-err>
</testsuite>
