<?xml version="1.0" encoding="UTF-8"?>
<testsuite name="boofcv.alg.TestInputSanityCheck" tests="2" skipped="0" failures="0" errors="0" timestamp="2017-05-10T18:54:23" hostname="ashu-Lenovo-G50-70" time="0.0">
  <properties/>
  <testcase name="checkShape_three" classname="boofcv.alg.TestInputSanityCheck" time="0.0"/>
  <testcase name="checkShape_two" classname="boofcv.alg.TestInputSanityCheck" time="0.0"/>
  <system-out><![CDATA[]]></system-out>
  <system-err><![CDATA[]]></system-err>
</testsuite>
