<?xml version="1.0" encoding="UTF-8"?>
<testsuite name="boofcv.alg.distort.impl.TestImplImageDistort_I16" tests="4" skipped="0" failures="0" errors="0" timestamp="2017-05-10T18:54:18" hostname="ashu-Lenovo-G50-70" time="0.004">
  <properties/>
  <testcase name="testCrop" classname="boofcv.alg.distort.impl.TestImplImageDistort_I16" time="0.001"/>
  <testcase name="checkRenderAll" classname="boofcv.alg.distort.impl.TestImplImageDistort_I16" time="0.001"/>
  <testcase name="defaultRenderAllIsTrue" classname="boofcv.alg.distort.impl.TestImplImageDistort_I16" time="0.001"/>
  <testcase name="testOutsideCrop" classname="boofcv.alg.distort.impl.TestImplImageDistort_I16" time="0.001"/>
  <system-out><![CDATA[]]></system-out>
  <system-err><![CDATA[]]></system-err>
</testsuite>
