<?xml version="1.0" encoding="UTF-8"?>
<testsuite name="boofcv.alg.filter.convolve.down.TestConvolveDownNoBorderUnrolled_U8_I8_Div" tests="3" skipped="0" failures="0" errors="0" timestamp="2017-05-10T18:54:21" hostname="ashu-Lenovo-G50-70" time="0.064">
  <properties/>
  <testcase name="vertical" classname="boofcv.alg.filter.convolve.down.TestConvolveDownNoBorderUnrolled_U8_I8_Div" time="0.02"/>
  <testcase name="convolve" classname="boofcv.alg.filter.convolve.down.TestConvolveDownNoBorderUnrolled_U8_I8_Div" time="0.029"/>
  <testcase name="horizontal" classname="boofcv.alg.filter.convolve.down.TestConvolveDownNoBorderUnrolled_U8_I8_Div" time="0.015"/>
  <system-out><![CDATA[]]></system-out>
  <system-err><![CDATA[]]></system-err>
</testsuite>
