<?xml version="1.0" encoding="UTF-8"?>
<testsuite name="boofcv.alg.filter.convolve.normalized.TestConvolveNormalizedNaive_IL" tests="4" skipped="0" failures="0" errors="0" timestamp="2017-05-10T18:54:19" hostname="ashu-Lenovo-G50-70" time="0.011">
  <properties/>
  <testcase name="vertical" classname="boofcv.alg.filter.convolve.normalized.TestConvolveNormalizedNaive_IL" time="0.002"/>
  <testcase name="convolve" classname="boofcv.alg.filter.convolve.normalized.TestConvolveNormalizedNaive_IL" time="0.006"/>
  <testcase name="horizontal" classname="boofcv.alg.filter.convolve.normalized.TestConvolveNormalizedNaive_IL" time="0.001"/>
  <testcase name="vertical2_U16_U8" classname="boofcv.alg.filter.convolve.normalized.TestConvolveNormalizedNaive_IL" time="0.002"/>
  <system-out><![CDATA[]]></system-out>
  <system-err><![CDATA[]]></system-err>
</testsuite>
