<?xml version="1.0" encoding="UTF-8"?>
<testsuite name="boofcv.alg.filter.blur.impl.TestImplMedianHistogramInner" tests="1" skipped="0" failures="0" errors="0" timestamp="2017-05-10T18:54:19" hostname="ashu-Lenovo-G50-70" time="0.015">
  <properties/>
  <testcase name="compareToSort" classname="boofcv.alg.filter.blur.impl.TestImplMedianHistogramInner" time="0.015"/>
  <system-out><![CDATA[]]></system-out>
  <system-err><![CDATA[]]></system-err>
</testsuite>
