<?xml version="1.0" encoding="UTF-8"?>
<testsuite name="boofcv.factory.filter.kernel.TestFactorySteerable" tests="1" skipped="0" failures="0" errors="0" timestamp="2017-05-10T18:54:28" hostname="ashu-Lenovo-G50-70" time="0.054">
  <properties/>
  <testcase name="gaussian" classname="boofcv.factory.filter.kernel.TestFactorySteerable" time="0.054"/>
  <system-out><![CDATA[]]></system-out>
  <system-err><![CDATA[]]></system-err>
</testsuite>
