<?xml version="1.0" encoding="UTF-8"?>
<testsuite name="boofcv.abst.distort.TestFDistort" tests="5" skipped="0" failures="0" errors="0" timestamp="2017-05-10T18:54:16" hostname="ashu-Lenovo-G50-70" time="0.18">
  <properties/>
  <testcase name="affine" classname="boofcv.abst.distort.TestFDistort" time="0.147"/>
  <testcase name="rotate" classname="boofcv.abst.distort.TestFDistort" time="0.005"/>
  <testcase name="setBorderChange" classname="boofcv.abst.distort.TestFDistort" time="0.024"/>
  <testcase name="scale" classname="boofcv.abst.distort.TestFDistort" time="0.0"/>
  <testcase name="setRefs" classname="boofcv.abst.distort.TestFDistort" time="0.001"/>
  <system-out><![CDATA[]]></system-out>
  <system-err><![CDATA[]]></system-err>
</testsuite>
