<?xml version="1.0" encoding="UTF-8"?>
<testsuite name="boofcv.alg.filter.convolve.noborder.TestConvolveImageUnrolled_U8_I8_Div" tests="3" skipped="0" failures="0" errors="0" timestamp="2017-05-10T18:54:19" hostname="ashu-Lenovo-G50-70" time="0.015">
  <properties/>
  <testcase name="convolve" classname="boofcv.alg.filter.convolve.noborder.TestConvolveImageUnrolled_U8_I8_Div" time="0.008"/>
  <testcase name="vertical_divide" classname="boofcv.alg.filter.convolve.noborder.TestConvolveImageUnrolled_U8_I8_Div" time="0.004"/>
  <testcase name="horizontal_divide" classname="boofcv.alg.filter.convolve.noborder.TestConvolveImageUnrolled_U8_I8_Div" time="0.003"/>
  <system-out><![CDATA[]]></system-out>
  <system-err><![CDATA[]]></system-err>
</testsuite>
