<?xml version="1.0" encoding="UTF-8"?>
<testsuite name="boofcv.struct.pyramid.TestPyramidDiscrete" tests="2" skipped="0" failures="0" errors="0" timestamp="2017-05-10T18:54:28" hostname="ashu-Lenovo-G50-70" time="0.001">
  <properties/>
  <testcase name="setScaling_positive" classname="boofcv.struct.pyramid.TestPyramidDiscrete" time="0.0"/>
  <testcase name="setScaling_negative" classname="boofcv.struct.pyramid.TestPyramidDiscrete" time="0.001"/>
  <system-out><![CDATA[]]></system-out>
  <system-err><![CDATA[]]></system-err>
</testsuite>
