<?xml version="1.0" encoding="UTF-8"?>
<testsuite name="boofcv.alg.filter.derivative.TestLaplacianEdge" tests="4" skipped="0" failures="0" errors="0" timestamp="2017-05-10T18:54:22" hostname="ashu-Lenovo-G50-70" time="0.002">
  <properties/>
  <testcase name="checkInputShape" classname="boofcv.alg.filter.derivative.TestLaplacianEdge" time="0.001"/>
  <testcase name="process_I8_F32" classname="boofcv.alg.filter.derivative.TestLaplacianEdge" time="0.0"/>
  <testcase name="process_U8_S16" classname="boofcv.alg.filter.derivative.TestLaplacianEdge" time="0.0"/>
  <testcase name="process_F32" classname="boofcv.alg.filter.derivative.TestLaplacianEdge" time="0.0"/>
  <system-out><![CDATA[]]></system-out>
  <system-err><![CDATA[]]></system-err>
</testsuite>
