<?xml version="1.0" encoding="UTF-8"?>
<testsuite name="boofcv.alg.filter.basic.impl.TestImplGrayImageOps" tests="3" skipped="0" failures="0" errors="0" timestamp="2017-05-10T18:54:18" hostname="ashu-Lenovo-G50-70" time="0.003">
  <properties/>
  <testcase name="stretch" classname="boofcv.alg.filter.basic.impl.TestImplGrayImageOps" time="0.002"/>
  <testcase name="invert" classname="boofcv.alg.filter.basic.impl.TestImplGrayImageOps" time="0.0"/>
  <testcase name="brighten" classname="boofcv.alg.filter.basic.impl.TestImplGrayImageOps" time="0.001"/>
  <system-out><![CDATA[]]></system-out>
  <system-err><![CDATA[]]></system-err>
</testsuite>
