<?xml version="1.0" encoding="UTF-8"?>
<testsuite name="boofcv.alg.filter.binary.impl.TestThresholdSquareBlockMinMax_F32" tests="4" skipped="0" failures="0" errors="0" timestamp="2017-05-10T18:54:18" hostname="ashu-Lenovo-G50-70" time="0.011">
  <properties/>
  <testcase name="subImage" classname="boofcv.alg.filter.binary.impl.TestThresholdSquareBlockMinMax_F32" time="0.004"/>
  <testcase name="widthLargerThanImage" classname="boofcv.alg.filter.binary.impl.TestThresholdSquareBlockMinMax_F32" time="0.0"/>
  <testcase name="toggleDown" classname="boofcv.alg.filter.binary.impl.TestThresholdSquareBlockMinMax_F32" time="0.003"/>
  <testcase name="thresholdSquare" classname="boofcv.alg.filter.binary.impl.TestThresholdSquareBlockMinMax_F32" time="0.003"/>
  <system-out><![CDATA[]]></system-out>
  <system-err><![CDATA[]]></system-err>
</testsuite>
