<?xml version="1.0" encoding="UTF-8"?>
<testsuite name="boofcv.alg.enhance.TestEnhanceImageOps" tests="2" skipped="0" failures="0" errors="0" timestamp="2017-05-10T18:54:18" hostname="ashu-Lenovo-G50-70" time="0.019">
  <properties/>
  <testcase name="equalize" classname="boofcv.alg.enhance.TestEnhanceImageOps" time="0.0"/>
  <testcase name="equalizeLocal" classname="boofcv.alg.enhance.TestEnhanceImageOps" time="0.019"/>
  <system-out><![CDATA[]]></system-out>
  <system-err><![CDATA[]]></system-err>
</testsuite>
