<?xml version="1.0" encoding="UTF-8"?>
<testsuite name="boofcv.abst.filter.derivative.TestGradientMultiToSingleBand_Reflection" tests="1" skipped="0" failures="0" errors="0" timestamp="2017-05-10T18:54:17" hostname="ashu-Lenovo-G50-70" time="0.001">
  <properties/>
  <testcase name="expected" classname="boofcv.abst.filter.derivative.TestGradientMultiToSingleBand_Reflection" time="0.001"/>
  <system-out><![CDATA[]]></system-out>
  <system-err><![CDATA[]]></system-err>
</testsuite>
