<?xml version="1.0" encoding="UTF-8"?>
<testsuite name="boofcv.abst.filter.derivative.TestAnyImageDerivative" tests="2" skipped="0" failures="0" errors="0" timestamp="2017-05-10T18:54:17" hostname="ashu-Lenovo-G50-70" time="0.028">
  <properties/>
  <testcase name="changeInputImageSize" classname="boofcv.abst.filter.derivative.TestAnyImageDerivative" time="0.003"/>
  <testcase name="test" classname="boofcv.abst.filter.derivative.TestAnyImageDerivative" time="0.025"/>
  <system-out><![CDATA[]]></system-out>
  <system-err><![CDATA[]]></system-err>
</testsuite>
