<?xml version="1.0" encoding="UTF-8"?>
<testsuite name="boofcv.alg.distort.impl.TestImplImageDistortCache_I16" tests="2" skipped="0" failures="0" errors="0" timestamp="2017-05-10T18:54:17" hostname="ashu-Lenovo-G50-70" time="0.06">
  <properties/>
  <testcase name="compareNoCrop" classname="boofcv.alg.distort.impl.TestImplImageDistortCache_I16" time="0.05"/>
  <testcase name="compareCrop" classname="boofcv.alg.distort.impl.TestImplImageDistortCache_I16" time="0.003"/>
  <system-out><![CDATA[]]></system-out>
  <system-err><![CDATA[]]></system-err>
</testsuite>
