<?xml version="1.0" encoding="UTF-8"?>
<testsuite name="boofcv.alg.interpolate.array.TestInterpolate1D_F32" tests="3" skipped="0" failures="0" errors="0" timestamp="2017-05-10T18:54:22" hostname="ashu-Lenovo-G50-70" time="0.002">
  <properties/>
  <testcase name="bisectionSearch" classname="boofcv.alg.interpolate.array.TestInterpolate1D_F32" time="0.002"/>
  <testcase name="changeDegree" classname="boofcv.alg.interpolate.array.TestInterpolate1D_F32" time="0.0"/>
  <testcase name="hunt" classname="boofcv.alg.interpolate.array.TestInterpolate1D_F32" time="0.0"/>
  <system-out><![CDATA[]]></system-out>
  <system-err><![CDATA[]]></system-err>
</testsuite>
