<?xml version="1.0" encoding="UTF-8"?>
<testsuite name="boofcv.core.image.TestConvertImage" tests="1" skipped="0" failures="0" errors="0" timestamp="2017-05-10T18:54:28" hostname="ashu-Lenovo-G50-70" time="0.092">
  <properties/>
  <testcase name="checkAllConvert" classname="boofcv.core.image.TestConvertImage" time="0.092"/>
  <system-out><![CDATA[]]></system-out>
  <system-err><![CDATA[]]></system-err>
</testsuite>
