<?xml version="1.0" encoding="UTF-8"?>
<testsuite name="boofcv.misc.TestCircularIndex" tests="6" skipped="0" failures="0" errors="0" timestamp="2017-05-10T18:54:28" hostname="ashu-Lenovo-G50-70" time="0.001">
  <properties/>
  <testcase name="subtract" classname="boofcv.misc.TestCircularIndex" time="0.001"/>
  <testcase name="plusPOffset" classname="boofcv.misc.TestCircularIndex" time="0.0"/>
  <testcase name="minusPOffset" classname="boofcv.misc.TestCircularIndex" time="0.0"/>
  <testcase name="addOffset" classname="boofcv.misc.TestCircularIndex" time="0.0"/>
  <testcase name="distance" classname="boofcv.misc.TestCircularIndex" time="0.0"/>
  <testcase name="distanceP" classname="boofcv.misc.TestCircularIndex" time="0.0"/>
  <system-out><![CDATA[]]></system-out>
  <system-err><![CDATA[]]></system-err>
</testsuite>
