<?xml version="1.0" encoding="UTF-8"?>
<testsuite name="boofcv.alg.filter.binary.TestLinearContourLabelChang2004" tests="7" skipped="0" failures="0" errors="0" timestamp="2017-05-10T18:54:18" hostname="ashu-Lenovo-G50-70" time="0.004">
  <properties/>
  <testcase name="checkInnerOuterContour" classname="boofcv.alg.filter.binary.TestLinearContourLabelChang2004" time="0.001"/>
  <testcase name="test1_4" classname="boofcv.alg.filter.binary.TestLinearContourLabelChang2004" time="0.0"/>
  <testcase name="test1_8" classname="boofcv.alg.filter.binary.TestLinearContourLabelChang2004" time="0.0"/>
  <testcase name="test2_4" classname="boofcv.alg.filter.binary.TestLinearContourLabelChang2004" time="0.001"/>
  <testcase name="test2_8" classname="boofcv.alg.filter.binary.TestLinearContourLabelChang2004" time="0.0"/>
  <testcase name="test3_4" classname="boofcv.alg.filter.binary.TestLinearContourLabelChang2004" time="0.001"/>
  <testcase name="test3_8" classname="boofcv.alg.filter.binary.TestLinearContourLabelChang2004" time="0.0"/>
  <system-out><![CDATA[]]></system-out>
  <system-err><![CDATA[]]></system-err>
</testsuite>
