<?xml version="1.0" encoding="UTF-8"?>
<testsuite name="boofcv.alg.transform.fft.TestGeneralPurposeFFT_F32_2D" tests="2" skipped="0" failures="0" errors="0" timestamp="2017-05-10T18:54:23" hostname="ashu-Lenovo-G50-70" time="0.391">
  <properties/>
  <testcase name="realFull" classname="boofcv.alg.transform.fft.TestGeneralPurposeFFT_F32_2D" time="0.265"/>
  <testcase name="complex" classname="boofcv.alg.transform.fft.TestGeneralPurposeFFT_F32_2D" time="0.126"/>
  <system-out><![CDATA[]]></system-out>
  <system-err><![CDATA[]]></system-err>
</testsuite>
