<?xml version="1.0" encoding="UTF-8"?>
<testsuite name="boofcv.alg.filter.binary.TestThresholdSquareBlockMinMax" tests="1" skipped="0" failures="0" errors="0" timestamp="2017-05-10T18:54:19" hostname="ashu-Lenovo-G50-70" time="0.001">
  <properties/>
  <testcase name="selectBlockSize" classname="boofcv.alg.filter.binary.TestThresholdSquareBlockMinMax" time="0.001"/>
  <system-out><![CDATA[]]></system-out>
  <system-err><![CDATA[]]></system-err>
</testsuite>
