<?xml version="1.0" encoding="UTF-8"?>
<testsuite name="boofcv.struct.image.TestImageBase" tests="3" skipped="0" failures="0" errors="0" timestamp="2017-05-10T18:54:28" hostname="ashu-Lenovo-G50-70" time="0.001">
  <properties/>
  <testcase name="isInBounds" classname="boofcv.struct.image.TestImageBase" time="0.001"/>
  <testcase name="indexToPixel" classname="boofcv.struct.image.TestImageBase" time="0.0"/>
  <testcase name="isSubimage" classname="boofcv.struct.image.TestImageBase" time="0.0"/>
  <system-out><![CDATA[]]></system-out>
  <system-err><![CDATA[]]></system-err>
</testsuite>
