<?xml version="1.0" encoding="UTF-8"?>
<testsuite name="boofcv.alg.filter.convolve.down.TestUtilDownConvolve" tests="2" skipped="0" failures="0" errors="0" timestamp="2017-05-10T18:54:21" hostname="ashu-Lenovo-G50-70" time="0.001">
  <properties/>
  <testcase name="computeMaxSide" classname="boofcv.alg.filter.convolve.down.TestUtilDownConvolve" time="0.0"/>
  <testcase name="computeOffset" classname="boofcv.alg.filter.convolve.down.TestUtilDownConvolve" time="0.0"/>
  <system-out><![CDATA[]]></system-out>
  <system-err><![CDATA[]]></system-err>
</testsuite>
