<?xml version="1.0" encoding="UTF-8"?>
<testsuite name="boofcv.alg.filter.convolve.noborder.TestConvolveImageUnrolled_F64_F64" tests="3" skipped="0" failures="0" errors="0" timestamp="2017-05-10T18:54:19" hostname="ashu-Lenovo-G50-70" time="0.014">
  <properties/>
  <testcase name="vertical" classname="boofcv.alg.filter.convolve.noborder.TestConvolveImageUnrolled_F64_F64" time="0.005"/>
  <testcase name="convolve" classname="boofcv.alg.filter.convolve.noborder.TestConvolveImageUnrolled_F64_F64" time="0.007"/>
  <testcase name="horizontal" classname="boofcv.alg.filter.convolve.noborder.TestConvolveImageUnrolled_F64_F64" time="0.002"/>
  <system-out><![CDATA[]]></system-out>
  <system-err><![CDATA[]]></system-err>
</testsuite>
