<?xml version="1.0" encoding="UTF-8"?>
<testsuite name="boofcv.core.encoding.TestConvertNV21" tests="2" skipped="0" failures="0" errors="0" timestamp="2017-05-10T18:54:28" hostname="ashu-Lenovo-G50-70" time="0.022">
  <properties/>
  <testcase name="testColor" classname="boofcv.core.encoding.TestConvertNV21" time="0.019"/>
  <testcase name="testGray" classname="boofcv.core.encoding.TestConvertNV21" time="0.003"/>
  <system-out><![CDATA[]]></system-out>
  <system-err><![CDATA[]]></system-err>
</testsuite>
