<?xml version="1.0" encoding="UTF-8"?>
<testsuite name="boofcv.struct.image.TestPlanar" tests="10" skipped="0" failures="0" errors="0" timestamp="2017-05-10T18:54:28" hostname="ashu-Lenovo-G50-70" time="0.006">
  <properties/>
  <testcase name="subimage" classname="boofcv.struct.image.TestPlanar" time="0.0"/>
  <testcase name="setTo_mismatch" classname="boofcv.struct.image.TestPlanar" time="0.0"/>
  <testcase name="constructor" classname="boofcv.struct.image.TestPlanar" time="0.0"/>
  <testcase name="serialize" classname="boofcv.struct.image.TestPlanar" time="0.004"/>
  <testcase name="getBand" classname="boofcv.struct.image.TestPlanar" time="0.0"/>
  <testcase name="setNumberOfBands" classname="boofcv.struct.image.TestPlanar" time="0.0"/>
  <testcase name="setTo" classname="boofcv.struct.image.TestPlanar" time="0.0"/>
  <testcase name="reshape_subimage" classname="boofcv.struct.image.TestPlanar" time="0.0"/>
  <testcase name="reshape" classname="boofcv.struct.image.TestPlanar" time="0.0"/>
  <testcase name="reorderBands" classname="boofcv.struct.image.TestPlanar" time="0.0"/>
  <system-out><![CDATA[]]></system-out>
  <system-err><![CDATA[]]></system-err>
</testsuite>
