<?xml version="1.0" encoding="UTF-8"?>
<testsuite name="boofcv.abst.filter.blur.TestBlurStorageFilter" tests="3" skipped="0" failures="0" errors="0" timestamp="2017-05-10T18:54:16" hostname="ashu-Lenovo-G50-70" time="0.052">
  <properties/>
  <testcase name="gaussian" classname="boofcv.abst.filter.blur.TestBlurStorageFilter" time="0.026"/>
  <testcase name="median" classname="boofcv.abst.filter.blur.TestBlurStorageFilter" time="0.023"/>
  <testcase name="mean" classname="boofcv.abst.filter.blur.TestBlurStorageFilter" time="0.001"/>
  <system-out><![CDATA[]]></system-out>
  <system-err><![CDATA[]]></system-err>
</testsuite>
