<?xml version="1.0" encoding="UTF-8"?>
<testsuite name="boofcv.struct.TestQueueCorner" tests="3" skipped="0" failures="0" errors="0" timestamp="2017-05-10T18:54:28" hostname="ashu-Lenovo-G50-70" time="0.002">
  <properties/>
  <testcase name="add_get" classname="boofcv.struct.TestQueueCorner" time="0.002"/>
  <testcase name="reset" classname="boofcv.struct.TestQueueCorner" time="0.0"/>
  <testcase name="getMaxSize" classname="boofcv.struct.TestQueueCorner" time="0.0"/>
  <system-out><![CDATA[]]></system-out>
  <system-err><![CDATA[]]></system-err>
</testsuite>
