<?xml version="1.0" encoding="UTF-8"?>
<testsuite name="boofcv.alg.filter.binary.TestThresholdImageOps" tests="3" skipped="0" failures="0" errors="0" timestamp="2017-05-10T18:54:18" hostname="ashu-Lenovo-G50-70" time="0.137">
  <properties/>
  <testcase name="threshold" classname="boofcv.alg.filter.binary.TestThresholdImageOps" time="0.003"/>
  <testcase name="localGaussian" classname="boofcv.alg.filter.binary.TestThresholdImageOps" time="0.086"/>
  <testcase name="localSquare" classname="boofcv.alg.filter.binary.TestThresholdImageOps" time="0.048"/>
  <system-out><![CDATA[]]></system-out>
  <system-err><![CDATA[]]></system-err>
</testsuite>
