<?xml version="1.0" encoding="UTF-8"?>
<testsuite name="boofcv.abst.filter.derivative.TestFactoryDerivativeSparse" tests="2" skipped="0" failures="0" errors="0" timestamp="2017-05-10T18:54:17" hostname="ashu-Lenovo-G50-70" time="0.037">
  <properties/>
  <testcase name="laplacian_I" classname="boofcv.abst.filter.derivative.TestFactoryDerivativeSparse" time="0.036"/>
  <testcase name="laplacian_F32" classname="boofcv.abst.filter.derivative.TestFactoryDerivativeSparse" time="0.0"/>
  <system-out><![CDATA[]]></system-out>
  <system-err><![CDATA[]]></system-err>
</testsuite>
