<?xml version="1.0" encoding="UTF-8"?>
<testsuite name="boofcv.alg.transform.fft.TestFourierTransformNaive_F64" tests="3" skipped="0" failures="0" errors="0" timestamp="2017-05-10T18:54:23" hostname="ashu-Lenovo-G50-70" time="0.089">
  <properties/>
  <testcase name="forward_reverse_image" classname="boofcv.alg.transform.fft.TestFourierTransformNaive_F64" time="0.088"/>
  <testcase name="transform_RIRI_RIRI" classname="boofcv.alg.transform.fft.TestFourierTransformNaive_F64" time="0.0"/>
  <testcase name="forwardsRRI_inverseRIR" classname="boofcv.alg.transform.fft.TestFourierTransformNaive_F64" time="0.0"/>
  <system-out><![CDATA[]]></system-out>
  <system-err><![CDATA[]]></system-err>
</testsuite>
