<?xml version="1.0" encoding="UTF-8"?>
<testsuite name="boofcv.struct.pyramid.TestImagePyramidBase" tests="5" skipped="0" failures="0" errors="0" timestamp="2017-05-10T18:54:28" hostname="ashu-Lenovo-G50-70" time="0.003">
  <properties/>
  <testcase name="saveOriginalReference" classname="boofcv.struct.pyramid.TestImagePyramidBase" time="0.001"/>
  <testcase name="getWidth_Height" classname="boofcv.struct.pyramid.TestImagePyramidBase" time="0.0"/>
  <testcase name="setTo" classname="boofcv.struct.pyramid.TestImagePyramidBase" time="0.002"/>
  <testcase name="checkScales" classname="boofcv.struct.pyramid.TestImagePyramidBase" time="0.0"/>
  <testcase name="initialize" classname="boofcv.struct.pyramid.TestImagePyramidBase" time="0.0"/>
  <system-out><![CDATA[]]></system-out>
  <system-err><![CDATA[]]></system-err>
</testsuite>
