<?xml version="1.0" encoding="UTF-8"?>
<testsuite name="boofcv.alg.filter.binary.TestGThresholdImageOps" tests="4" skipped="0" failures="0" errors="0" timestamp="2017-05-10T18:54:18" hostname="ashu-Lenovo-G50-70" time="0.248">
  <properties/>
  <testcase name="computeEntropy_zeros" classname="boofcv.alg.filter.binary.TestGThresholdImageOps" time="0.008"/>
  <testcase name="computeEntropy" classname="boofcv.alg.filter.binary.TestGThresholdImageOps" time="0.191"/>
  <testcase name="computeOtsu" classname="boofcv.alg.filter.binary.TestGThresholdImageOps" time="0.046"/>
  <testcase name="computeOtsu_zeros" classname="boofcv.alg.filter.binary.TestGThresholdImageOps" time="0.001"/>
  <system-out><![CDATA[]]></system-out>
  <system-err><![CDATA[]]></system-err>
</testsuite>
