<?xml version="1.0" encoding="UTF-8"?>
<testsuite name="boofcv.alg.color.TestColorHsv" tests="2" skipped="0" failures="0" errors="0" timestamp="2017-05-10T18:54:17" hostname="ashu-Lenovo-G50-70" time="0.002">
  <properties/>
  <testcase name="backAndForth_F64_and_F32" classname="boofcv.alg.color.TestColorHsv" time="0.002"/>
  <testcase name="Planar_F32" classname="boofcv.alg.color.TestColorHsv" time="0.0"/>
  <system-out><![CDATA[]]></system-out>
  <system-err><![CDATA[]]></system-err>
</testsuite>
