<?xml version="1.0" encoding="UTF-8"?>
<testsuite name="boofcv.abst.sfm.d3.TestStereoVisualOdometryScaleInput" tests="3" skipped="0" failures="0" errors="0" timestamp="2017-05-10T18:54:57" hostname="ashu-Lenovo-G50-70" time="0.008">
  <properties/>
  <testcase name="setCalibration" classname="boofcv.abst.sfm.d3.TestStereoVisualOdometryScaleInput" time="0.002"/>
  <testcase name="getImageType" classname="boofcv.abst.sfm.d3.TestStereoVisualOdometryScaleInput" time="0.0"/>
  <testcase name="process" classname="boofcv.abst.sfm.d3.TestStereoVisualOdometryScaleInput" time="0.006"/>
  <system-out><![CDATA[]]></system-out>
  <system-err><![CDATA[]]></system-err>
</testsuite>
