<?xml version="1.0" encoding="UTF-8"?>
<testsuite name="boofcv.abst.sfm.d3.TestWrapVisOdomQuadPnP" tests="2" skipped="0" failures="0" errors="0" timestamp="2017-05-10T18:54:58" hostname="ashu-Lenovo-G50-70" time="0.753">
  <properties/>
  <testcase name="moveForward" classname="boofcv.abst.sfm.d3.TestWrapVisOdomQuadPnP" time="0.677"/>
  <testcase name="changeInputSize" classname="boofcv.abst.sfm.d3.TestWrapVisOdomQuadPnP" time="0.075"/>
  <system-out><![CDATA[]]></system-out>
  <system-err><![CDATA[]]></system-err>
</testsuite>
