<?xml version="1.0" encoding="UTF-8"?>
<testsuite name="boofcv.abst.sfm.d3.TestVisOdomPixelDepthPnP_to_DepthVisualOdometry" tests="1" skipped="0" failures="0" errors="0" timestamp="2017-05-10T18:54:57" hostname="ashu-Lenovo-G50-70" time="0.249">
  <properties/>
  <testcase name="moveForward" classname="boofcv.abst.sfm.d3.TestVisOdomPixelDepthPnP_to_DepthVisualOdometry" time="0.249"/>
  <system-out><![CDATA[]]></system-out>
  <system-err><![CDATA[]]></system-err>
</testsuite>
