<?xml version="1.0" encoding="UTF-8"?>
<testsuite name="boofcv.alg.sfm.robust.TestDistanceScaleTranslateRotate2DSq" tests="3" skipped="0" failures="0" errors="0" timestamp="2017-05-10T18:54:59" hostname="ashu-Lenovo-G50-70" time="0.002">
  <properties/>
  <testcase name="perfect" classname="boofcv.alg.sfm.robust.TestDistanceScaleTranslateRotate2DSq" time="0.001"/>
  <testcase name="noisy" classname="boofcv.alg.sfm.robust.TestDistanceScaleTranslateRotate2DSq" time="0.0"/>
  <testcase name="multiple" classname="boofcv.alg.sfm.robust.TestDistanceScaleTranslateRotate2DSq" time="0.0"/>
  <system-out><![CDATA[]]></system-out>
  <system-err><![CDATA[]]></system-err>
</testsuite>
