<?xml version="1.0" encoding="UTF-8"?>
<testsuite name="boofcv.abst.sfm.d3.TestMonoOverhead_to_MonocularPlaneVisualOdometry" tests="2" skipped="0" failures="0" errors="0" timestamp="2017-05-10T18:54:55" hostname="ashu-Lenovo-G50-70" time="1.398">
  <properties/>
  <testcase name="moveTurning" classname="boofcv.abst.sfm.d3.TestMonoOverhead_to_MonocularPlaneVisualOdometry" time="0.815"/>
  <testcase name="moveForward" classname="boofcv.abst.sfm.d3.TestMonoOverhead_to_MonocularPlaneVisualOdometry" time="0.565"/>
  <system-out><![CDATA[]]></system-out>
  <system-err><![CDATA[]]></system-err>
</testsuite>
