<?xml version="1.0" encoding="UTF-8"?>
<testsuite name="boofcv.abst.sfm.TestDepthSparse3D_to_PixelTo3D" tests="1" skipped="0" failures="0" errors="0" timestamp="2017-05-10T18:54:59" hostname="ashu-Lenovo-G50-70" time="0.0">
  <properties/>
  <testcase name="checkInputs" classname="boofcv.abst.sfm.TestDepthSparse3D_to_PixelTo3D" time="0.0"/>
  <system-out><![CDATA[]]></system-out>
  <system-err><![CDATA[]]></system-err>
</testsuite>
