<?xml version="1.0" encoding="UTF-8"?>
<testsuite name="boofcv.alg.sfm.overhead.TestSelectOverheadParameters" tests="3" skipped="0" failures="0" errors="0" timestamp="2017-05-10T18:54:59" hostname="ashu-Lenovo-G50-70" time="0.01">
  <properties/>
  <testcase name="checkFailure" classname="boofcv.alg.sfm.overhead.TestSelectOverheadParameters" time="0.004"/>
  <testcase name="pointedStraightDown" classname="boofcv.alg.sfm.overhead.TestSelectOverheadParameters" time="0.003"/>
  <testcase name="pointedAngle" classname="boofcv.alg.sfm.overhead.TestSelectOverheadParameters" time="0.003"/>
  <system-out><![CDATA[]]></system-out>
  <system-err><![CDATA[]]></system-err>
</testsuite>
