<?xml version="1.0" encoding="UTF-8"?>
<testsuite name="boofcv.abst.sfm.d3.TestWrapVisOdomDualTrackPnP" tests="2" skipped="0" failures="0" errors="0" timestamp="2017-05-10T18:54:57" hostname="ashu-Lenovo-G50-70" time="0.632">
  <properties/>
  <testcase name="moveForward" classname="boofcv.abst.sfm.d3.TestWrapVisOdomDualTrackPnP" time="0.589"/>
  <testcase name="changeInputSize" classname="boofcv.abst.sfm.d3.TestWrapVisOdomDualTrackPnP" time="0.041"/>
  <system-out><![CDATA[]]></system-out>
  <system-err><![CDATA[]]></system-err>
</testsuite>
