<?xml version="1.0" encoding="UTF-8"?>
<testsuite name="boofcv.alg.geo.pose.TestPnPStereoDistanceReprojectionSq" tests="4" skipped="0" failures="0" errors="0" timestamp="2017-05-10T18:54:59" hostname="ashu-Lenovo-G50-70" time="0.001">
  <properties/>
  <testcase name="checkBehindCamera_Left" classname="boofcv.alg.geo.pose.TestPnPStereoDistanceReprojectionSq" time="0.0"/>
  <testcase name="checkErrorArray" classname="boofcv.alg.geo.pose.TestPnPStereoDistanceReprojectionSq" time="0.001"/>
  <testcase name="checkBehindCamera_Right" classname="boofcv.alg.geo.pose.TestPnPStereoDistanceReprojectionSq" time="0.0"/>
  <testcase name="checkErrorSingle" classname="boofcv.alg.geo.pose.TestPnPStereoDistanceReprojectionSq" time="0.0"/>
  <system-out><![CDATA[]]></system-out>
  <system-err><![CDATA[]]></system-err>
</testsuite>
