<?xml version="1.0" encoding="UTF-8"?>
<testsuite name="boofcv.alg.sfm.d3.direct.TestVisOdomDirectColorDepth" tests="1" skipped="0" failures="0" errors="0" timestamp="2017-05-10T18:54:59" hostname="ashu-Lenovo-G50-70" time="0.062">
  <properties/>
  <testcase name="singleStepArtificialTranslation" classname="boofcv.alg.sfm.d3.direct.TestVisOdomDirectColorDepth" time="0.062"/>
  <system-out><![CDATA[]]></system-out>
  <system-err><![CDATA[]]></system-err>
</testsuite>
