<?xml version="1.0" encoding="UTF-8"?>
<testsuite name="boofcv.abst.sfm.d3.TestMonocularPlaneVisualOdometryScaleInput" tests="3" skipped="0" failures="0" errors="0" timestamp="2017-05-10T18:54:54" hostname="ashu-Lenovo-G50-70" time="0.052">
  <properties/>
  <testcase name="setCalibration" classname="boofcv.abst.sfm.d3.TestMonocularPlaneVisualOdometryScaleInput" time="0.017"/>
  <testcase name="getImageType" classname="boofcv.abst.sfm.d3.TestMonocularPlaneVisualOdometryScaleInput" time="0.0"/>
  <testcase name="process" classname="boofcv.abst.sfm.d3.TestMonocularPlaneVisualOdometryScaleInput" time="0.034"/>
  <system-out><![CDATA[]]></system-out>
  <system-err><![CDATA[]]></system-err>
</testsuite>
