<?xml version="1.0" encoding="UTF-8"?>
<testsuite name="boofcv.alg.geo.pose.TestPnPStereoRefineRodrigues" tests="2" skipped="0" failures="0" errors="0" timestamp="2017-05-10T18:54:59" hostname="ashu-Lenovo-G50-70" time="0.003">
  <properties/>
  <testcase name="perfect" classname="boofcv.alg.geo.pose.TestPnPStereoRefineRodrigues" time="0.001"/>
  <testcase name="noisy" classname="boofcv.alg.geo.pose.TestPnPStereoRefineRodrigues" time="0.002"/>
  <system-out><![CDATA[]]></system-out>
  <system-err><![CDATA[]]></system-err>
</testsuite>
