<?xml version="1.0" encoding="UTF-8"?>
<testsuite name="boofcv.alg.feature.associate.TestAssociateStereo2D" tests="3" skipped="0" failures="0" errors="0" timestamp="2017-05-10T18:54:59" hostname="ashu-Lenovo-G50-70" time="0.002">
  <properties/>
  <testcase name="constraintX" classname="boofcv.alg.feature.associate.TestAssociateStereo2D" time="0.002"/>
  <testcase name="constraintY" classname="boofcv.alg.feature.associate.TestAssociateStereo2D" time="0.0"/>
  <testcase name="positive" classname="boofcv.alg.feature.associate.TestAssociateStereo2D" time="0.0"/>
  <system-out><![CDATA[]]></system-out>
  <system-err><![CDATA[]]></system-err>
</testsuite>
