<?xml version="1.0" encoding="UTF-8"?>
<testsuite name="boofcv.alg.sfm.TestStereoProcessingBase" tests="2" skipped="0" failures="0" errors="0" timestamp="2017-05-10T18:55:00" hostname="ashu-Lenovo-G50-70" time="0.046">
  <properties/>
  <testcase name="compute3D" classname="boofcv.alg.sfm.TestStereoProcessingBase" time="0.002"/>
  <testcase name="checkRectification" classname="boofcv.alg.sfm.TestStereoProcessingBase" time="0.044"/>
  <system-out><![CDATA[]]></system-out>
  <system-err><![CDATA[]]></system-err>
</testsuite>
