<?xml version="1.0" encoding="UTF-8"?>
<testsuite name="boofcv.alg.sfm.d3.TestComputeObservationAcuteAngle" tests="2" skipped="0" failures="0" errors="0" timestamp="2017-05-10T18:54:59" hostname="ashu-Lenovo-G50-70" time="0.001">
  <properties/>
  <testcase name="simpleWithRotation" classname="boofcv.alg.sfm.d3.TestComputeObservationAcuteAngle" time="0.001"/>
  <testcase name="simpleNoRotation" classname="boofcv.alg.sfm.d3.TestComputeObservationAcuteAngle" time="0.0"/>
  <system-out><![CDATA[]]></system-out>
  <system-err><![CDATA[]]></system-err>
</testsuite>
