<?xml version="1.0" encoding="UTF-8"?>
<testsuite name="boofcv.alg.sfm.d2.TestImageMotionPointTrackerKey" tests="3" skipped="0" failures="0" errors="0" timestamp="2017-05-10T18:54:59" hostname="ashu-Lenovo-G50-70" time="0.006">
  <properties/>
  <testcase name="testPrune" classname="boofcv.alg.sfm.d2.TestImageMotionPointTrackerKey" time="0.006"/>
  <testcase name="process" classname="boofcv.alg.sfm.d2.TestImageMotionPointTrackerKey" time="0.0"/>
  <testcase name="changeKeyFrame" classname="boofcv.alg.sfm.d2.TestImageMotionPointTrackerKey" time="0.0"/>
  <system-out><![CDATA[]]></system-out>
  <system-err><![CDATA[]]></system-err>
</testsuite>
