<?xml version="1.0" encoding="UTF-8"?>
<testsuite name="boofcv.alg.geo.trifocal.TestTrifocalAlgebraicPoint7" tests="2" skipped="0" failures="0" errors="0" timestamp="2017-05-10T18:53:48" hostname="ashu-Lenovo-G50-70" time="0.089">
  <properties/>
  <testcase name="perfect" classname="boofcv.alg.geo.trifocal.TestTrifocalAlgebraicPoint7" time="0.063"/>
  <testcase name="noisy" classname="boofcv.alg.geo.trifocal.TestTrifocalAlgebraicPoint7" time="0.026"/>
  <system-out><![CDATA[]]></system-out>
  <system-err><![CDATA[]]></system-err>
</testsuite>
