<?xml version="1.0" encoding="UTF-8"?>
<testsuite name="boofcv.struct.geo.TestAssociatedTriple" tests="5" skipped="0" failures="0" errors="0" timestamp="2017-05-10T18:53:48" hostname="ashu-Lenovo-G50-70" time="0.0">
  <properties/>
  <testcase name="constructor_ThreePts_flag" classname="boofcv.struct.geo.TestAssociatedTriple" time="0.0"/>
  <testcase name="set_AssociatedTriple" classname="boofcv.struct.geo.TestAssociatedTriple" time="0.0"/>
  <testcase name="copy" classname="boofcv.struct.geo.TestAssociatedTriple" time="0.0"/>
  <testcase name="set_ThreePts" classname="boofcv.struct.geo.TestAssociatedTriple" time="0.0"/>
  <testcase name="constructor_ThreePts" classname="boofcv.struct.geo.TestAssociatedTriple" time="0.0"/>
  <system-out><![CDATA[]]></system-out>
  <system-err><![CDATA[]]></system-err>
</testsuite>
