<?xml version="1.0" encoding="UTF-8"?>
<testsuite name="boofcv.alg.geo.h.TestHomographyInducedStereo2Line" tests="1" skipped="0" failures="0" errors="0" timestamp="2017-05-10T18:53:48" hostname="ashu-Lenovo-G50-70" time="0.004">
  <properties/>
  <testcase name="perfectData" classname="boofcv.alg.geo.h.TestHomographyInducedStereo2Line" time="0.004"/>
  <system-out><![CDATA[]]></system-out>
  <system-err><![CDATA[]]></system-err>
</testsuite>
