<?xml version="1.0" encoding="UTF-8"?>
<testsuite name="boofcv.alg.geo.bundle.TestCalibPoseAndPointRodiguesCodec" tests="3" skipped="0" failures="0" errors="0" timestamp="2017-05-10T18:53:48" hostname="ashu-Lenovo-G50-70" time="0.001">
  <properties/>
  <testcase name="handleKnownViews" classname="boofcv.alg.geo.bundle.TestCalibPoseAndPointRodiguesCodec" time="0.0"/>
  <testcase name="encode_decode" classname="boofcv.alg.geo.bundle.TestCalibPoseAndPointRodiguesCodec" time="0.0"/>
  <testcase name="checkZeroAngle" classname="boofcv.alg.geo.bundle.TestCalibPoseAndPointRodiguesCodec" time="0.0"/>
  <system-out><![CDATA[]]></system-out>
  <system-err><![CDATA[]]></system-err>
</testsuite>
