<?xml version="1.0" encoding="UTF-8"?>
<testsuite name="boofcv.struct.calib.TestCameraPinhole" tests="2" skipped="0" failures="0" errors="0" timestamp="2017-05-10T18:53:48" hostname="ashu-Lenovo-G50-70" time="0.0">
  <properties/>
  <testcase name="constructor_K" classname="boofcv.struct.calib.TestCameraPinhole" time="0.0"/>
  <testcase name="fsetK" classname="boofcv.struct.calib.TestCameraPinhole" time="0.0"/>
  <system-out><![CDATA[]]></system-out>
  <system-err><![CDATA[]]></system-err>
</testsuite>
