<?xml version="1.0" encoding="UTF-8"?>
<testsuite name="boofcv.alg.geo.pose.TestRelinearlize" tests="2" skipped="0" failures="0" errors="0" timestamp="2017-05-10T18:53:48" hostname="ashu-Lenovo-G50-70" time="0.0">
  <properties/>
  <testcase name="numControl3" classname="boofcv.alg.geo.pose.TestRelinearlize" time="0.0"/>
  <testcase name="numControl4" classname="boofcv.alg.geo.pose.TestRelinearlize" time="0.0"/>
  <system-out><![CDATA[]]></system-out>
  <system-err><![CDATA[]]></system-err>
</testsuite>
