<?xml version="1.0" encoding="UTF-8"?>
<testsuite name="boofcv.alg.geo.rectify.TestRectifyCalibrated" tests="3" skipped="0" failures="0" errors="0" timestamp="2017-05-10T18:53:48" hostname="ashu-Lenovo-G50-70" time="0.006">
  <properties/>
  <testcase name="alignY" classname="boofcv.alg.geo.rectify.TestRectifyCalibrated" time="0.003"/>
  <testcase name="compareWithKnown" classname="boofcv.alg.geo.rectify.TestRectifyCalibrated" time="0.0"/>
  <testcase name="checkEpipolarGeometry" classname="boofcv.alg.geo.rectify.TestRectifyCalibrated" time="0.002"/>
  <system-out><![CDATA[]]></system-out>
  <system-err><![CDATA[]]></system-err>
</testsuite>
