<?xml version="1.0" encoding="UTF-8"?>
<testsuite name="boofcv.alg.geo.f.TestFundamentalLinear7" tests="3" skipped="0" failures="0" errors="0" timestamp="2017-05-10T18:53:48" hostname="ashu-Lenovo-G50-70" time="0.009">
  <properties/>
  <testcase name="computeCoefficients" classname="boofcv.alg.geo.f.TestFundamentalLinear7" time="0.001"/>
  <testcase name="perfectEssential" classname="boofcv.alg.geo.f.TestFundamentalLinear7" time="0.004"/>
  <testcase name="perfectFundamental" classname="boofcv.alg.geo.f.TestFundamentalLinear7" time="0.004"/>
  <system-out><![CDATA[]]></system-out>
  <system-err><![CDATA[]]></system-err>
</testsuite>
