<?xml version="1.0" encoding="UTF-8"?>
<testsuite name="boofcv.alg.geo.f.TestFundamentalLinear8" tests="2" skipped="0" failures="0" errors="0" timestamp="2017-05-10T18:53:48" hostname="ashu-Lenovo-G50-70" time="0.044">
  <properties/>
  <testcase name="perfectEssential" classname="boofcv.alg.geo.f.TestFundamentalLinear8" time="0.025"/>
  <testcase name="perfectFundamental" classname="boofcv.alg.geo.f.TestFundamentalLinear8" time="0.019"/>
  <system-out><![CDATA[]]></system-out>
  <system-err><![CDATA[]]></system-err>
</testsuite>
