<?xml version="1.0" encoding="UTF-8"?>
<testsuite name="boofcv.alg.geo.robust.TestSe3FromEssentialGenerator" tests="1" skipped="0" failures="0" errors="0" timestamp="2017-05-10T18:53:48" hostname="ashu-Lenovo-G50-70" time="0.024">
  <properties/>
  <testcase name="simpleTest" classname="boofcv.alg.geo.robust.TestSe3FromEssentialGenerator" time="0.024"/>
  <system-out><![CDATA[]]></system-out>
  <system-err><![CDATA[]]></system-err>
</testsuite>
