<?xml version="1.0" encoding="UTF-8"?>
<testsuite name="boofcv.alg.distort.spherical.TestPinholeToEquirectangular_F32" tests="2" skipped="0" failures="0" errors="0" timestamp="2017-05-10T18:53:48" hostname="ashu-Lenovo-G50-70" time="0.019">
  <properties/>
  <testcase name="canonicalIsPointedPositiveZ" classname="boofcv.alg.distort.spherical.TestPinholeToEquirectangular_F32" time="0.006"/>
  <testcase name="setDirection" classname="boofcv.alg.distort.spherical.TestPinholeToEquirectangular_F32" time="0.013"/>
  <system-out><![CDATA[]]></system-out>
  <system-err><![CDATA[]]></system-err>
</testsuite>
