<?xml version="1.0" encoding="UTF-8"?>
<testsuite name="boofcv.alg.geo.robust.TestDistanceSe2Sq" tests="2" skipped="0" failures="0" errors="0" timestamp="2017-05-10T18:53:48" hostname="ashu-Lenovo-G50-70" time="0.002">
  <properties/>
  <testcase name="testMultiple" classname="boofcv.alg.geo.robust.TestDistanceSe2Sq" time="0.002"/>
  <testcase name="testSingle" classname="boofcv.alg.geo.robust.TestDistanceSe2Sq" time="0.0"/>
  <system-out><![CDATA[]]></system-out>
  <system-err><![CDATA[]]></system-err>
</testsuite>
