<?xml version="1.0" encoding="UTF-8"?>
<testsuite name="boofcv.abst.geo.fitting.TestModelManagerEpipolarMatrix" tests="2" skipped="0" failures="0" errors="0" timestamp="2017-05-10T18:53:47" hostname="ashu-Lenovo-G50-70" time="0.001">
  <properties/>
  <testcase name="createModelInstance" classname="boofcv.abst.geo.fitting.TestModelManagerEpipolarMatrix" time="0.001"/>
  <testcase name="copyModel" classname="boofcv.abst.geo.fitting.TestModelManagerEpipolarMatrix" time="0.0"/>
  <system-out><![CDATA[]]></system-out>
  <system-err><![CDATA[]]></system-err>
</testsuite>
