<?xml version="1.0" encoding="UTF-8"?>
<testsuite name="boofcv.abst.feature.tracker.TestDetectDescribeAssociate" tests="3" skipped="0" failures="0" errors="0" timestamp="2017-05-10T18:53:46" hostname="ashu-Lenovo-G50-70" time="0.003">
  <properties/>
  <testcase name="dropAllTracks_Recycle" classname="boofcv.abst.feature.tracker.TestDetectDescribeAssociate" time="0.002"/>
  <testcase name="addNewTrack" classname="boofcv.abst.feature.tracker.TestDetectDescribeAssociate" time="0.001"/>
  <testcase name="dropTrack_Recycle" classname="boofcv.abst.feature.tracker.TestDetectDescribeAssociate" time="0.0"/>
  <system-out><![CDATA[]]></system-out>
  <system-err><![CDATA[]]></system-err>
</testsuite>
