<?xml version="1.0" encoding="UTF-8"?>
<testsuite name="boofcv.struct.calib.TestCameraPinholeRadial" tests="5" skipped="0" failures="0" errors="0" timestamp="2017-05-10T18:53:48" hostname="ashu-Lenovo-G50-70" time="0.0">
  <properties/>
  <testcase name="set_radial" classname="boofcv.struct.calib.TestCameraPinholeRadial" time="0.0"/>
  <testcase name="set_pinhole" classname="boofcv.struct.calib.TestCameraPinholeRadial" time="0.0"/>
  <testcase name="isDistorted" classname="boofcv.struct.calib.TestCameraPinholeRadial" time="0.0"/>
  <testcase name="fsetTangental" classname="boofcv.struct.calib.TestCameraPinholeRadial" time="0.0"/>
  <testcase name="fsetRadial" classname="boofcv.struct.calib.TestCameraPinholeRadial" time="0.0"/>
  <system-out><![CDATA[]]></system-out>
  <system-err><![CDATA[]]></system-err>
</testsuite>
