<?xml version="1.0" encoding="UTF-8"?>
<testsuite name="boofcv.alg.distort.TestLensDistortionOps" tests="7" skipped="0" failures="0" errors="0" timestamp="2017-05-10T18:53:48" hostname="ashu-Lenovo-G50-70" time="0.038">
  <properties/>
  <testcase name="transformChangeModel_F32_FULLVIEW" classname="boofcv.alg.distort.TestLensDistortionOps" time="0.023"/>
  <testcase name="boundBoxInside_F32" classname="boofcv.alg.distort.TestLensDistortionOps" time="0.002"/>
  <testcase name="boundBoxInside_F64" classname="boofcv.alg.distort.TestLensDistortionOps" time="0.002"/>
  <testcase name="transformChangeModel_F32_NONE_modified" classname="boofcv.alg.distort.TestLensDistortionOps" time="0.0"/>
  <testcase name="transformChangeModel_F32_EXPAND" classname="boofcv.alg.distort.TestLensDistortionOps" time="0.009"/>
  <testcase name="transformChangeModel_F32_FULLVIEW_modified" classname="boofcv.alg.distort.TestLensDistortionOps" time="0.0"/>
  <testcase name="transformChangeModel_F32_EXPAND_modified" classname="boofcv.alg.distort.TestLensDistortionOps" time="0.0"/>
  <system-out><![CDATA[]]></system-out>
  <system-err><![CDATA[]]></system-err>
</testsuite>
