<?xml version="1.0" encoding="UTF-8"?>
<testsuite name="boofcv.abst.geo.f.TestLeastSquaresFundamental" tests="3" skipped="0" failures="0" errors="0" timestamp="2017-05-10T18:53:47" hostname="ashu-Lenovo-G50-70" time="0.029">
  <properties/>
  <testcase name="incorrectInput" classname="boofcv.abst.geo.f.TestLeastSquaresFundamental" time="0.027"/>
  <testcase name="perfectInput" classname="boofcv.abst.geo.f.TestLeastSquaresFundamental" time="0.002"/>
  <testcase name="checkMarkerInterface" classname="boofcv.abst.geo.f.TestLeastSquaresFundamental" time="0.0"/>
  <system-out><![CDATA[]]></system-out>
  <system-err><![CDATA[]]></system-err>
</testsuite>
