<?xml version="1.0" encoding="UTF-8"?>
<testsuite name="boofcv.struct.geo.TestQueueMatrix" tests="2" skipped="0" failures="0" errors="0" timestamp="2017-05-10T18:53:48" hostname="ashu-Lenovo-G50-70" time="0.0">
  <properties/>
  <testcase name="constructor_regular" classname="boofcv.struct.geo.TestQueueMatrix" time="0.0"/>
  <testcase name="constructor_withmax" classname="boofcv.struct.geo.TestQueueMatrix" time="0.0"/>
  <system-out><![CDATA[]]></system-out>
  <system-err><![CDATA[]]></system-err>
</testsuite>
