<?xml version="1.0" encoding="UTF-8"?>
<testsuite name="boofcv.abst.geo.f.TestWrapEssentialNister5" tests="2" skipped="0" failures="0" errors="0" timestamp="2017-05-10T18:53:47" hostname="ashu-Lenovo-G50-70" time="0.009">
  <properties/>
  <testcase name="checkMinimumPoints" classname="boofcv.abst.geo.f.TestWrapEssentialNister5" time="0.0"/>
  <testcase name="checkConstraint" classname="boofcv.abst.geo.f.TestWrapEssentialNister5" time="0.009"/>
  <system-out><![CDATA[]]></system-out>
  <system-err><![CDATA[]]></system-err>
</testsuite>
