<?xml version="1.0" encoding="UTF-8"?>
<testsuite name="boofcv.alg.geo.robust.TestDistanceSe3SymmetricSq" tests="4" skipped="0" failures="0" errors="0" timestamp="2017-05-10T18:53:48" hostname="ashu-Lenovo-G50-70" time="0.0">
  <properties/>
  <testcase name="testNoisy" classname="boofcv.alg.geo.robust.TestDistanceSe3SymmetricSq" time="0.0"/>
  <testcase name="testPerfect" classname="boofcv.alg.geo.robust.TestDistanceSe3SymmetricSq" time="0.0"/>
  <testcase name="testBehindCamera" classname="boofcv.alg.geo.robust.TestDistanceSe3SymmetricSq" time="0.0"/>
  <testcase name="testIntrinsicParameters" classname="boofcv.alg.geo.robust.TestDistanceSe3SymmetricSq" time="0.0"/>
  <system-out><![CDATA[]]></system-out>
  <system-err><![CDATA[]]></system-err>
</testsuite>
