<?xml version="1.0" encoding="UTF-8"?>
<testsuite name="boofcv.alg.geo.rectify.TestRectifyFundamental" tests="2" skipped="0" failures="0" errors="0" timestamp="2017-05-10T18:53:48" hostname="ashu-Lenovo-G50-70" time="0.002">
  <properties/>
  <testcase name="alignY" classname="boofcv.alg.geo.rectify.TestRectifyFundamental" time="0.002"/>
  <testcase name="checkEpipoles" classname="boofcv.alg.geo.rectify.TestRectifyFundamental" time="0.0"/>
  <system-out><![CDATA[]]></system-out>
  <system-err><![CDATA[]]></system-err>
</testsuite>
