<?xml version="1.0" encoding="UTF-8"?>
<testsuite name="boofcv.abst.geo.bundle.TestBundleAdjustmentCalibratedDense" tests="2" skipped="0" failures="0" errors="0" timestamp="2017-05-10T18:53:47" hostname="ashu-Lenovo-G50-70" time="0.05">
  <properties/>
  <testcase name="perfect" classname="boofcv.abst.geo.bundle.TestBundleAdjustmentCalibratedDense" time="0.045"/>
  <testcase name="noisy" classname="boofcv.abst.geo.bundle.TestBundleAdjustmentCalibratedDense" time="0.005"/>
  <system-out><![CDATA[]]></system-out>
  <system-err><![CDATA[]]></system-err>
</testsuite>
