<?xml version="1.0" encoding="UTF-8"?>
<testsuite name="boofcv.struct.geo.TestTrifocalTensor" tests="5" skipped="0" failures="0" errors="0" timestamp="2017-05-10T18:53:48" hostname="ashu-Lenovo-G50-70" time="0.0">
  <properties/>
  <testcase name="convertFrom" classname="boofcv.struct.geo.TestTrifocalTensor" time="0.0"/>
  <testcase name="normalizeScale" classname="boofcv.struct.geo.TestTrifocalTensor" time="0.0"/>
  <testcase name="convertTo" classname="boofcv.struct.geo.TestTrifocalTensor" time="0.0"/>
  <testcase name="set" classname="boofcv.struct.geo.TestTrifocalTensor" time="0.0"/>
  <testcase name="getT" classname="boofcv.struct.geo.TestTrifocalTensor" time="0.0"/>
  <system-out><![CDATA[]]></system-out>
  <system-err><![CDATA[]]></system-err>
</testsuite>
