<?xml version="1.0" encoding="UTF-8"?>
<testsuite name="boofcv.alg.geo.TestLowLevelMultiViewOps" tests="4" skipped="0" failures="0" errors="0" timestamp="2017-05-10T18:53:48" hostname="ashu-Lenovo-G50-70" time="0.001">
  <properties/>
  <testcase name="computeNormalization" classname="boofcv.alg.geo.TestLowLevelMultiViewOps" time="0.0"/>
  <testcase name="applyPixelNormalization" classname="boofcv.alg.geo.TestLowLevelMultiViewOps" time="0.0"/>
  <testcase name="computeNormalization_three" classname="boofcv.alg.geo.TestLowLevelMultiViewOps" time="0.001"/>
  <testcase name="computeNormalization_two" classname="boofcv.alg.geo.TestLowLevelMultiViewOps" time="0.0"/>
  <system-out><![CDATA[]]></system-out>
  <system-err><![CDATA[]]></system-err>
</testsuite>
