<?xml version="1.0" encoding="UTF-8"?>
<testsuite name="boofcv.alg.distort.radtan.TestLensDistortionRadialTangential" tests="2" skipped="0" failures="0" errors="0" timestamp="2017-05-10T18:53:47" hostname="ashu-Lenovo-G50-70" time="0.003">
  <properties/>
  <testcase name="forwardsBackwards_F32" classname="boofcv.alg.distort.radtan.TestLensDistortionRadialTangential" time="0.002"/>
  <testcase name="forwardsBackwards_F64" classname="boofcv.alg.distort.radtan.TestLensDistortionRadialTangential" time="0.001"/>
  <system-out><![CDATA[]]></system-out>
  <system-err><![CDATA[]]></system-err>
</testsuite>
