<?xml version="1.0" encoding="UTF-8"?>
<testsuite name="boofcv.abst.geo.TestGeoModelEstimatorNto1" tests="4" skipped="0" failures="0" errors="0" timestamp="2017-05-10T18:53:47" hostname="ashu-Lenovo-G50-70" time="0.004">
  <properties/>
  <testcase name="successButNoSolutions" classname="boofcv.abst.geo.TestGeoModelEstimatorNto1" time="0.001"/>
  <testcase name="checkOneSolution" classname="boofcv.abst.geo.TestGeoModelEstimatorNto1" time="0.001"/>
  <testcase name="checkFailed" classname="boofcv.abst.geo.TestGeoModelEstimatorNto1" time="0.0"/>
  <testcase name="checkSelectBestSolution" classname="boofcv.abst.geo.TestGeoModelEstimatorNto1" time="0.001"/>
  <system-out><![CDATA[]]></system-out>
  <system-err><![CDATA[]]></system-err>
</testsuite>
