<?xml version="1.0" encoding="UTF-8"?>
<testsuite name="boofcv.alg.distort.TestNarrowToWidePtoP_F32" tests="3" skipped="0" failures="0" errors="0" timestamp="2017-05-10T18:53:48" hostname="ashu-Lenovo-G50-70" time="0.006">
  <properties/>
  <testcase name="checkFOVBounds" classname="boofcv.alg.distort.TestNarrowToWidePtoP_F32" time="0.006"/>
  <testcase name="rotateCamera" classname="boofcv.alg.distort.TestNarrowToWidePtoP_F32" time="0.0"/>
  <testcase name="centerIsCenter" classname="boofcv.alg.distort.TestNarrowToWidePtoP_F32" time="0.0"/>
  <system-out><![CDATA[]]></system-out>
  <system-err><![CDATA[]]></system-err>
</testsuite>
