<?xml version="1.0" encoding="UTF-8"?>
<testsuite name="boofcv.alg.fiducial.square.TestDetectFiducialSquareBinary" tests="6" skipped="0" failures="0" errors="0" timestamp="2017-05-10T18:54:49" hostname="ashu-Lenovo-G50-70" time="0.002">
  <properties/>
  <testcase name="differentBorderSizes" classname="boofcv.alg.fiducial.square.TestDetectFiducialSquareBinary" time="0.0"/>
  <testcase name="checkGrid3x3" classname="boofcv.alg.fiducial.square.TestDetectFiducialSquareBinary" time="0.0"/>
  <testcase name="checkGrid5x5" classname="boofcv.alg.fiducial.square.TestDetectFiducialSquareBinary" time="0.0"/>
  <testcase name="processSquare_negative" classname="boofcv.alg.fiducial.square.TestDetectFiducialSquareBinary" time="0.001"/>
  <testcase name="processSquare" classname="boofcv.alg.fiducial.square.TestDetectFiducialSquareBinary" time="0.001"/>
  <testcase name="getNumberOfDistinctFiducials" classname="boofcv.alg.fiducial.square.TestDetectFiducialSquareBinary" time="0.0"/>
  <system-out><![CDATA[]]></system-out>
  <system-err><![CDATA[]]></system-err>
</testsuite>
