<?xml version="1.0" encoding="UTF-8"?>
<testsuite name="boofcv.alg.tracker.meanshift.TestLikelihoodHueSatHistInd_PL_U8" tests="4" skipped="0" failures="0" errors="0" timestamp="2017-05-10T18:54:49" hostname="ashu-Lenovo-G50-70" time="0.002">
  <properties/>
  <testcase name="numBins" classname="boofcv.alg.tracker.meanshift.TestLikelihoodHueSatHistInd_PL_U8" time="0.001"/>
  <testcase name="singleColor" classname="boofcv.alg.tracker.meanshift.TestLikelihoodHueSatHistInd_PL_U8" time="0.0"/>
  <testcase name="convertToHueSat" classname="boofcv.alg.tracker.meanshift.TestLikelihoodHueSatHistInd_PL_U8" time="0.0"/>
  <testcase name="multipleColors" classname="boofcv.alg.tracker.meanshift.TestLikelihoodHueSatHistInd_PL_U8" time="0.0"/>
  <system-out><![CDATA[]]></system-out>
  <system-err><![CDATA[]]></system-err>
</testsuite>
