<?xml version="1.0" encoding="UTF-8"?>
<testsuite name="boofcv.alg.fiducial.calib.chess.TestDetectChessSquarePoints" tests="5" skipped="0" failures="0" errors="0" timestamp="2017-05-10T18:54:48" hostname="ashu-Lenovo-G50-70" time="0.077">
  <properties/>
  <testcase name="basicTest" classname="boofcv.alg.fiducial.calib.chess.TestDetectChessSquarePoints" time="0.071"/>
  <testcase name="ensureCCW" classname="boofcv.alg.fiducial.calib.chess.TestDetectChessSquarePoints" time="0.002"/>
  <testcase name="computeCalibrationPoints" classname="boofcv.alg.fiducial.calib.chess.TestDetectChessSquarePoints" time="0.0"/>
  <testcase name="touchImageEdge" classname="boofcv.alg.fiducial.calib.chess.TestDetectChessSquarePoints" time="0.003"/>
  <testcase name="putIntoCanonical" classname="boofcv.alg.fiducial.calib.chess.TestDetectChessSquarePoints" time="0.001"/>
  <system-out><![CDATA[]]></system-out>
  <system-err><![CDATA[]]></system-err>
</testsuite>
