<?xml version="1.0" encoding="UTF-8"?>
<testsuite name="boofcv.alg.fiducial.square.TestQuadPoseEstimator" tests="3" skipped="0" failures="0" errors="0" timestamp="2017-05-10T18:54:49" hostname="ashu-Lenovo-G50-70" time="0.002">
  <properties/>
  <testcase name="basicTest" classname="boofcv.alg.fiducial.square.TestQuadPoseEstimator" time="0.001"/>
  <testcase name="computeErrors" classname="boofcv.alg.fiducial.square.TestQuadPoseEstimator" time="0.0"/>
  <testcase name="estimateP3P" classname="boofcv.alg.fiducial.square.TestQuadPoseEstimator" time="0.001"/>
  <system-out><![CDATA[]]></system-out>
  <system-err><![CDATA[]]></system-err>
</testsuite>
