<?xml version="1.0" encoding="UTF-8"?>
<testsuite name="boofcv.alg.fiducial.calib.circle.TestDetectCircleAsymmetricGrid" tests="6" skipped="0" failures="0" errors="0" timestamp="2017-05-10T18:54:49" hostname="ashu-Lenovo-G50-70" time="0.048">
  <properties/>
  <testcase name="putGridIntoCanonical_vertical" classname="boofcv.alg.fiducial.calib.circle.TestDetectCircleAsymmetricGrid" time="0.001"/>
  <testcase name="process_negative" classname="boofcv.alg.fiducial.calib.circle.TestDetectCircleAsymmetricGrid" time="0.006"/>
  <testcase name="putGridIntoCanonical_rotate" classname="boofcv.alg.fiducial.calib.circle.TestDetectCircleAsymmetricGrid" time="0.001"/>
  <testcase name="process_rotated" classname="boofcv.alg.fiducial.calib.circle.TestDetectCircleAsymmetricGrid" time="0.006"/>
  <testcase name="putGridIntoCanonical_horizontal" classname="boofcv.alg.fiducial.calib.circle.TestDetectCircleAsymmetricGrid" time="0.001"/>
  <testcase name="process_easy" classname="boofcv.alg.fiducial.calib.circle.TestDetectCircleAsymmetricGrid" time="0.033"/>
  <system-out><![CDATA[]]></system-out>
  <system-err><![CDATA[]]></system-err>
</testsuite>
