<?xml version="1.0" encoding="UTF-8"?>
<testsuite name="boofcv.alg.tracker.tld.TestTldVarianceFilter" tests="4" skipped="0" failures="0" errors="0" timestamp="2017-05-10T18:54:49" hostname="ashu-Lenovo-G50-70" time="0.002">
  <properties/>
  <testcase name="selectThreshold" classname="boofcv.alg.tracker.tld.TestTldVarianceFilter" time="0.0"/>
  <testcase name="computeVariance" classname="boofcv.alg.tracker.tld.TestTldVarianceFilter" time="0.0"/>
  <testcase name="transformSq_U8" classname="boofcv.alg.tracker.tld.TestTldVarianceFilter" time="0.0"/>
  <testcase name="transformSq_F32" classname="boofcv.alg.tracker.tld.TestTldVarianceFilter" time="0.001"/>
  <system-out><![CDATA[]]></system-out>
  <system-err><![CDATA[]]></system-err>
</testsuite>
