<?xml version="1.0" encoding="UTF-8"?>
<testsuite name="boofcv.alg.fiducial.calib.squares.TestSquareGrid" tests="3" skipped="0" failures="0" errors="0" timestamp="2017-05-10T18:54:49" hostname="ashu-Lenovo-G50-70" time="0.0">
  <properties/>
  <testcase name="getCornerIndex" classname="boofcv.alg.fiducial.calib.squares.TestSquareGrid" time="0.0"/>
  <testcase name="getCornerByIndex" classname="boofcv.alg.fiducial.calib.squares.TestSquareGrid" time="0.0"/>
  <testcase name="get" classname="boofcv.alg.fiducial.calib.squares.TestSquareGrid" time="0.0"/>
  <system-out><![CDATA[]]></system-out>
  <system-err><![CDATA[]]></system-err>
</testsuite>
