<?xml version="1.0" encoding="UTF-8"?>
<testsuite name="boofcv.alg.tracker.tld.TestTldFernClassifier" tests="6" skipped="0" failures="0" errors="0" timestamp="2017-05-10T18:54:49" hostname="ashu-Lenovo-G50-70" time="0.002">
  <properties/>
  <testcase name="renormalizeN" classname="boofcv.alg.tracker.tld.TestTldFernClassifier" time="0.0"/>
  <testcase name="renormalizeP" classname="boofcv.alg.tracker.tld.TestTldFernClassifier" time="0.0"/>
  <testcase name="computeFernValue" classname="boofcv.alg.tracker.tld.TestTldFernClassifier" time="0.0"/>
  <testcase name="learnFern" classname="boofcv.alg.tracker.tld.TestTldFernClassifier" time="0.0"/>
  <testcase name="learnFernNoise" classname="boofcv.alg.tracker.tld.TestTldFernClassifier" time="0.0"/>
  <testcase name="computeFernValueRand" classname="boofcv.alg.tracker.tld.TestTldFernClassifier" time="0.001"/>
  <system-out><![CDATA[]]></system-out>
  <system-err><![CDATA[]]></system-err>
</testsuite>
