<?xml version="1.0" encoding="UTF-8"?>
<testsuite name="boofcv.deepboof.TestClipAndReduce" tests="3" skipped="0" failures="0" errors="0" timestamp="2017-05-10T18:54:49" hostname="ashu-Lenovo-G50-70" time="0.003">
  <properties/>
  <testcase name="massage_scaled" classname="boofcv.deepboof.TestClipAndReduce" time="0.002"/>
  <testcase name="clipInput" classname="boofcv.deepboof.TestClipAndReduce" time="0.001"/>
  <testcase name="massage_clipped" classname="boofcv.deepboof.TestClipAndReduce" time="0.0"/>
  <system-out><![CDATA[]]></system-out>
  <system-err><![CDATA[]]></system-err>
</testsuite>
