<?xml version="1.0" encoding="UTF-8"?>
<testsuite name="boofcv.alg.fiducial.calib.circle.TestDetectCircleRegularGrid" tests="4" skipped="0" failures="0" errors="0" timestamp="2017-05-10T18:54:49" hostname="ashu-Lenovo-G50-70" time="0.064">
  <properties/>
  <testcase name="process_negative" classname="boofcv.alg.fiducial.calib.circle.TestDetectCircleRegularGrid" time="0.017"/>
  <testcase name="putGridIntoCanonical_flip" classname="boofcv.alg.fiducial.calib.circle.TestDetectCircleRegularGrid" time="0.0"/>
  <testcase name="process_rotated" classname="boofcv.alg.fiducial.calib.circle.TestDetectCircleRegularGrid" time="0.014"/>
  <testcase name="process_easy" classname="boofcv.alg.fiducial.calib.circle.TestDetectCircleRegularGrid" time="0.032"/>
  <system-out><![CDATA[]]></system-out>
  <system-err><![CDATA[]]></system-err>
</testsuite>
