<?xml version="1.0" encoding="UTF-8"?>
<testsuite name="boofcv.alg.fiducial.calib.TestDetectFiducialSquareGrid" tests="1" skipped="0" failures="0" errors="0" timestamp="2017-05-10T18:54:49" hostname="ashu-Lenovo-G50-70" time="0.004">
  <properties/>
  <testcase name="simple" classname="boofcv.alg.fiducial.calib.TestDetectFiducialSquareGrid" time="0.004"/>
  <system-out><![CDATA[]]></system-out>
  <system-err><![CDATA[]]></system-err>
</testsuite>
