<?xml version="1.0" encoding="UTF-8"?>
<testsuite name="boofcv.alg.fiducial.calib.circle.TestDetectCircleGrid" tests="4" skipped="0" failures="0" errors="0" timestamp="2017-05-10T18:54:49" hostname="ashu-Lenovo-G50-70" time="0.001">
  <properties/>
  <testcase name="closestCorner4" classname="boofcv.alg.fiducial.calib.circle.TestDetectCircleGrid" time="0.0"/>
  <testcase name="rotateGridCCW" classname="boofcv.alg.fiducial.calib.circle.TestDetectCircleGrid" time="0.0"/>
  <testcase name="pruneIncorrectShape" classname="boofcv.alg.fiducial.calib.circle.TestDetectCircleGrid" time="0.0"/>
  <testcase name="pruneIncorrectSize" classname="boofcv.alg.fiducial.calib.circle.TestDetectCircleGrid" time="0.0"/>
  <system-out><![CDATA[]]></system-out>
  <system-err><![CDATA[]]></system-err>
</testsuite>
