<?xml version="1.0" encoding="UTF-8"?>
<testsuite name="boofcv.abst.fiducial.calib.TestCalibrationDetectorCircleRegularGrid" tests="7" skipped="0" failures="0" errors="0" timestamp="2017-05-10T18:54:34" hostname="ashu-Lenovo-G50-70" time="0.173">
  <properties/>
  <testcase name="checkPointIndexIncreasingOrder" classname="boofcv.abst.fiducial.calib.TestCalibrationDetectorCircleRegularGrid" time="0.03"/>
  <testcase name="dataNotRecycled" classname="boofcv.abst.fiducial.calib.TestCalibrationDetectorCircleRegularGrid" time="0.032"/>
  <testcase name="checkDetectionsResetOnFailure" classname="boofcv.abst.fiducial.calib.TestCalibrationDetectorCircleRegularGrid" time="0.031"/>
  <testcase name="distorted" classname="boofcv.abst.fiducial.calib.TestCalibrationDetectorCircleRegularGrid" time="0.045"/>
  <testcase name="undistorted" classname="boofcv.abst.fiducial.calib.TestCalibrationDetectorCircleRegularGrid" time="0.019"/>
  <testcase name="targetIsCentered" classname="boofcv.abst.fiducial.calib.TestCalibrationDetectorCircleRegularGrid" time="0.003"/>
  <testcase name="checkDetectionsNotNull" classname="boofcv.abst.fiducial.calib.TestCalibrationDetectorCircleRegularGrid" time="0.01"/>
  <system-out><![CDATA[]]></system-out>
  <system-err><![CDATA[]]></system-err>
</testsuite>
