<?xml version="1.0" encoding="UTF-8"?>
<testsuite name="boofcv.alg.tracker.tld.TestTldNonMaximalSuppression" tests="1" skipped="0" failures="0" errors="0" timestamp="2017-05-10T18:54:49" hostname="ashu-Lenovo-G50-70" time="0.0">
  <properties/>
  <testcase name="process" classname="boofcv.alg.tracker.tld.TestTldNonMaximalSuppression" time="0.0"/>
  <system-out><![CDATA[]]></system-out>
  <system-err><![CDATA[]]></system-err>
</testsuite>
