<?xml version="1.0" encoding="UTF-8"?>
<testsuite name="boofcv.abst.fiducial.calib.TestCalibrationDetectorCircleAsymmGrid" tests="7" skipped="0" failures="0" errors="0" timestamp="2017-05-10T18:54:34" hostname="ashu-Lenovo-G50-70" time="0.36">
  <properties/>
  <testcase name="checkPointIndexIncreasingOrder" classname="boofcv.abst.fiducial.calib.TestCalibrationDetectorCircleAsymmGrid" time="0.194"/>
  <testcase name="dataNotRecycled" classname="boofcv.abst.fiducial.calib.TestCalibrationDetectorCircleAsymmGrid" time="0.062"/>
  <testcase name="checkDetectionsResetOnFailure" classname="boofcv.abst.fiducial.calib.TestCalibrationDetectorCircleAsymmGrid" time="0.033"/>
  <testcase name="distorted" classname="boofcv.abst.fiducial.calib.TestCalibrationDetectorCircleAsymmGrid" time="0.032"/>
  <testcase name="undistorted" classname="boofcv.abst.fiducial.calib.TestCalibrationDetectorCircleAsymmGrid" time="0.018"/>
  <testcase name="targetIsCentered" classname="boofcv.abst.fiducial.calib.TestCalibrationDetectorCircleAsymmGrid" time="0.003"/>
  <testcase name="checkDetectionsNotNull" classname="boofcv.abst.fiducial.calib.TestCalibrationDetectorCircleAsymmGrid" time="0.015"/>
  <system-out><![CDATA[]]></system-out>
  <system-err><![CDATA[]]></system-err>
</testsuite>
