<?xml version="1.0" encoding="UTF-8"?>
<testsuite name="boofcv.alg.tracker.tld.TestTldRegionTracker" tests="3" skipped="0" failures="0" errors="0" timestamp="2017-05-10T18:54:49" hostname="ashu-Lenovo-G50-70" time="0.017">
  <properties/>
  <testcase name="spawnGrid_fail" classname="boofcv.alg.tracker.tld.TestTldRegionTracker" time="0.001"/>
  <testcase name="spawnGrid" classname="boofcv.alg.tracker.tld.TestTldRegionTracker" time="0.001"/>
  <testcase name="process" classname="boofcv.alg.tracker.tld.TestTldRegionTracker" time="0.014"/>
  <system-out><![CDATA[]]></system-out>
  <system-err><![CDATA[]]></system-err>
</testsuite>
