<?xml version="1.0" encoding="UTF-8"?>
<testsuite name="boofcv.alg.scene.TestFeatureToWordHistogram_F64" tests="4" skipped="0" failures="0" errors="0" timestamp="2017-05-10T18:54:49" hostname="ashu-Lenovo-G50-70" time="0.001">
  <properties/>
  <testcase name="getTotalWords" classname="boofcv.alg.scene.TestFeatureToWordHistogram_F64" time="0.001"/>
  <testcase name="reset" classname="boofcv.alg.scene.TestFeatureToWordHistogram_F64" time="0.0"/>
  <testcase name="simpleTest_hard" classname="boofcv.alg.scene.TestFeatureToWordHistogram_F64" time="0.0"/>
  <testcase name="simpleTest_soft" classname="boofcv.alg.scene.TestFeatureToWordHistogram_F64" time="0.0"/>
  <system-out><![CDATA[]]></system-out>
  <system-err><![CDATA[]]></system-err>
</testsuite>
