<?xml version="1.0" encoding="UTF-8"?>
<testsuite name="boofcv.deepboof.TestImageClassifierNiNImageNet" tests="1" skipped="0" failures="0" errors="0" timestamp="2017-05-10T18:54:49" hostname="ashu-Lenovo-G50-70" time="0.071">
  <properties/>
  <testcase name="checkForBlowUp" classname="boofcv.deepboof.TestImageClassifierNiNImageNet" time="0.071"/>
  <system-out><![CDATA[]]></system-out>
  <system-err><![CDATA[]]></system-err>
</testsuite>
