<?xml version="1.0" encoding="UTF-8"?>
<testsuite name="boofcv.alg.fiducial.calib.squares.TestSquareCrossClustersIntoGrids" tests="8" skipped="0" failures="0" errors="0" timestamp="2017-05-10T18:54:49" hostname="ashu-Lenovo-G50-70" time="0.002">
  <properties/>
  <testcase name="processCluster_positive" classname="boofcv.alg.fiducial.calib.squares.TestSquareCrossClustersIntoGrids" time="0.001"/>
  <testcase name="isOpenEdge" classname="boofcv.alg.fiducial.calib.squares.TestSquareCrossClustersIntoGrids" time="0.0"/>
  <testcase name="addToRow" classname="boofcv.alg.fiducial.calib.squares.TestSquareCrossClustersIntoGrids" time="0.0"/>
  <testcase name="addNextRow" classname="boofcv.alg.fiducial.calib.squares.TestSquareCrossClustersIntoGrids" time="0.001"/>
  <testcase name="numberOfOpenEdges" classname="boofcv.alg.fiducial.calib.squares.TestSquareCrossClustersIntoGrids" time="0.0"/>
  <testcase name="findSeedNode" classname="boofcv.alg.fiducial.calib.squares.TestSquareCrossClustersIntoGrids" time="0.0"/>
  <testcase name="lowerEdgeIndex" classname="boofcv.alg.fiducial.calib.squares.TestSquareCrossClustersIntoGrids" time="0.0"/>
  <testcase name="firstRow1and2" classname="boofcv.alg.fiducial.calib.squares.TestSquareCrossClustersIntoGrids" time="0.0"/>
  <system-out><![CDATA[]]></system-out>
  <system-err><![CDATA[]]></system-err>
</testsuite>
