<?xml version="1.0" encoding="UTF-8"?>
<testsuite name="boofcv.abst.fiducial.calib.TestCalibrationDetectorSquareGrid" tests="8" skipped="0" failures="0" errors="0" timestamp="2017-05-10T18:54:34" hostname="ashu-Lenovo-G50-70" time="0.049">
  <properties/>
  <testcase name="createLayout" classname="boofcv.abst.fiducial.calib.TestCalibrationDetectorSquareGrid" time="0.001"/>
  <testcase name="checkPointIndexIncreasingOrder" classname="boofcv.abst.fiducial.calib.TestCalibrationDetectorSquareGrid" time="0.02"/>
  <testcase name="dataNotRecycled" classname="boofcv.abst.fiducial.calib.TestCalibrationDetectorSquareGrid" time="0.007"/>
  <testcase name="checkDetectionsResetOnFailure" classname="boofcv.abst.fiducial.calib.TestCalibrationDetectorSquareGrid" time="0.006"/>
  <testcase name="distorted" classname="boofcv.abst.fiducial.calib.TestCalibrationDetectorSquareGrid" time="0.007"/>
  <testcase name="undistorted" classname="boofcv.abst.fiducial.calib.TestCalibrationDetectorSquareGrid" time="0.003"/>
  <testcase name="targetIsCentered" classname="boofcv.abst.fiducial.calib.TestCalibrationDetectorSquareGrid" time="0.0"/>
  <testcase name="checkDetectionsNotNull" classname="boofcv.abst.fiducial.calib.TestCalibrationDetectorSquareGrid" time="0.003"/>
  <system-out><![CDATA[]]></system-out>
  <system-err><![CDATA[]]></system-err>
</testsuite>
