<?xml version="1.0" encoding="UTF-8"?>
<testsuite name="boofcv.alg.fiducial.square.TestDetectFiducialSquareImage" tests="5" skipped="0" failures="0" errors="0" timestamp="2017-05-10T18:54:49" hostname="ashu-Lenovo-G50-70" time="0.006">
  <properties/>
  <testcase name="binaryToDef" classname="boofcv.alg.fiducial.square.TestDetectFiducialSquareImage" time="0.0"/>
  <testcase name="checkDifferentBorder" classname="boofcv.alg.fiducial.square.TestDetectFiducialSquareImage" time="0.002"/>
  <testcase name="hamming" classname="boofcv.alg.fiducial.square.TestDetectFiducialSquareImage" time="0.0"/>
  <testcase name="addPattern" classname="boofcv.alg.fiducial.square.TestDetectFiducialSquareImage" time="0.0"/>
  <testcase name="processSquare" classname="boofcv.alg.fiducial.square.TestDetectFiducialSquareImage" time="0.003"/>
  <system-out><![CDATA[]]></system-out>
  <system-err><![CDATA[]]></system-err>
</testsuite>
