<?xml version="1.0" encoding="UTF-8"?>
<testsuite name="boofcv.alg.tracker.meanshift.TestTrackerMeanShiftComaniciu2003" tests="3" skipped="0" failures="0" errors="0" timestamp="2017-05-10T18:54:49" hostname="ashu-Lenovo-G50-70" time="0.045">
  <properties/>
  <testcase name="updateLocation" classname="boofcv.alg.tracker.meanshift.TestTrackerMeanShiftComaniciu2003" time="0.022"/>
  <testcase name="track" classname="boofcv.alg.tracker.meanshift.TestTrackerMeanShiftComaniciu2003" time="0.022"/>
  <testcase name="distanceHistogram" classname="boofcv.alg.tracker.meanshift.TestTrackerMeanShiftComaniciu2003" time="0.001"/>
  <system-out><![CDATA[]]></system-out>
  <system-err><![CDATA[]]></system-err>
</testsuite>
