<?xml version="1.0" encoding="UTF-8"?>
<testsuite name="boofcv.alg.fiducial.square.TestBaseDetectFiducialSquare" tests="4" skipped="0" failures="0" errors="0" timestamp="2017-05-10T18:54:49" hostname="ashu-Lenovo-G50-70" time="0.139">
  <properties/>
  <testcase name="intrinsicNotSet" classname="boofcv.alg.fiducial.square.TestBaseDetectFiducialSquare" time="0.012"/>
  <testcase name="computeFractionBoundary" classname="boofcv.alg.fiducial.square.TestBaseDetectFiducialSquare" time="0.0"/>
  <testcase name="findPatternEasy" classname="boofcv.alg.fiducial.square.TestBaseDetectFiducialSquare" time="0.035"/>
  <testcase name="lensRemoval" classname="boofcv.alg.fiducial.square.TestBaseDetectFiducialSquare" time="0.09"/>
  <system-out><![CDATA[]]></system-out>
  <system-err><![CDATA[]]></system-err>
</testsuite>
