<?xml version="1.0" encoding="UTF-8"?>
<testsuite name="boofcv.abst.fiducial.calib.TestCalibrationDetectorChessboard" tests="8" skipped="0" failures="0" errors="0" timestamp="2017-05-10T18:54:33" hostname="ashu-Lenovo-G50-70" time="0.341">
  <properties/>
  <testcase name="createLayout" classname="boofcv.abst.fiducial.calib.TestCalibrationDetectorChessboard" time="0.087"/>
  <testcase name="checkPointIndexIncreasingOrder" classname="boofcv.abst.fiducial.calib.TestCalibrationDetectorChessboard" time="0.062"/>
  <testcase name="dataNotRecycled" classname="boofcv.abst.fiducial.calib.TestCalibrationDetectorChessboard" time="0.034"/>
  <testcase name="checkDetectionsResetOnFailure" classname="boofcv.abst.fiducial.calib.TestCalibrationDetectorChessboard" time="0.019"/>
  <testcase name="distorted" classname="boofcv.abst.fiducial.calib.TestCalibrationDetectorChessboard" time="0.125"/>
  <testcase name="undistorted" classname="boofcv.abst.fiducial.calib.TestCalibrationDetectorChessboard" time="0.009"/>
  <testcase name="targetIsCentered" classname="boofcv.abst.fiducial.calib.TestCalibrationDetectorChessboard" time="0.001"/>
  <testcase name="checkDetectionsNotNull" classname="boofcv.abst.fiducial.calib.TestCalibrationDetectorChessboard" time="0.003"/>
  <system-out><![CDATA[]]></system-out>
  <system-err><![CDATA[]]></system-err>
</testsuite>
