<?xml version="1.0" encoding="UTF-8"?>
<testsuite name="boofcv.abst.fiducial.TestCalibrationFiducialDetector" tests="9" skipped="0" failures="0" errors="0" timestamp="2017-05-10T18:54:34" hostname="ashu-Lenovo-G50-70" time="1.157">
  <properties/>
  <testcase name="checkRemoveIntrinsic" classname="boofcv.abst.fiducial.TestCalibrationFiducialDetector" time="0.295"/>
  <testcase name="modifyInput" classname="boofcv.abst.fiducial.TestCalibrationFiducialDetector" time="0.125"/>
  <testcase name="checkStability" classname="boofcv.abst.fiducial.TestCalibrationFiducialDetector" time="0.298"/>
  <testcase name="checkImageLocation" classname="boofcv.abst.fiducial.TestCalibrationFiducialDetector" time="0.083"/>
  <testcase name="checkSubImage" classname="boofcv.abst.fiducial.TestCalibrationFiducialDetector" time="0.077"/>
  <testcase name="is3dWithNoIntrinsic" classname="boofcv.abst.fiducial.TestCalibrationFiducialDetector" time="0.001"/>
  <testcase name="clearLensDistortion" classname="boofcv.abst.fiducial.TestCalibrationFiducialDetector" time="0.098"/>
  <testcase name="checkMultipleRuns" classname="boofcv.abst.fiducial.TestCalibrationFiducialDetector" time="0.074"/>
  <testcase name="checkHandleNewIntrinsic" classname="boofcv.abst.fiducial.TestCalibrationFiducialDetector" time="0.096"/>
  <system-out><![CDATA[]]></system-out>
  <system-err><![CDATA[]]></system-err>
</testsuite>
