<?xml version="1.0" encoding="UTF-8"?>
<testsuite name="boofcv.abst.fiducial.calib.TestCalibrationDetectorSquareFiducialGrid" tests="8" skipped="0" failures="0" errors="0" timestamp="2017-05-10T18:54:34" hostname="ashu-Lenovo-G50-70" time="0.212">
  <properties/>
  <testcase name="createLayout" classname="boofcv.abst.fiducial.calib.TestCalibrationDetectorSquareFiducialGrid" time="0.051"/>
  <testcase name="checkPointIndexIncreasingOrder" classname="boofcv.abst.fiducial.calib.TestCalibrationDetectorSquareFiducialGrid" time="0.028"/>
  <testcase name="dataNotRecycled" classname="boofcv.abst.fiducial.calib.TestCalibrationDetectorSquareFiducialGrid" time="0.04"/>
  <testcase name="checkDetectionsResetOnFailure" classname="boofcv.abst.fiducial.calib.TestCalibrationDetectorSquareFiducialGrid" time="0.039"/>
  <testcase name="distorted" classname="boofcv.abst.fiducial.calib.TestCalibrationDetectorSquareFiducialGrid" time="0.025"/>
  <testcase name="undistorted" classname="boofcv.abst.fiducial.calib.TestCalibrationDetectorSquareFiducialGrid" time="0.016"/>
  <testcase name="targetIsCentered" classname="boofcv.abst.fiducial.calib.TestCalibrationDetectorSquareFiducialGrid" time="0.002"/>
  <testcase name="checkDetectionsNotNull" classname="boofcv.abst.fiducial.calib.TestCalibrationDetectorSquareFiducialGrid" time="0.011"/>
  <system-out><![CDATA[]]></system-out>
  <system-err><![CDATA[]]></system-err>
</testsuite>
